  498935
 73  1771
 72  3189
 71 72  1771
 70 71  3261
 68  4149
 67  435
 62  6545
 61 64  21
 60  7125
 59 62  203
 59 60 64  13
 59 60 62  7
 43 44  2319
 25  2393
 24  5183
 24 64  217
 24 62  109
 23  923
 9  571
 0  175
 76  1801
 75  1051
 74  101
 72 73  101
 72 73 75  23
 72 73 74  23
 64 75  37
 62 73 74  41
 61 62 75  91
 60 61 73 74  41
 60 61 63  75
 60 61 63 75  25
 60 61 62  87
 60 61 62 75  25
 58 76  1
 58 75  33
 58 74  3
 58 72 73  3
 58 72 73 75  1
 58 72 73 74  1
 58 71  3
 58 69 70  3
 58 68  1
 58 64  9
 58 64 75  1
 58 64 73 74  1
 58 63  23
 58 63 75  3
 58 63 73 74  3
 58 62  61
 58 62 75  1
 58 62 73 74  1
 58 61  1
 58 60 61 75  1
 58 60 61 73 74  1
 58 60 61 63  5
 58 60 61 63 75  1
 58 60 61 63 73 74  1
 58 60 61 62  5
 58 60 61 62 75  1
 58 60 61 62 73 74  1
 58 59 60  17
 49 75  37
 49 58 75  1
 49 58 73 74  1
 48  1075
 48 74  23
 48 72 73  23
 48 64  37
 48 61 62  91
 48 60 61 63  25
 48 60 61 62  25
 48 58  33
 48 58 74  1
 48 58 72 73  1
 48 58 64  1
 48 58 63  3
 48 58 62  1
 48 58 60 61  1
 48 58 60 61 63  1
 48 58 60 61 62  1
 48 49  81
 48 49 58  1
 47  101
 47 75  23
 47 73 74  23
 47 58  3
 47 58 75  1
 47 58 73 74  1
 47 48 73 74  27
 47 48 58  7
 47 48 58 75  1
 47 48 58 73 74  1
 44 58  3
 37 75  25
 37 58  5
 37 58 75  1
 37 58 73 74  1
 37 48  25
 37 48 58  1
 36 62 75  25
 36 60 61  75
 36 60 61 75  25
 36 58  23
 36 58 75  3
 36 58 73 74  3
 36 58 62  5
 36 58 62 75  1
 36 58 62 73 74  1
 36 58 60 61  5
 36 58 60 61 75  1
 36 58 60 61 73 74  1
 36 48 62  25
 36 48 60 61  25
 36 48 58  3
 36 48 58 62  1
 36 48 58 60 61  1
 35  1333
 35 73 74  41
 35 63 75  25
 35 61 62  75
 35 61 62 75  25
 35 58 75  1
 35 58 73 74  1
 35 58 63  5
 35 58 63 75  1
 35 58 63 73 74  1
 35 58 61 62  5
 35 58 61 62 75  1
 35 58 61 62 73 74  1
 35 48 63  25
 35 48 61 62  25
 35 48 58  1
 35 48 58 63  1
 35 48 58 61 62  1
 35 36 75  25
 35 36 58  5
 35 36 58 75  1
 35 36 58 73 74  1
 35 36 48  25
 35 36 48 58  1
 34 58  1
 22 75  25
 22 58  5
 22 58 75  1
 22 58 73 74  1
 22 48  25
 22 48 58  1
 17  1095
 17 58  1
 78  21
 77  277
 76 77  21
 75 76  291
 77 78 79  3
 66  199
 64 65  3
 55 62  1
 54 62  1
 53  45
 53 79  3
 53 77 78  3
 52 78 79  3
 52 53  3
 39  3
 27  249
 25 26  3
 60 61 77  3
 60 61 75 76  3
 50 62  5
 35 77  3
 35 75 76  3
 22 62  3
 22 60 61  3
 22 35  3
 56 57  1701
 31  1053
 44 45  25
 43 44 59  147
 19  13
 11  2147
 10 45  69
 10 43 44  45
 10 18  45
 66 67  245
 41  2009
 65 66  91
 51 67  7
 51 65 66  7
 51 63  11
 50 67  7
 50 65 66  7
 49 50  71
 49 50 67  7
 49 50 65 66  7
 49 50 63  11
 48 49 74  3
 48 49 72 73  3
 48 49 67  7
 48 49 65 66  7
 47 48 49  5
 40  91
 40 51  7
 40 50  7
 40 49 50  7
 40 48 49  7
 36 51  11
 36 49 50  11
 24 67  7
 24 65 66  7
 24 63  11
 24 40  7
 24 36  11
 23 67  7
 23 65 66  7
 23 40  7
 45 59 71  3
 45 59 69 70  3
 44 45 59  3
 43 44 59 71  3
 43 44 59 69 70  3
 24 45  33
 24 45 59  3
 24 43 44  33
 24 43 44 59  3
 18 59 71  3
 18 59 69 70  3
 18 44 59  3
 18 24  33
 18 24 59  3
 10 45 59  3
 10 43 44 59  3
 10 18 59  3
 67 75  13
 67 73 74  13
 65 66 75  13
 65 66 73 74  13
 48 67  13
 48 65 66  13
 40 75  13
 40 73 74  13
 40 48  13
 8  1033
 51 64  3
 51 60 61  1
 51 60 61 63  1
 51 60 61 62  1
 50 64  3
 50 63  1
 50 60 61 63  1
 50 60 61 62  1
 49 51  1
 49 50 64  1
 49 50 62  1
 49 50 60 61  1
 49 50 60 61 63  1
 49 50 60 61 62  1
 48 49 64  1
 48 49 63  1
 48 49 62  1
 48 49 60 61  1
 48 49 60 61 63  1
 48 49 60 61 62  1
 47 48 51  1
 47 48 50  1
 47 48 49 50  1
 37 51  1
 37 50  1
 37 49 50  1
 37 48 49  1
 36 51 62  1
 36 51 60 61  1
 36 50  1
 36 50 62  1
 36 50 60 61  1
 36 49 50 62  1
 36 49 50 60 61  1
 36 48 49  1
 36 48 49 62  1
 36 48 49 60 61  1
 35 51  1
 35 51 63  1
 35 51 61 62  1
 35 50 63  1
 35 50 61 62  1
 35 49 50  1
 35 49 50 63  1
 35 49 50 61 62  1
 35 48 49  1
 35 48 49 63  1
 35 48 49 61 62  1
 35 36 51  1
 35 36 50  1
 35 36 49 50  1
 35 36 48 49  1
 24 60 61  1
 24 60 61 63  1
 24 60 61 62  1
 24 49  1
 24 47 48  1
 24 37  1
 24 36 62  1
 24 36 60 61  1
 24 35  1
 24 35 63  1
 24 35 61 62  1
 24 35 36  1
 23 64  1
 23 63  1
 23 62  1
 23 60 61  1
 23 60 61 63  1
 23 60 61 62  1
 23 49  1
 23 47 48  1
 23 37  1
 23 36  1
 23 36 62  1
 23 36 60 61  1
 23 35  1
 23 35 63  1
 23 35 61 62  1
 23 35 36  1
 22 51  1
 22 50  1
 22 49 50  1
 22 48 49  1
 22 24  1
 22 23  1
 62 78  1
 62 76 77  1
 62 67 75  1
 62 67 73 74  1
 62 65 66 75  1
 62 65 66 73 74  1
 60 61 67 75  1
 60 61 67 73 74  1
 60 61 65 66 75  1
 60 61 65 66 73 74  1
 48 62 67  1
 48 62 65 66  1
 48 60 61 67  1
 48 60 61 65 66  1
 40 62 75  1
 40 62 73 74  1
 40 60 61 75  1
 40 60 61 73 74  1
 40 48 62  1
 40 48 60 61  1
 35 67 75  1
 35 67 73 74  1
 35 65 66 75  1
 35 65 66 73 74  1
 35 48 67  1
 35 48 65 66  1
 35 40 75  1
 35 40 73 74  1
 35 40 48  1
 62 76  7
 60 61 76  7
 59 62 76  3
 59 62 74 75  3
 59 60 61  9
 59 60 61 76  3
 59 60 61 74 75  3
 49 74  5
 49 72 73  5
 49 59 62  3
 49 59 60 61  3
 47 49  5
 35 76  7
 35 59 76  3
 35 59 74 75  3
 35 49 59  3
 45 58 60  1
 43 44 58 60  1
 18 58 60  1
 64 76  1
 64 74  3
 64 72 73  3
 64 72 73 75  1
 64 72 73 74  1
 62 72 73 75  1
 62 72 73 74  1
 61 62 76  3
 61 62 74  7
 61 62 72 73  7
 61 62 72 73 75  3
 61 62 72 73 74  3
 60 61 72 73 75  1
 60 61 72 73 74  1
 60 61 63 76  1
 60 61 63 74  3
 60 61 63 72 73  3
 60 61 63 72 73 75  1
 60 61 63 72 73 74  1
 60 61 62 76  1
 60 61 62 74  3
 60 61 62 72 73  3
 60 61 62 72 73 75  1
 60 61 62 72 73 74  1
 59 60 61 63  1
 49 76  1
 49 72 73 75  1
 49 72 73 74  1
 49 64  1
 49 61  1
 49 61 62  3
 49 60 61 63  1
 49 60 61 62  1
 49 59 60  1
 48 64 74  1
 48 64 72 73  1
 48 62 74  1
 48 62 72 73  1
 48 61 62 74  3
 48 61 62 72 73  3
 48 60 61 74  1
 48 60 61 72 73  1
 48 60 61 63 74  1
 48 60 61 63 72 73  1
 48 60 61 62 74  1
 48 60 61 62 72 73  1
 47 64  3
 47 64 75  1
 47 64 73 74  1
 47 62 75  1
 47 62 73 74  1
 47 61 62  7
 47 61 62 75  3
 47 61 62 73 74  3
 47 60 61 75  1
 47 60 61 73 74  1
 47 60 61 63  3
 47 60 61 63 75  1
 47 60 61 63 73 74  1
 47 60 61 62  3
 47 60 61 62 75  1
 47 60 61 62 73 74  1
 47 49 75  1
 47 49 73 74  1
 47 48 76  1
 47 48 72 73 75  1
 47 48 72 73 74  1
 47 48 64  1
 47 48 61  1
 47 48 61 62  3
 47 48 60 61 63  1
 47 48 60 61 62  1
 47 48 59 60  1
 37 76  1
 37 74  3
 37 72 73  3
 37 72 73 75  1
 37 72 73 74  1
 37 61  1
 37 59 60  1
 37 49  1
 37 48 74  1
 37 48 72 73  1
 37 47  3
 37 47 75  1
 37 47 73 74  1
 37 47 48  1
 36 62 76  1
 36 62 74  3
 36 62 72 73  3
 36 62 72 73 75  1
 36 62 72 73 74  1
 36 61 62  1
 36 60 61 76  1
 36 60 61 74  3
 36 60 61 72 73  3
 36 60 61 72 73 75  1
 36 60 61 72 73 74  1
 36 59 60 62  1
 36 59 60 61  1
 36 49 62  1
 36 49 60 61  1
 36 48 62 74  1
 36 48 62 72 73  1
 36 48 60 61 74  1
 36 48 60 61 72 73  1
 36 47 62  3
 36 47 62 75  1
 36 47 62 73 74  1
 36 47 60 61  3
 36 47 60 61 75  1
 36 47 60 61 73 74  1
 36 47 48 62  1
 36 47 48 60 61  1
 35 72 73 75  1
 35 72 73 74  1
 35 63 76  1
 35 63 74  3
 35 63 72 73  3
 35 63 72 73 75  1
 35 63 72 73 74  1
 35 61  1
 35 61 63  1
 35 61 62 76  1
 35 61 62 74  3
 35 61 62 72 73  3
 35 61 62 72 73 75  1
 35 61 62 72 73 74  1
 35 59 60  1
 35 59 60 63  1
 35 59 60 61 62  1
 35 49 63  1
 35 49 61 62  1
 35 48 74  1
 35 48 72 73  1
 35 48 63 74  1
 35 48 63 72 73  1
 35 48 61 62 74  1
 35 48 61 62 72 73  1
 35 47 75  1
 35 47 73 74  1
 35 47 63  3
 35 47 63 75  1
 35 47 63 73 74  1
 35 47 61 62  3
 35 47 61 62 75  1
 35 47 61 62 73 74  1
 35 47 48 63  1
 35 47 48 61 62  1
 35 36 76  1
 35 36 74  3
 35 36 72 73  3
 35 36 72 73 75  1
 35 36 72 73 74  1
 35 36 61  1
 35 36 59 60  1
 35 36 49  1
 35 36 48 74  1
 35 36 48 72 73  1
 35 36 47  3
 35 36 47 75  1
 35 36 47 73 74  1
 35 36 47 48  1
 34 64  1
 34 62  1
 34 61 62  3
 34 60 61  1
 34 60 61 63  1
 34 60 61 62  1
 34 49  1
 34 47 48  1
 34 37  1
 34 36 62  1
 34 36 60 61  1
 34 35 63  1
 34 35 61 62  1
 34 35 36  1
 22 76  1
 22 74  3
 22 72 73  3
 22 72 73 75  1
 22 72 73 74  1
 22 61  1
 22 59 60  1
 22 49  1
 22 48 74  1
 22 48 72 73  1
 22 47  3
 22 47 75  1
 22 47 73 74  1
 22 47 48  1
 22 34  1
