  897085
 73  38753
 72  16759
 71  24883
 71 72  41769
 70 71  18625
 69 70  25709
 60  7775
 60 62  215
 58  61631
 58 60  163
 58 60 61  171
 58 60 61 62  39
 58 59  3983
 58 59 60 61  157
 57 58  6827
 56 57 62  739
 56 57 60 61 62  39
 54  773
 54 58  21
 52 53  727
 52 53 58  21
 50  1573
 50 58  49
 45 58  1591
 45 56 57  767
 44  27877
 43 44  1741
 43 44 58  57
 43 44 56 57  57
 35 60  157
 35 58  187
 35 58 62  39
 35 58 59  157
 35 56 57 62  39
 33  1959
 31 62  659
 31 60 61 62  39
 31 45  361
 31 43 44  57
 31 35 62  39
 27  6423
 27 58  59
 18  889
 18 58  57
 18 56 57  57
 18 31  57
 10  671
 40  3871
 77  1225
 75 76  1475
 73 74  775
 68  1031
 67  1245
 66 67  945
 53  933
 51 52  931
 49  8527
 40 58  267
 40 45  69
 36  1375
 17  4377
 62 72  361
 62 70 71  361
 59 60  395
 51  965
 49 72  169
 49 70 71  169
 45 62  361
 45 49  169
 27 72  63
 27 70 71  63
 27 45  63
 78  369
 76  1679
 76 77  593
 67 68  457
 65 66  217
 50 51  13
 49 50  305
 48 49  77
 64  3261
 59 75  3
 59 73 74  3
 48 59  3
 28  5
 57 62  509
 19  195
 67 76  43
 67 74 75  43
 65 66 76  43
 65 66 74 75  43
 49 67  43
 49 65 66  43
 40 76  43
 40 74 75  43
 40 49  43
 67 77  9
 65 66 77  9
 51 55  1
 51 54  5
 50 67  9
 50 65 66  9
 49 50 55  1
 49 50 54  5
 47 48  21
 40 77  9
 40 50  9
 24 55  1
 72 77  51
 70 71 77  51
 68 72  51
 68 70 71  51
 67 72  51
 67 70 71  51
 59 62 72  9
 59 62 70 71  9
 57 58 62 72  9
 57 58 62 70 71  9
 50 72  51
 50 70 71  51
 45 77  51
 45 68  51
 45 67  51
 45 59 62  9
 45 57 58 62  9
 45 50  51
 41 72  63
 41 70 71  63
 41 45  63
 33 72  147
 33 70 71  147
 33 45  147
 32 62 72  9
 32 62 70 71  9
 32 45 62  9
 15 62  37
 69 70 71  639
 44 45  813
 58 64  191
 24 50  7
 72 76  65
 72 74 75  65
 70 71 76  65
 70 71 74 75  65
 60 76  65
 60 74 75  65
 58 59 76  57
 58 59 74 75  57
 49 60  65
 49 58 59  57
 45 76  65
 45 74 75  65
 49 75  27
 49 73 74  27
 60 61 72  97
 60 61 70 71  97
 45 60 61  97
 35 72  97
 35 70 71  97
 35 45  97
 16  171
 72 78  3
 72 74 75 77  3
 72 74 75 76  3
 70 71 78  3
 70 71 74 75 77  3
 70 71 74 75 76  3
 63 72  3
 63 70 71  3
 61 62 72  3
 61 62 70 71  3
 60 78  3
 60 77  3
 60 74 75 77  3
 60 74 75 76  3
 60 63  3
 59 78  15
 59 77  15
 59 74 75 77  15
 59 74 75 76  15
 58 78  13
 58 77  39
 58 74 75 77  13
 58 74 75 76  13
 58 61 62  13
 58 59 78  3
 58 59 77  3
 58 59 74 75 77  3
 58 59 74 75 76  3
 58 59 63  3
 58 59 61 62  3
 51 72  15
 51 70 71  15
 51 60  3
 51 59  17
 51 58  13
 51 58 59  3
 50 72 76  3
 50 72 74 75  3
 50 70 71 76  3
 50 70 71 74 75  3
 50 60  3
 50 60 76  3
 50 60 74 75  3
 50 59 76  15
 50 59 74 75  15
 50 58 76  13
 50 58 74 75  13
 50 58 59  3
 50 58 59 76  3
 50 58 59 74 75  3
 49 72 77  3
 49 72 75 76  3
 49 70 71 77  3
 49 70 71 75 76  3
 49 60 77  3
 49 60 75 76  3
 49 59 77  15
 49 59 75 76  15
 49 58 77  13
 49 58 75 76  13
 49 58 59 77  3
 49 58 59 75 76  3
 49 50 72  3
 49 50 70 71  3
 49 50 60  3
 49 50 59  17
 49 50 58  13
 49 50 58 59  3
 45 78  3
 45 74 75 77  3
 45 74 75 76  3
 45 63  3
 45 61 62  3
 45 51  15
 45 50 76  3
 45 50 74 75  3
 45 49 77  3
 45 49 75 76  3
 45 49 50  3
 36 72  3
 36 70 71  3
 36 60  3
 36 58  13
 36 58 59  3
 36 45  3
 7  41
 42 72  15
 42 70 71  15
 42 45  15
 40 72  63
 40 70 71  63
 40 41  939
 40 41 72  27
 40 41 70 71  27
 40 41 45  27
 68 78  3
 68 75 76  9
 68 74 75 77  3
 68 74 75 76  3
 67 78  3
 67 74 75 77  3
 67 74 75 76  3
 65 66 78  3
 65 66 74 75 77  3
 65 66 74 75 76  3
 65 66 72  3
 65 66 70 71  3
 65 66 68  115
 65 66 68 78  3
 65 66 68 75 76  9
 65 66 68 74 75 77  3
 65 66 68 74 75 76  3
 65 66 68 72  3
 65 66 68 70 71  3
 65 66 67  115
 65 66 67 78  3
 65 66 67 75 76  9
 65 66 67 74 75 77  3
 65 66 67 74 75 76  3
 65 66 67 72  3
 65 66 67 70 71  3
 63 68  3
 63 67  3
 63 65 66  3
 63 65 66 68  3
 63 65 66 67  3
 61 62 68  3
 61 62 67  3
 61 62 65 66  3
 61 62 65 66 68  3
 61 62 65 66 67  3
 60 68  3
 60 67  3
 60 65 66  3
 60 65 66 68  3
 60 65 66 67  3
 59 68  11
 59 67  11
 59 65 66  11
 59 65 66 68  11
 59 65 66 67  11
 58 68  35
 58 67  19
 58 65 66  3
 58 65 66 68  3
 58 65 66 67  3
 58 59 68  3
 58 59 67  3
 58 59 65 66  3
 58 59 65 66 68  3
 58 59 65 66 67  3
 51 68  3
 51 67  3
 51 65 66  3
 51 65 66 68  3
 51 65 66 67  3
 50 68 76  3
 50 68 74 75  3
 50 67 76  3
 50 67 74 75  3
 50 65 66 76  3
 50 65 66 74 75  3
 50 65 66 68 76  3
 50 65 66 68 74 75  3
 50 65 66 67 76  3
 50 65 66 67 74 75  3
 49 68 77  3
 49 68 75 76  3
 49 67 77  3
 49 67 75 76  3
 49 65 66 77  3
 49 65 66 75 76  3
 49 65 66 68 77  3
 49 65 66 68 75 76  3
 49 65 66 67 77  3
 49 65 66 67 75 76  3
 49 50 68  3
 49 50 67  3
 49 50 65 66  3
 49 50 65 66 68  3
 49 50 65 66 67  3
 45 65 66  3
 45 65 66 68  3
 45 65 66 67  3
 41 78  3
 41 75 76  9
 41 74 75 77  3
 41 74 75 76  3
 41 67  115
 41 67 78  3
 41 67 75 76  9
 41 67 74 75 77  3
 41 67 74 75 76  3
 41 67 72  3
 41 67 70 71  3
 41 65 66  115
 41 65 66 78  3
 41 65 66 75 76  9
 41 65 66 74 75 77  3
 41 65 66 74 75 76  3
 41 65 66 72  3
 41 65 66 70 71  3
 41 63  3
 41 63 67  3
 41 63 65 66  3
 41 61 62  3
 41 61 62 67  3
 41 61 62 65 66  3
 41 60  3
 41 60 67  3
 41 60 65 66  3
 41 59  11
 41 59 67  11
 41 59 65 66  11
 41 58  19
 41 58 67  3
 41 58 65 66  3
 41 58 59  3
 41 58 59 67  3
 41 58 59 65 66  3
 41 51  3
 41 51 67  3
 41 51 65 66  3
 41 50 76  3
 41 50 74 75  3
 41 50 67 76  3
 41 50 67 74 75  3
 41 50 65 66 76  3
 41 50 65 66 74 75  3
 41 49 77  3
 41 49 75 76  3
 41 49 67 77  3
 41 49 67 75 76  3
 41 49 65 66 77  3
 41 49 65 66 75 76  3
 41 49 50  3
 41 49 50 67  3
 41 49 50 65 66  3
 41 45 67  3
 41 45 65 66  3
 40 78  3
 40 74 75 77  3
 40 74 75 76  3
 40 68  115
 40 68 78  3
 40 68 75 76  9
 40 68 74 75 77  3
 40 68 74 75 76  3
 40 68 72  3
 40 68 70 71  3
 40 66 67  115
 40 66 67 78  3
 40 66 67 75 76  9
 40 66 67 74 75 77  3
 40 66 67 74 75 76  3
 40 66 67 72  3
 40 66 67 70 71  3
 40 63  3
 40 63 68  3
 40 63 66 67  3
 40 61 62  3
 40 61 62 68  3
 40 61 62 66 67  3
 40 60  123
 40 60 68  3
 40 60 66 67  3
 40 59  11
 40 59 68  11
 40 59 66 67  11
 40 58 68  3
 40 58 66 67  3
 40 58 59  63
 40 58 59 68  3
 40 58 59 66 67  3
 40 51  3
 40 51 68  3
 40 51 66 67  3
 40 50 76  3
 40 50 74 75  3
 40 50 68 76  3
 40 50 68 74 75  3
 40 50 66 67 76  3
 40 50 66 67 74 75  3
 40 49 77  3
 40 49 75 76  3
 40 49 68 77  3
 40 49 68 75 76  3
 40 49 66 67 77  3
 40 49 66 67 75 76  3
 40 49 50  3
 40 49 50 68  3
 40 49 50 66 67  3
 40 45 68  3
 40 45 66 67  3
 40 41 78  5
 40 41 75 76  15
 40 41 74 75 77  5
 40 41 74 75 76  5
 40 41 63  5
 40 41 61 62  5
 40 41 60  3
 40 41 59  11
 40 41 58  3
 40 41 58 59  3
 40 41 51  5
 40 41 50 76  5
 40 41 50 74 75  5
 40 41 49 77  5
 40 41 49 75 76  5
 40 41 49 50  5
 36 68  3
 36 67  3
 36 65 66  3
 36 65 66 68  3
 36 65 66 67  3
 36 41  3
 36 41 67  3
 36 41 65 66  3
 36 40  3
 36 40 68  3
 36 40 66 67  3
 36 40 41  5
 33 34  75
 8  75
 54 76  33
 54 74 75  33
 49 54  33
 33 78  3
 33 75 76  9
 33 74 75 77  3
 33 74 75 76  3
 33 72 76  1
 33 72 74 75  1
 33 70 71 76  1
 33 70 71 74 75  1
 33 63  3
 33 61 62  3
 33 60  27
 33 60 76  1
 33 60 74 75  1
 33 59  23
 33 59 76  5
 33 59 74 75  5
 33 58  57
 33 58 76  1
 33 58 74 75  1
 33 58 59  3
 33 58 59 76  1
 33 58 59 74 75  1
 33 51  3
 33 50 76  3
 33 50 74 75  3
 33 49 77  3
 33 49 75 76  3
 33 49 72  1
 33 49 70 71  1
 33 49 60  1
 33 49 59  5
 33 49 58  1
 33 49 58 59  1
 33 49 50  3
 33 45 76  1
 33 45 74 75  1
 33 45 49  1
 33 36  3
 56 57 76  3
 56 57 74 75  3
 56 57 64  187
 49 56 57  3
 31 76  3
 31 74 75  3
 31 64  175
 31 49  3
 6  381
 1  45
 60 61 63  7
 36 62  7
 36 60 61  7
 35 63  7
 35 61 62  7
 34  17
 7 77  3
 7 76  5
 7 75 76  3
 7 74 75  5
 7 50  3
 7 49  5
 6 78  1
 6 77  1
 6 74 75 77  1
 6 74 75 76  1
 6 63  1
 6 61 62  1
 6 51  1
 6 50  1
 6 50 76  1
 6 50 74 75  1
 6 49 77  1
 6 49 75 76  1
 6 49 50  1
 6 36  1
 48 58  3
 42 78  5
 42 75 76  15
 42 74 75 77  5
 42 74 75 76  5
 42 63  5
 42 61 62  5
 42 51  5
 42 50 76  5
 42 50 74 75  5
 42 49 77  5
 42 49 75 76  5
 42 49 50  5
 36 42  5
 58 62 71  3
 58 62 69 70  3
 56 57 62 71  3
 56 57 62 69 70  3
 56 57 59 62  3
 56 57 58 62  3
 44 58 62  3
 44 56 57 62  3
 40 58 62  15
 40 58 62 72  3
 40 58 62 70 71  3
 40 58 60 62  3
 40 56 57 62  15
 40 56 57 62 72  3
 40 56 57 62 70 71  3
 40 56 57 60 62  3
 40 45 58 62  3
 40 45 56 57 62  3
 38 39 58 62  15
 38 39 58 62 72  3
 38 39 58 62 70 71  3
 38 39 58 60 62  3
 38 39 56 57 62  15
 38 39 56 57 62 72  3
 38 39 56 57 62 70 71  3
 38 39 56 57 60 62  3
 38 39 45 58 62  3
 38 39 45 56 57 62  3
 31 62 71  3
 31 62 69 70  3
 31 59 62  3
 31 58 62  3
 31 44 62  3
 31 40 62  15
 31 40 62 72  3
 31 40 62 70 71  3
 31 40 60 62  3
 31 40 45 62  3
 31 38 39 62  15
 31 38 39 62 72  3
 31 38 39 62 70 71  3
 31 38 39 60 62  3
 31 38 39 45 62  3
 24 58 62  3
 24 56 57 62  3
 24 31 62  3
 13 58 62  15
 13 58 62 72  3
 13 58 62 70 71  3
 13 58 60 62  3
 13 56 57 62  15
 13 56 57 62 72  3
 13 56 57 62 70 71  3
 13 56 57 60 62  3
 13 45 58 62  3
 13 45 56 57 62  3
 13 31 62  15
 13 31 62 72  3
 13 31 62 70 71  3
 13 31 60 62  3
 13 31 45 62  3
 69 78  3
 69 75 76  9
 69 74 75 77  3
 69 74 75 76  3
 69 72  3
 69 72 76  1
 69 72 74 75  1
 69 70 71 76  1
 69 70 71 74 75  1
 63 69  3
 61 62 69  3
 60 69  3
 60 69 76  1
 60 69 74 75  1
 59 69  11
 59 69 76  5
 59 69 74 75  5
 58 69  3
 58 69 76  1
 58 69 74 75  1
 58 59 69  3
 58 59 69 76  1
 58 59 69 74 75  1
 51 69  3
 50 69 76  3
 50 69 74 75  3
 49 69 77  3
 49 69 75 76  3
 49 69 72  1
 49 69 70 71  1
 49 60 69  1
 49 59 69  5
 49 58 69  1
 49 58 59 69  1
 49 50 69  3
 45 69  3
 45 69 76  1
 45 69 74 75  1
 45 49 69  1
 42 72 76  1
 42 72 74 75  1
 42 70 71 76  1
 42 70 71 74 75  1
 42 60  3
 42 60 76  1
 42 60 74 75  1
 42 59  11
 42 59 76  5
 42 59 74 75  5
 42 58  3
 42 58 76  1
 42 58 74 75  1
 42 58 59  3
 42 58 59 76  1
 42 58 59 74 75  1
 42 49 72  1
 42 49 70 71  1
 42 49 60  1
 42 49 59  5
 42 49 58  1
 42 49 58 59  1
 42 45 76  1
 42 45 74 75  1
 42 45 49  1
 36 69  3
 56 57 63  3
 31 63  3
 48 49 59  1
 48 49 51  1
 48 49 50  1
 26 27  1
 24 48 49  1
 23 59  1
 23 51  1
 23 49 50  1
 23 24  1
 42 75  1
 42 73 74  1
 42 62  1
 42 60 61  1
 42 48  1
 40 41 75  1
 40 41 73 74  1
 40 41 62  1
 40 41 60 61  1
 40 41 48  1
 35 42  1
 35 40 41  1
 24 25  3
 15 75  1
 15 73 74  1
 15 60 61  1
 15 48  1
 15 35  1
 72 73 75  1
 64 75  1
 64 74  1
 64 73 74  1
 64 72 73  1
 61 62 75  3
 61 62 74  3
 61 62 73 74  3
 61 62 72 73  3
 60 61 63 75  1
 60 61 63 74  1
 60 61 63 73 74  1
 60 61 63 72 73  1
 60 61 62 75  1
 60 61 62 74  1
 60 61 62 73 74  1
 60 61 62 72 73  1
 49 74  1
 49 72 73  1
 48 74  1
 48 72 73  1
 48 64  1
 48 61 62  3
 48 60 61 63  1
 48 60 61 62  1
 47 75  1
 47 73 74  1
 47 64  1
 47 61 62  3
 47 60 61 63  1
 47 60 61 62  1
 47 49  1
 47 48 75  1
 47 48 74  1
 47 48 73 74  1
 47 48 72 73  1
 37 75  1
 37 74  1
 37 73 74  1
 37 72 73  1
 37 48  1
 37 47  1
 36 62 75  1
 36 62 74  1
 36 62 73 74  1
 36 62 72 73  1
 36 60 61 75  1
 36 60 61 74  1
 36 60 61 73 74  1
 36 60 61 72 73  1
 36 48 62  1
 36 48 60 61  1
 36 47 62  1
 36 47 60 61  1
 35 63 75  1
 35 63 74  1
 35 63 73 74  1
 35 63 72 73  1
 35 61 62 75  1
 35 61 62 74  1
 35 61 62 73 74  1
 35 61 62 72 73  1
 35 48 63  1
 35 48 61 62  1
 35 47 63  1
 35 47 61 62  1
 35 36 75  1
 35 36 74  1
 35 36 73 74  1
 35 36 72 73  1
 35 36 48  1
 35 36 47  1
 22 75  1
 22 74  1
 22 73 74  1
 22 72 73  1
 22 48  1
 22 47  1
 72 75  1
 70 71 75  1
 70 71 73 74  1
 60 75  1
 60 73 74  1
 59 60 61  1
 58 75  1
 58 73 74  1
 58 59 75  1
 58 59 73 74  1
 48 72  1
 48 70 71  1
 48 60  1
 48 58 59  1
 45 75  1
 45 73 74  1
 45 48  1
 35 59  1
 54 78  3
 54 75 76  9
 54 74 75 77  3
 54 74 75 76  3
 54 72  3
 54 72 76  1
 54 72 74 75  1
 54 70 71  3
 54 70 71 76  1
 54 70 71 74 75  1
 54 63  3
 54 61 62  3
 54 60  3
 54 60 76  1
 54 60 74 75  1
 54 59  23
 54 59 76  5
 54 59 74 75  5
 54 58 76  1
 54 58 74 75  1
 54 58 59  3
 54 58 59 76  1
 54 58 59 74 75  1
 52 53 78  3
 52 53 75 76  9
 52 53 74 75 77  3
 52 53 74 75 76  3
 52 53 72  3
 52 53 72 76  1
 52 53 72 74 75  1
 52 53 70 71  3
 52 53 70 71 76  1
 52 53 70 71 74 75  1
 52 53 63  3
 52 53 61 62  3
 52 53 60  3
 52 53 60 76  1
 52 53 60 74 75  1
 52 53 59  11
 52 53 59 76  5
 52 53 59 74 75  5
 52 53 58 76  1
 52 53 58 74 75  1
 52 53 58 59  3
 52 53 58 59 76  1
 52 53 58 59 74 75  1
 51 52 53  3
 50 54 76  3
 50 54 74 75  3
 50 52 53 76  3
 50 52 53 74 75  3
 49 54 77  3
 49 54 75 76  3
 49 54 72  1
 49 54 70 71  1
 49 54 60  1
 49 54 59  5
 49 54 58  1
 49 54 58 59  1
 49 52 53 77  3
 49 52 53 75 76  3
 49 52 53 72  1
 49 52 53 70 71  1
 49 52 53 60  1
 49 52 53 59  5
 49 52 53 58  1
 49 52 53 58 59  1
 49 50 52 53  3
 45 54  3
 45 54 76  1
 45 54 74 75  1
 45 52 53  3
 45 52 53 76  1
 45 52 53 74 75  1
 45 49 54  1
 45 49 52 53  1
 36 54  3
 36 52 53  3
 27 78  3
 27 75 76  9
 27 74 75 77  3
 27 74 75 76  3
 27 72 76  1
 27 72 74 75  1
 27 70 71 76  1
 27 70 71 74 75  1
 27 63  3
 27 61 62  3
 27 60  3
 27 60 76  1
 27 60 74 75  1
 27 59  11
 27 59 76  5
 27 59 74 75  5
 27 58 76  1
 27 58 74 75  1
 27 58 59  3
 27 58 59 76  1
 27 58 59 74 75  1
 27 51  3
 27 50 76  3
 27 50 74 75  3
 27 49 77  3
 27 49 75 76  3
 27 49 72  1
 27 49 70 71  1
 27 49 60  1
 27 49 59  5
 27 49 58  1
 27 49 58 59  1
 27 49 50  3
 27 45 76  1
 27 45 74 75  1
 27 45 49  1
 27 36  3
 14 62  1
 10 57 62  1
 68 72 76  1
 68 72 74 75  1
 68 70 71 76  1
 68 70 71 74 75  1
 67 72 76  1
 67 72 74 75  1
 67 70 71 76  1
 67 70 71 74 75  1
 65 66 72 76  1
 65 66 72 74 75  1
 65 66 70 71 76  1
 65 66 70 71 74 75  1
 65 66 68 72 76  1
 65 66 68 72 74 75  1
 65 66 68 70 71 76  1
 65 66 68 70 71 74 75  1
 65 66 67 72 76  1
 65 66 67 72 74 75  1
 65 66 67 70 71 76  1
 65 66 67 70 71 74 75  1
 60 68 76  1
 60 68 74 75  1
 60 67 76  1
 60 67 74 75  1
 60 65 66 76  1
 60 65 66 74 75  1
 60 65 66 68 76  1
 60 65 66 68 74 75  1
 60 65 66 67 76  1
 60 65 66 67 74 75  1
 59 68 76  5
 59 68 74 75  5
 59 67 76  5
 59 67 74 75  5
 59 65 66 76  5
 59 65 66 74 75  5
 59 65 66 68 76  5
 59 65 66 68 74 75  5
 59 65 66 67 76  5
 59 65 66 67 74 75  5
 58 68 76  1
 58 68 74 75  1
 58 67 76  1
 58 67 74 75  1
 58 65 66 76  1
 58 65 66 74 75  1
 58 65 66 68 76  1
 58 65 66 68 74 75  1
 58 65 66 67 76  1
 58 65 66 67 74 75  1
 58 59 68 76  1
 58 59 68 74 75  1
 58 59 67 76  1
 58 59 67 74 75  1
 58 59 65 66 76  1
 58 59 65 66 74 75  1
 58 59 65 66 68 76  1
 58 59 65 66 68 74 75  1
 58 59 65 66 67 76  1
 58 59 65 66 67 74 75  1
 49 68 72  1
 49 68 70 71  1
 49 67 72  1
 49 67 70 71  1
 49 65 66 72  1
 49 65 66 70 71  1
 49 65 66 68 72  1
 49 65 66 68 70 71  1
 49 65 66 67 72  1
 49 65 66 67 70 71  1
 49 60 68  1
 49 60 67  1
 49 60 65 66  1
 49 60 65 66 68  1
 49 60 65 66 67  1
 49 59 68  5
 49 59 67  5
 49 59 65 66  5
 49 59 65 66 68  5
 49 59 65 66 67  5
 49 58 68  1
 49 58 67  1
 49 58 65 66  1
 49 58 65 66 68  1
 49 58 65 66 67  1
 49 58 59 68  1
 49 58 59 67  1
 49 58 59 65 66  1
 49 58 59 65 66 68  1
 49 58 59 65 66 67  1
 45 68 76  1
 45 68 74 75  1
 45 67 76  1
 45 67 74 75  1
 45 65 66 76  1
 45 65 66 74 75  1
 45 65 66 68 76  1
 45 65 66 68 74 75  1
 45 65 66 67 76  1
 45 65 66 67 74 75  1
 45 49 68  1
 45 49 67  1
 45 49 65 66  1
 45 49 65 66 68  1
 45 49 65 66 67  1
 41 72 76  1
 41 72 74 75  1
 41 70 71 76  1
 41 70 71 74 75  1
 41 67 72 76  1
 41 67 72 74 75  1
 41 67 70 71 76  1
 41 67 70 71 74 75  1
 41 65 66 72 76  1
 41 65 66 72 74 75  1
 41 65 66 70 71 76  1
 41 65 66 70 71 74 75  1
 41 60 76  1
 41 60 74 75  1
 41 60 67 76  1
 41 60 67 74 75  1
 41 60 65 66 76  1
 41 60 65 66 74 75  1
 41 59 76  5
 41 59 74 75  5
 41 59 67 76  5
 41 59 67 74 75  5
 41 59 65 66 76  5
 41 59 65 66 74 75  5
 41 58 76  1
 41 58 74 75  1
 41 58 67 76  1
 41 58 67 74 75  1
 41 58 65 66 76  1
 41 58 65 66 74 75  1
 41 58 59 76  1
 41 58 59 74 75  1
 41 58 59 67 76  1
 41 58 59 67 74 75  1
 41 58 59 65 66 76  1
 41 58 59 65 66 74 75  1
 41 49 72  1
 41 49 70 71  1
 41 49 67 72  1
 41 49 67 70 71  1
 41 49 65 66 72  1
 41 49 65 66 70 71  1
 41 49 60  1
 41 49 60 67  1
 41 49 60 65 66  1
 41 49 59  5
 41 49 59 67  5
 41 49 59 65 66  5
 41 49 58  1
 41 49 58 67  1
 41 49 58 65 66  1
 41 49 58 59  1
 41 49 58 59 67  1
 41 49 58 59 65 66  1
 41 45 76  1
 41 45 74 75  1
 41 45 67 76  1
 41 45 67 74 75  1
 41 45 65 66 76  1
 41 45 65 66 74 75  1
 41 45 49  1
 41 45 49 67  1
 41 45 49 65 66  1
 40 72 76  1
 40 72 74 75  1
 40 70 71 76  1
 40 70 71 74 75  1
 40 68 72 76  1
 40 68 72 74 75  1
 40 68 70 71 76  1
 40 68 70 71 74 75  1
 40 66 67 72 76  1
 40 66 67 72 74 75  1
 40 66 67 70 71 76  1
 40 66 67 70 71 74 75  1
 40 60 76  1
 40 60 74 75  1
 40 60 68 76  1
 40 60 68 74 75  1
 40 60 66 67 76  1
 40 60 66 67 74 75  1
 40 59 76  5
 40 59 74 75  5
 40 59 68 76  5
 40 59 68 74 75  5
 40 59 66 67 76  5
 40 59 66 67 74 75  5
 40 58 76  1
 40 58 74 75  1
 40 58 68 76  1
 40 58 68 74 75  1
 40 58 66 67 76  1
 40 58 66 67 74 75  1
 40 58 59 76  1
 40 58 59 74 75  1
 40 58 59 68 76  1
 40 58 59 68 74 75  1
 40 58 59 66 67 76  1
 40 58 59 66 67 74 75  1
 40 49 72  1
 40 49 70 71  1
 40 49 68 72  1
 40 49 68 70 71  1
 40 49 66 67 72  1
 40 49 66 67 70 71  1
 40 49 60  1
 40 49 60 68  1
 40 49 60 66 67  1
 40 49 59  5
 40 49 59 68  5
 40 49 59 66 67  5
 40 49 58  1
 40 49 58 68  1
 40 49 58 66 67  1
 40 49 58 59  1
 40 49 58 59 68  1
 40 49 58 59 66 67  1
 40 45 76  1
 40 45 74 75  1
 40 45 68 76  1
 40 45 68 74 75  1
 40 45 66 67 76  1
 40 45 66 67 74 75  1
 40 45 49  1
 40 45 49 68  1
 40 45 49 66 67  1
 40 41 72 76  1
 40 41 72 74 75  1
 40 41 70 71 76  1
 40 41 70 71 74 75  1
 40 41 60 76  1
 40 41 60 74 75  1
 40 41 59 76  5
 40 41 59 74 75  5
 40 41 58 76  1
 40 41 58 74 75  1
 40 41 58 59 76  1
 40 41 58 59 74 75  1
 40 41 49 72  1
 40 41 49 70 71  1
 40 41 49 60  1
 40 41 49 59  5
 40 41 49 58  1
 40 41 49 58 59  1
 40 41 45 76  1
 40 41 45 74 75  1
 40 41 45 49  1
