 76  9177
 71  13931
 70  5867
 69 70  14533
 68  2447
 68 69  5941
 65  11557
 63  9763
 58  31105
 58 61  713
 57  27257
 57 59  631
 56  7965
 56 57 61  621
 49 59  481
 44  14631
 36  7225
 30  657
 27  799
 25 59  193
 23  1377
 10  28403
 0 61  9
 73 74  11055
 55  1743
 46  2253
 33  7073
 59 60  2063
 32 58  337
 12  889
 11  6903
 78 79  1599
 49 78 79  81
 49 53  101
 79  239
 77 78  275
 73 74 79  5
 73 74 77 78  5
 52  741
 52 75  29
 48 52  29
 30 75  3
 30 74  3
 30 73 74  3
 30 72 73  3
 30 48  3
 30 47  3
 28 29  55
 28 29 75  3
 28 29 74  3
 28 29 73 74  3
 28 29 72 73  3
 28 29 48  3
 28 29 47  3
 3  55
 3 75  3
 3 74  3
 3 73 74  3
 3 72 73  3
 3 48  3
 3 47  3
 24 59  343
 62 63  2793
 60 61  9469
 60 61 63  1281
 60 61 62  1381
 59 63  475
 59 62 63  151
 59 60 61  519
 59 60 61 63  75
 59 60 61 62  105
 58 64  61
 58 63  401
 58 62  361
 58 60 61  281
 58 60 61 63  61
 58 60 61 62  61
 47 48  1849
 47 48 58  63
 37  1649
 37 58  61
 36 62  1243
 36 59 62  75
 36 59 60 61  75
 36 58  313
 36 58 62  61
 36 58 60 61  61
 35 61 62  1239
 35 59 63  75
 35 59 61 62  75
 35 58 63  61
 35 58 61 62  61
 35 36 59  75
 35 36 58  61
 22  1635
 22 58  61
 77  4545
 75 76  6559
 54  315
 52 53  199
 51 52  219
 50 51 52  45
 37 38  9
 35 61  177
 34 35  387
 26 52  7
 26 50 51  7
 25 51 52  7
 25 26  169
 21  567
 18  2365
 17  1203
 8  635
 51 75  257
 51 73 74  261
 49 50  3967
 49 50 75  261
 49 50 73 74  265
 48 51  263
 48 49 50  307
 24 75  229
 24 73 74  231
 24 48  235
 63 75 76  239
 63 74 75  413
 63 73 74  311
 62 77  111
 62 75  415
 62 73 74 76  71
 62 73 74 75  71
 62 63 77  33
 62 63 75  109
 62 63 75 76  61
 62 63 73 74  109
 61 62 77  123
 61 62 75  319
 61 62 75 76  239
 61 62 73 74 76  115
 61 62 73 74 75  115
 60 61 77  87
 60 61 76  345
 60 61 75  377
 60 61 75 76  151
 60 61 63 77  15
 60 61 63 75 76  29
 60 61 62 77  15
 60 61 62 75 76  29
 59 76  389
 59 75  273
 59 73 74  307
 59 73 74 76  33
 59 73 74 75  33
 50 62 63  37
 50 61 62  141
 50 60 61  143
 50 60 61 63  17
 50 60 61 62  17
 49 77  229
 49 74 75  93
 49 73 74 76  13
 49 73 74 75  13
 49 62  381
 49 62 75  71
 49 62 73 74  71
 49 61 62 75  115
 49 61 62 73 74  115
 49 59 75  33
 49 59 73 74  33
 48 62  415
 48 62 76  71
 48 62 74 75  71
 48 62 63  109
 48 61 62  343
 48 61 62 76  115
 48 61 62 74 75  115
 48 60 61  377
 48 59  273
 48 59 76  33
 48 59 74 75  33
 48 49 74 75  129
 48 49 62  109
 48 49 61 62  133
 48 49 59  39
 47 48 77  19
 47 48 76  89
 47 48 75  55
 47 48 73 74  55
 47 48 73 74 76  13
 47 48 73 74 75  13
 36 76  243
 36 75  267
 36 75 76  213
 36 62 77  13
 36 62 76  59
 36 62 73 74 76  13
 36 62 73 74 75  13
 36 60 61 77  13
 36 60 61 76  59
 36 60 61 75  51
 36 60 61 73 74  51
 36 60 61 73 74 76  13
 36 60 61 73 74 75  13
 36 50 62  15
 36 50 60 61  15
 36 49  243
 36 49 62  59
 36 49 62 75  13
 36 49 62 73 74  13
 36 49 60 61  59
 36 49 60 61 75  13
 36 49 60 61 73 74  13
 36 48  291
 36 48 62 76  13
 36 48 62 74 75  13
 36 48 60 61  51
 36 48 60 61 76  13
 36 48 60 61 74 75  13
 36 48 49 62  15
 36 48 49 60 61  15
 35 77  87
 35 76  345
 35 75  377
 35 75 76  151
 35 63 77  15
 35 63 75 76  29
 35 61 62 77  13
 35 61 62 76  59
 35 61 62 75  51
 35 61 62 73 74  51
 35 61 62 73 74 76  13
 35 61 62 73 74 75  13
 35 50  143
 35 50 63  17
 35 50 61 62  15
 35 49 61 62  59
 35 49 61 62 75  13
 35 49 61 62 73 74  13
 35 48  377
 35 48 61 62  51
 35 48 61 62 76  13
 35 48 61 62 74 75  13
 35 48 49 61 62  15
 35 36 77  17
 35 36 76  63
 35 36 75  51
 35 36 73 74  51
 35 36 73 74 76  13
 35 36 73 74 75  13
 35 36 50  19
 35 36 49  73
 35 36 49 75  13
 35 36 49 73 74  13
 35 36 48  51
 35 36 48 76  13
 35 36 48 74 75  13
 35 36 48 49  15
 22 77  13
 22 75  55
 22 74 75  91
 22 73 74  55
 22 73 74 76  13
 22 73 74 75  13
 22 62  13
 22 60 61  13
 22 50  41
 22 49 75  13
 22 49 73 74  13
 22 48  55
 22 48 76  13
 22 48 74 75  13
 22 35  13
 67  2921
 18 32  35
 10 61  237
 65 66  1043
 40  1055
 32 55  3
 30 31 55  3
 20  491
 18 19  157
 5 55  3
 60 63  101
 58 59 63  97
 47 55  9
 24 60  61
 10 62  569
 9  479
 66  87
 57 75 76  63
 50 74 75  325
 50 73 74  209
 48 49 73 74  63
 24 50  51
 23 74  11
 23 74 75  101
 23 73 74  45
 23 72 73  11
 23 49  113
 23 47  11
 23 47 48  29
 64 65  19
 63 64  63
 50 51 75  29
 50 51 73 74  29
 48 50 51  29
 38  103
 25 75  25
 25 73 74  25
 25 48  25
 19 20  369
 5 6  25
 62 71  57
 62 69 70  57
 61 62 71  9
 61 62 69 70  9
 60 61 71  63
 60 61 69 70  63
 44 62  69
 44 61 62  9
 44 60 61  63
 35 61 71  9
 35 61 69 70  9
 35 44 61  9
 59 61  115
 58 75  225
 58 73 74  229
 56 57 75  5
 56 57 73 74  5
 56 57 59 75  3
 56 57 59 73 74  3
 48 58  225
 48 56 57  5
 48 56 57 59  3
 31 75  5
 31 73 74  5
 31 61  473
 31 59 75  3
 31 59 73 74  3
 31 48  5
 31 48 59  3
 78  1499
 76 77  1781
 58 75 76  43
 51 59  97
 42 77  55
 42 75 76  71
 42 50  55
 17 18  167
 74 75 76  309
 32 62  33
 32 60 61  33
 32 35  33
 30 31 62  33
 30 31 60 61  33
 30 31 35  33
 28  169
 26 27  107
 17 77  25
 17 75 76  25
 17 50  25
 10 76  13
 10 74 75  13
 10 49  23
 6  35
 5 62  33
 5 60 61  33
 5 35  33
 1  119
 74 77  65
 72 75  53
 72 73 77  81
 72 73 75  213
 72 73 75 76  103
 70 71 75  53
 70 71 73 74  55
 60 75  121
 60 73 74  123
 58 76  81
 58 74 75  87
 48 74  213
 48 72  53
 48 72 73  213
 48 70 71  53
 48 60  121
 47 77  65
 47 75  213
 47 75 76  85
 47 73 74  213
 45 75  53
 45 73 74  55
 45 48  53
 32 75  61
 32 73 74  65
 32 48  61
 30 31 75  61
 30 31 73 74  65
 30 31 48  61
 18 30 31  11
 5 75  61
 5 73 74  65
 5 48  61
 5 18  11
 64 78 79  11
 63 78 79  101
 63 77 78 79  1
 63 76 78 79  1
 63 75 78 79  1
 63 73 74 78 79  1
 63 73 74 76 78 79  1
 63 73 74 75 78 79  1
 62 76 78 79  3
 62 74 75 78 79  3
 62 63 78 79  21
 61 62 77 78 79  1
 61 62 76 78 79  1
 61 62 75 78 79  1
 61 62 73 74 78 79  1
 61 62 73 74 76 78 79  1
 61 62 73 74 75 78 79  1
 60 61 76 78 79  3
 60 61 74 75 78 79  3
 59 63 78 79  17
 59 61 62 78 79  19
 58 63 78 79  1
 58 61 62 78 79  1
 57 78 79  1
 53 63  117
 53 63 77  1
 53 63 76  3
 53 63 75  3
 53 63 73 74  3
 53 63 73 74 76  1
 53 63 73 74 75  1
 53 62 76  3
 53 62 74 75  3
 53 62 63  45
 53 61 62  119
 53 61 62 77  1
 53 61 62 76  1
 53 61 62 75  3
 53 61 62 73 74  3
 53 61 62 73 74 76  1
 53 61 62 73 74 75  1
 53 60 61 76  3
 53 60 61 74 75  3
 53 59 63  17
 53 59 61 62  19
 53 58 63  1
 53 58 61 62  1
 53 57  1
 50 63 78 79  1
 50 61 62 78 79  1
 50 53 63  1
 50 53 61 62  1
 49 63 78 79  1
 49 63 75 78 79  1
 49 63 73 74 78 79  1
 49 62 78 79  3
 49 61 62 78 79  1
 49 61 62 75 78 79  1
 49 61 62 73 74 78 79  1
 49 60 61 78 79  3
 49 53 63  3
 49 53 63 75  1
 49 53 63 73 74  1
 49 53 62  3
 49 53 61 62  1
 49 53 61 62 75  1
 49 53 61 62 73 74  1
 49 53 60 61  3
 48 63 78 79  1
 48 63 76 78 79  1
 48 63 74 75 78 79  1
 48 61 62 78 79  1
 48 61 62 76 78 79  1
 48 61 62 74 75 78 79  1
 48 53 63  3
 48 53 63 76  1
 48 53 63 74 75  1
 48 53 61 62  3
 48 53 61 62 76  1
 48 53 61 62 74 75  1
 48 49 63 78 79  1
 48 49 61 62 78 79  1
 48 49 53 63  1
 48 49 53 61 62  1
 47 48 78 79  11
 47 48 53  11
 37 78 79  11
 36 77 78 79  1
 36 76 78 79  1
 36 75 78 79  1
 36 73 74 78 79  1
 36 73 74 76 78 79  1
 36 73 74 75 78 79  1
 36 59 78 79  17
 36 58 78 79  1
 36 53  109
 36 53 77  1
 36 53 76  1
 36 53 75  3
 36 53 73 74  3
 36 53 73 74 76  1
 36 53 73 74 75  1
 36 53 59  17
 36 53 58  1
 36 50 78 79  1
 36 50 53  1
 36 49 78 79  1
 36 49 75 78 79  1
 36 49 73 74 78 79  1
 36 49 53  1
 36 49 53 75  1
 36 49 53 73 74  1
 36 48 78 79  1
 36 48 76 78 79  1
 36 48 74 75 78 79  1
 36 48 53  3
 36 48 53 76  1
 36 48 53 74 75  1
 36 48 49 78 79  1
 36 48 49 53  1
 35 76 78 79  3
 35 74 75 78 79  3
 35 53 76  3
 35 53 74 75  3
 35 49 78 79  3
 35 49 53  3
 22 78 79  11
 22 53  11
 9 77  3
 9 74 75  15
 9 73 74 76  3
 9 73 74 75  3
 9 62  9
 9 62 76  1
 9 62 74 75  1
 9 60 61  9
 9 60 61 76  1
 9 60 61 74 75  1
 9 59  5
 9 58  1
 9 50  3
 9 49 75  3
 9 49 73 74  3
 9 49 62  1
 9 49 60 61  1
 9 48 76  3
 9 48 74 75  3
 9 48 49  3
 9 35  21
 9 35 76  1
 9 35 74 75  1
 9 35 49  1
 36 60  181
 67 77  69
 67 75 76  101
 65 66 77  69
 65 66 75 76  101
 62 69 75  5
 62 69 73 74  5
 62 68 75  3
 62 68 73 74  3
 62 67 68 75  7
 62 67 68 73 74  7
 62 65 66 68 75  1
 62 65 66 68 73 74  1
 62 65 66 67 75  1
 62 65 66 67 73 74  1
 60 61 69 75  5
 60 61 69 73 74  5
 60 61 68 75  3
 60 61 68 73 74  3
 60 61 67 68 75  7
 60 61 67 68 73 74  7
 60 61 65 66 68 75  1
 60 61 65 66 68 73 74  1
 60 61 65 66 67 75  1
 60 61 65 66 67 73 74  1
 54 77  9
 54 75 76  17
 54 62 75  1
 54 62 73 74  1
 54 60 61 75  1
 54 60 61 73 74  1
 52 53 77  9
 52 53 75 76  17
 52 53 62 75  1
 52 53 62 73 74  1
 52 53 60 61 75  1
 52 53 60 61 73 74  1
 50 67  71
 50 65 66  71
 50 54  9
 50 52 53  9
 48 62 69  5
 48 62 68  3
 48 62 67 68  7
 48 62 65 66 68  1
 48 62 65 66 67  1
 48 60 61 69  5
 48 60 61 68  3
 48 60 61 67 68  7
 48 60 61 65 66 68  1
 48 60 61 65 66 67  1
 48 54 62  1
 48 54 60 61  1
 48 52 53 62  1
 48 52 53 60 61  1
 42 75  59
 42 73 74  61
 42 62 75  5
 42 62 73 74  5
 42 60 61 75  5
 42 60 61 73 74  5
 42 48  59
 42 48 62  5
 42 48 60 61  5
 41 62 75  3
 41 62 73 74  3
 41 62 67 75  1
 41 62 67 73 74  1
 41 62 65 66 75  1
 41 62 65 66 73 74  1
 41 60 61 75  3
 41 60 61 73 74  3
 41 60 61 67 75  1
 41 60 61 67 73 74  1
 41 60 61 65 66 75  1
 41 60 61 65 66 73 74  1
 41 48 62  3
 41 48 62 67  1
 41 48 62 65 66  1
 41 48 60 61  3
 41 48 60 61 67  1
 41 48 60 61 65 66  1
 40 77  69
 40 75 76  101
 40 62 68 75  1
 40 62 68 73 74  1
 40 62 66 67 75  1
 40 62 66 67 73 74  1
 40 60 61 68 75  1
 40 60 61 68 73 74  1
 40 60 61 66 67 75  1
 40 60 61 66 67 73 74  1
 40 50  71
 40 48 62 68  1
 40 48 62 66 67  1
 40 48 60 61 68  1
 40 48 60 61 66 67  1
 40 41 62 75  1
 40 41 62 73 74  1
 40 41 60 61 75  1
 40 41 60 61 73 74  1
 40 41 48 62  1
 40 41 48 60 61  1
 35 69 75  5
 35 69 73 74  5
 35 68 75  3
 35 68 73 74  3
 35 67 68 75  7
 35 67 68 73 74  7
 35 65 66 68 75  1
 35 65 66 68 73 74  1
 35 65 66 67 75  1
 35 65 66 67 73 74  1
 35 54 75  1
 35 54 73 74  1
 35 52 53 75  1
 35 52 53 73 74  1
 35 48 69  5
 35 48 68  3
 35 48 67 68  7
 35 48 65 66 68  1
 35 48 65 66 67  1
 35 48 54  1
 35 48 52 53  1
 35 42 75  5
 35 42 73 74  5
 35 42 48  5
 35 41 75  3
 35 41 73 74  3
 35 41 67 75  1
 35 41 67 73 74  1
 35 41 65 66 75  1
 35 41 65 66 73 74  1
 35 41 48  3
 35 41 48 67  1
 35 41 48 65 66  1
 35 40 68 75  1
 35 40 68 73 74  1
 35 40 66 67 75  1
 35 40 66 67 73 74  1
 35 40 48 68  1
 35 40 48 66 67  1
 35 40 41 75  1
 35 40 41 73 74  1
 35 40 41 48  1
 27 77  9
 27 75 76  17
 27 62 75  1
 27 62 73 74  1
 27 60 61 75  1
 27 60 61 73 74  1
 27 50  9
 27 48 62  1
 27 48 60 61  1
 27 35 75  1
 27 35 73 74  1
 27 35 48  1
 36 68  19
 34 35 68  13
 26 36  21
 9 68  13
 51 63  177
 49 50 63  189
 24 63  177
 21 24  83
 19 20 24  85
 63 72  81
 63 70 71  81
 45 63  81
 36 72  81
 36 70 71  81
 36 58 59  83
 36 45  81
 16 61 62  85
 16 59 61 62  27
 16 58 61 62  27
 62 70 75  1
 62 70 73 74  1
 62 66 67 69 75  1
 62 66 67 69 73 74  1
 62 66 67 68 75  1
 62 66 67 68 73 74  1
 60 61 70 75  1
 60 61 70 73 74  1
 60 61 66 67 69 75  1
 60 61 66 67 69 73 74  1
 60 61 66 67 68 75  1
 60 61 66 67 68 73 74  1
 55 62 75  1
 55 62 73 74  1
 55 60 61 75  1
 55 60 61 73 74  1
 53 54 62 75  1
 53 54 62 73 74  1
 53 54 60 61 75  1
 53 54 60 61 73 74  1
 48 62 70  1
 48 62 66 67 69  1
 48 62 66 67 68  1
 48 60 61 70  1
 48 60 61 66 67 69  1
 48 60 61 66 67 68  1
 48 55 62  1
 48 55 60 61  1
 48 53 54 62  1
 48 53 54 60 61  1
 43 62 75  1
 43 62 73 74  1
 43 60 61 75  1
 43 60 61 73 74  1
 43 48 62  1
 43 48 60 61  1
 42 62 68 75  1
 42 62 68 73 74  1
 42 62 66 67 75  1
 42 62 66 67 73 74  1
 42 60 61 68 75  1
 42 60 61 68 73 74  1
 42 60 61 66 67 75  1
 42 60 61 66 67 73 74  1
 42 48 62 68  1
 42 48 62 66 67  1
 42 48 60 61 68  1
 42 48 60 61 66 67  1
 41 62 69 75  1
 41 62 69 73 74  1
 41 62 67 68 75  1
 41 62 67 68 73 74  1
 41 60 61 69 75  1
 41 60 61 69 73 74  1
 41 60 61 67 68 75  1
 41 60 61 67 68 73 74  1
 41 48 62 69  1
 41 48 62 67 68  1
 41 48 60 61 69  1
 41 48 60 61 67 68  1
 41 42 62 75  1
 41 42 62 73 74  1
 41 42 60 61 75  1
 41 42 60 61 73 74  1
 41 42 48 62  1
 41 42 48 60 61  1
 35 70 75  1
 35 70 73 74  1
 35 66 67 69 75  1
 35 66 67 69 73 74  1
 35 66 67 68 75  1
 35 66 67 68 73 74  1
 35 55 75  1
 35 55 73 74  1
 35 53 54 75  1
 35 53 54 73 74  1
 35 48 70  1
 35 48 66 67 69  1
 35 48 66 67 68  1
 35 48 55  1
 35 48 53 54  1
 35 43 75  1
 35 43 73 74  1
 35 43 48  1
 35 42 68 75  1
 35 42 68 73 74  1
 35 42 66 67 75  1
 35 42 66 67 73 74  1
 35 42 48 68  1
 35 42 48 66 67  1
 35 41 69 75  1
 35 41 69 73 74  1
 35 41 67 68 75  1
 35 41 67 68 73 74  1
 35 41 48 69  1
 35 41 48 67 68  1
 35 41 42 75  1
 35 41 42 73 74  1
 35 41 42 48  1
 28 62 75  1
 28 62 73 74  1
 28 60 61 75  1
 28 60 61 73 74  1
 28 48 62  1
 28 48 60 61  1
 28 35 75  1
 28 35 73 74  1
 28 35 48  1
 7 75  19
 7 73 74  19
 7 48  19
 53 78  7
 53 76 77  9
 52 77  41
 52 75 76  47
 52 60  9
 52 59  21
 51 77  65
 51 53  9
 51 52 61 62  9
 50 52  41
 50 51 77  41
 50 51 76  11
 50 51 75 76  47
 50 51 74 75  13
 50 51 59  21
 49 50 75 76  45
 36 51 52  9
 26 61 62  9
 25 77  41
 25 75 76  47
 25 50  41
 24 77  31
 64 72  15
 64 70 71  15
 60 64  15
 60 61 63 72  15
 60 61 63 70 71  15
 60 61 62 72  15
 60 61 62 70 71  15
 58 59 64  15
 58 59 60 61 63  15
 58 59 60 61 62  15
 49 72  47
 49 70 71  47
 49 60  59
 49 58 59  57
 47 48 72  15
 47 48 70 71  15
 47 48 60  15
 47 48 58 59  15
 45 64  15
 45 60 61 63  15
 45 60 61 62  15
 45 49  47
 45 47 48  15
 37 72  15
 37 70 71  15
 37 60  15
 37 58 59  15
 37 45  15
 36 62 72  15
 36 62 70 71  15
 36 60 62  15
 36 60 61 72  15
 36 60 61 70 71  15
 36 58 59 62  15
 36 58 59 60 61  15
 36 45 62  15
 36 45 60 61  15
 35 63 72  15
 35 63 70 71  15
 35 61 62 72  15
 35 61 62 70 71  15
 35 60 63  15
 35 60 61 62  15
 35 58 59 63  15
 35 58 59 61 62  15
 35 45 63  15
 35 45 61 62  15
 35 36 72  15
 35 36 70 71  15
 35 36 60  15
 35 36 58 59  15
 35 36 45  15
 22 72  15
 22 70 71  15
 22 60  15
 22 58 59  15
 22 45  15
 16 72  5
 16 70 71  5
 16 64  15
 16 60  5
 16 60 61 63  15
 16 60 61 62  15
 16 59 64  5
 16 59 60 61 63  5
 16 59 60 61 62  5
 16 58 64  5
 16 58 60 61 63  5
 16 58 60 61 62  5
 16 58 59  5
 16 49  29
 16 49 59  5
 16 49 58  5
 16 47 48  15
 16 47 48 59  5
 16 47 48 58  5
 16 45  5
 16 37  15
 16 37 59  5
 16 37 58  5
 16 36 62  15
 16 36 60 61  15
 16 36 59 62  5
 16 36 59 60 61  5
 16 36 58 62  5
 16 36 58 60 61  5
 16 35 63  15
 16 35 61 62  15
 16 35 59 63  5
 16 35 59 61 62  5
 16 35 58 63  5
 16 35 58 61 62  5
 16 35 36  15
 16 35 36 59  5
 16 35 36 58  5
 16 22  15
 16 22 59  5
 16 22 58  5
 51 67  63
 51 65 66  63
 40 51  63
 42 74  9
 42 72 73  11
 42 47  9
 51 76  315
 51 74 75  329
 49 51  345
 24 76  289
 24 74 75  303
 24 49  319
 51 61  33
 51 59 60  33
 50 72 73 75  7
 50 72 73 74  7
 49 50 61  33
 49 50 59 60  33
 48 50 74  7
 48 50 72 73  7
 48 49 72 73 75  1
 48 49 72 73 74  1
 47 50 75  7
 47 50 73 74  7
 47 48 51  19
 47 48 49 50  25
 34 51  33
 34 49 50  33
 32 76  17
 32 51 76  1
 32 51 75  1
 32 51 74  3
 32 51 72 73  3
 32 51 72 73 75  1
 32 51 72 73 74  1
 32 51 61  1
 32 51 59 60  1
 32 49  19
 32 49 51  3
 32 49 50  143
 32 49 50 76  1
 32 49 50 75  1
 32 49 50 74  3
 32 49 50 72 73  3
 32 49 50 72 73 75  1
 32 49 50 72 73 74  1
 32 49 50 61  1
 32 49 50 59 60  1
 32 48 51  1
 32 48 51 74  1
 32 48 51 72 73  1
 32 48 49 50 74  1
 32 48 49 50 72 73  1
 32 47 51  3
 32 47 51 75  1
 32 47 51 73 74  1
 32 47 49 50  3
 32 47 49 50 75  1
 32 47 49 50 73 74  1
 32 47 48 51  3
 32 47 48 49 50  3
 32 34 51  1
 32 34 49 50  1
 30 49 50  3
 30 31 76  17
 30 31 51 76  1
 30 31 51 75  1
 30 31 51 74  3
 30 31 51 72 73  3
 30 31 51 72 73 75  1
 30 31 51 72 73 74  1
 30 31 51 61  1
 30 31 51 59 60  1
 30 31 49  19
 30 31 49 51  3
 30 31 49 50  143
 30 31 49 50 76  1
 30 31 49 50 75  1
 30 31 49 50 74  3
 30 31 49 50 72 73  3
 30 31 49 50 72 73 75  1
 30 31 49 50 72 73 74  1
 30 31 49 50 61  1
 30 31 49 50 59 60  1
 30 31 48 51  1
 30 31 48 51 74  1
 30 31 48 51 72 73  1
 30 31 48 49 50 74  1
 30 31 48 49 50 72 73  1
 30 31 47 51  3
 30 31 47 51 75  1
 30 31 47 51 73 74  1
 30 31 47 49 50  3
 30 31 47 49 50 75  1
 30 31 47 49 50 73 74  1
 30 31 47 48 51  3
 30 31 47 48 49 50  3
 30 31 34 51  1
 30 31 34 49 50  1
 28 29 49 50  3
 24 61  33
 24 59 60  33
 24 47 48  19
 24 34  33
 24 32 76  1
 24 32 75  1
 24 32 74  3
 24 32 72 73  3
 24 32 72 73 75  1
 24 32 72 73 74  1
 24 32 61  1
 24 32 59 60  1
 24 32 49  3
 24 32 48  1
 24 32 48 74  1
 24 32 48 72 73  1
 24 32 47  3
 24 32 47 75  1
 24 32 47 73 74  1
 24 32 47 48  3
 24 32 34  1
 24 30 31 76  1
 24 30 31 75  1
 24 30 31 74  3
 24 30 31 72 73  3
 24 30 31 72 73 75  1
 24 30 31 72 73 74  1
 24 30 31 61  1
 24 30 31 59 60  1
 24 30 31 49  3
 24 30 31 48  1
 24 30 31 48 74  1
 24 30 31 48 72 73  1
 24 30 31 47  3
 24 30 31 47 75  1
 24 30 31 47 73 74  1
 24 30 31 47 48  3
 24 30 31 34  1
 23 72 73 75  1
 23 72 73 74  1
 23 48 74  1
 23 48 72 73  1
 23 47 75  1
 23 47 73 74  1
 5 76  17
 5 51 76  1
 5 51 75  1
 5 51 74  3
 5 51 72 73  3
 5 51 72 73 75  1
 5 51 72 73 74  1
 5 51 61  1
 5 51 59 60  1
 5 49  19
 5 49 51  3
 5 49 50  143
 5 49 50 76  1
 5 49 50 75  1
 5 49 50 74  3
 5 49 50 72 73  3
 5 49 50 72 73 75  1
 5 49 50 72 73 74  1
 5 49 50 61  1
 5 49 50 59 60  1
 5 48 51  1
 5 48 51 74  1
 5 48 51 72 73  1
 5 48 49 50 74  1
 5 48 49 50 72 73  1
 5 47 51  3
 5 47 51 75  1
 5 47 51 73 74  1
 5 47 49 50  3
 5 47 49 50 75  1
 5 47 49 50 73 74  1
 5 47 48 51  3
 5 47 48 49 50  3
 5 34 51  1
 5 34 49 50  1
 5 24 76  1
 5 24 75  1
 5 24 74  3
 5 24 72 73  3
 5 24 72 73 75  1
 5 24 72 73 74  1
 5 24 61  1
 5 24 59 60  1
 5 24 49  3
 5 24 48  1
 5 24 48 74  1
 5 24 48 72 73  1
 5 24 47  3
 5 24 47 75  1
 5 24 47 73 74  1
 5 24 47 48  3
 5 24 34  1
 3 49 50  3
 35 59 61  3
 24 36  87
 22 51  25
 22 49 50  33
 22 24  25
 63 76 77  15
 62 78  9
 62 76 77  9
 61 62 78  7
 58 63 75  7
 58 63 73 74  7
 58 61 62 75  7
 58 61 62 73 74  7
 51 62  57
 51 61 62  97
 48 58 63  7
 48 58 61 62  7
 36 78  7
 36 58 75  7
 36 58 73 74  7
 36 48 58  7
 17 63  3
 17 61 62  3
 17 36  3
 24 64  29
 10 64  25
 32 76 77  13
 30 31 76 77  13
 30 31 58  5
 5 76 77  13
 5 58  5
 49 50 59  63
 52 78 79  9
 61 62 63  35
 61 62 63 75  1
 61 62 63 73 74  1
 59 63 75  13
 59 63 73 74  13
 59 62 75  13
 59 62 73 74  13
 57 76  81
 57 73 74 76  11
 57 73 74 75  11
 57 60 61  99
 49 57  81
 49 57 75  11
 49 57 73 74  11
 48 61 62 63  1
 48 59 63  13
 48 59 62  13
 48 57 76  11
 48 57 74 75  11
 48 49 57  11
 36 63  11
 36 63 75  1
 36 63 73 74  1
 36 48 63  1
 35 62  39
 35 62 76  1
 35 62 75  3
 35 62 75 76  3
 35 62 73 74  3
 35 62 73 74 76  1
 35 62 73 74 75  1
 35 57  87
 35 49 62  1
 35 49 62 75  1
 35 49 62 73 74  1
 35 48 62  3
 35 48 62 76  1
 35 48 62 74 75  1
 35 48 49 62  1
 21 78  7
 21 76  61
 21 76 77  7
 21 75  35
 21 74 75  67
 21 73 74  35
 21 63  35
 21 63 75  1
 21 63 73 74  1
 21 62 76  5
 21 62 75  3
 21 62 75 76  3
 21 62 73 74  3
 21 62 73 74 76  1
 21 62 73 74 75  1
 21 61 62  35
 21 61 62 75  1
 21 61 62 73 74  1
 21 60 61 76  1
 21 60 61 75  3
 21 60 61 75 76  3
 21 60 61 73 74  3
 21 60 61 73 74 76  1
 21 60 61 73 74 75  1
 21 49  61
 21 49 62  5
 21 49 62 75  1
 21 49 62 73 74  1
 21 49 60 61  1
 21 49 60 61 75  1
 21 49 60 61 73 74  1
 21 48  35
 21 48 63  1
 21 48 62  3
 21 48 62 76  1
 21 48 62 74 75  1
 21 48 61 62  1
 21 48 60 61  3
 21 48 60 61 76  1
 21 48 60 61 74 75  1
 21 48 49 62  1
 21 48 49 60 61  1
 21 36  35
 21 36 75  1
 21 36 73 74  1
 21 36 48  1
 21 35 76  1
 21 35 75  3
 21 35 75 76  3
 21 35 73 74  3
 21 35 73 74 76  1
 21 35 73 74 75  1
 21 35 49  1
 21 35 49 75  1
 21 35 49 73 74  1
 21 35 48  3
 21 35 48 76  1
 21 35 48 74 75  1
 21 35 48 49  1
 20 78  7
 20 76 77  7
 20 75  35
 20 73 74  35
 20 63 75  1
 20 63 73 74  1
 20 62 76  1
 20 62 75  3
 20 62 75 76  3
 20 62 73 74  3
 20 62 73 74 76  1
 20 62 73 74 75  1
 20 61 62 75  1
 20 61 62 73 74  1
 20 60 61 76  1
 20 60 61 75  3
 20 60 61 75 76  3
 20 60 61 73 74  3
 20 60 61 73 74 76  1
 20 60 61 73 74 75  1
 20 51  15
 20 49 62  1
 20 49 62 75  1
 20 49 62 73 74  1
 20 49 60 61  1
 20 49 60 61 75  1
 20 49 60 61 73 74  1
 20 48  35
 20 48 63  1
 20 48 62  3
 20 48 62 76  1
 20 48 62 74 75  1
 20 48 61 62  1
 20 48 60 61  3
 20 48 60 61 76  1
 20 48 60 61 74 75  1
 20 48 49 62  1
 20 48 49 60 61  1
 20 36 75  1
 20 36 73 74  1
 20 36 48  1
 20 35 76  1
 20 35 75  3
 20 35 75 76  3
 20 35 73 74  3
 20 35 73 74 76  1
 20 35 73 74 75  1
 20 35 49  1
 20 35 49 75  1
 20 35 49 73 74  1
 20 35 48  3
 20 35 48 76  1
 20 35 48 74 75  1
 20 35 48 49  1
 19 20 78  7
 19 20 76  65
 19 20 76 77  7
 19 20 75  35
 19 20 74 75  71
 19 20 73 74  35
 19 20 63  11
 19 20 63 75  1
 19 20 63 73 74  1
 19 20 62 76  5
 19 20 62 75  3
 19 20 62 75 76  3
 19 20 62 73 74  3
 19 20 62 73 74 76  1
 19 20 62 73 74 75  1
 19 20 61 62  11
 19 20 61 62 75  1
 19 20 61 62 73 74  1
 19 20 60 61 76  1
 19 20 60 61 75  3
 19 20 60 61 75 76  3
 19 20 60 61 73 74  3
 19 20 60 61 73 74 76  1
 19 20 60 61 73 74 75  1
 19 20 49  65
 19 20 49 62  5
 19 20 49 62 75  1
 19 20 49 62 73 74  1
 19 20 49 60 61  1
 19 20 49 60 61 75  1
 19 20 49 60 61 73 74  1
 19 20 48  35
 19 20 48 63  1
 19 20 48 62  3
 19 20 48 62 76  1
 19 20 48 62 74 75  1
 19 20 48 61 62  1
 19 20 48 60 61  3
 19 20 48 60 61 76  1
 19 20 48 60 61 74 75  1
 19 20 48 49 62  1
 19 20 48 49 60 61  1
 19 20 36  11
 19 20 36 75  1
 19 20 36 73 74  1
 19 20 36 48  1
 19 20 35 76  1
 19 20 35 75  3
 19 20 35 75 76  3
 19 20 35 73 74  3
 19 20 35 73 74 76  1
 19 20 35 73 74 75  1
 19 20 35 49  1
 19 20 35 49 75  1
 19 20 35 49 73 74  1
 19 20 35 48  3
 19 20 35 48 76  1
 19 20 35 48 74 75  1
 19 20 35 48 49  1
 18 19 78  7
 18 19 76 77  7
 18 19 75  35
 18 19 73 74  35
 18 19 63 75  1
 18 19 63 73 74  1
 18 19 62 76  1
 18 19 62 75  3
 18 19 62 75 76  3
 18 19 62 73 74  3
 18 19 62 73 74 76  1
 18 19 62 73 74 75  1
 18 19 61 62 75  1
 18 19 61 62 73 74  1
 18 19 60 61 76  1
 18 19 60 61 75  3
 18 19 60 61 75 76  3
 18 19 60 61 73 74  3
 18 19 60 61 73 74 76  1
 18 19 60 61 73 74 75  1
 18 19 51  15
 18 19 49 62  1
 18 19 49 62 75  1
 18 19 49 62 73 74  1
 18 19 49 60 61  1
 18 19 49 60 61 75  1
 18 19 49 60 61 73 74  1
 18 19 48  35
 18 19 48 63  1
 18 19 48 62  3
 18 19 48 62 76  1
 18 19 48 62 74 75  1
 18 19 48 61 62  1
 18 19 48 60 61  3
 18 19 48 60 61 76  1
 18 19 48 60 61 74 75  1
 18 19 48 49 62  1
 18 19 48 49 60 61  1
 18 19 36 75  1
 18 19 36 73 74  1
 18 19 36 48  1
 18 19 35 76  1
 18 19 35 75  3
 18 19 35 75 76  3
 18 19 35 73 74  3
 18 19 35 73 74 76  1
 18 19 35 73 74 75  1
 18 19 35 49  1
 18 19 35 49 75  1
 18 19 35 49 73 74  1
 18 19 35 48  3
 18 19 35 48 76  1
 18 19 35 48 74 75  1
 18 19 35 48 49  1
 33 62 75  1
 33 62 73 74  1
 33 60 61 75  1
 33 60 61 73 74  1
 33 48 62  1
 33 48 60 61  1
 33 35 75  1
 33 35 73 74  1
 33 35 48  1
 16 75  37
 16 73 74  37
 16 48  37
 51 78  29
 49 50 78  29
 24 78  29
 24 62  131
 24 51  29
 63 69  9
 63 67  37
 63 67 68  15
 63 65 66  37
 61 62 69  9
 61 62 67  37
 61 62 67 68  15
 61 62 65 66  37
 40 63  37
 40 61 62  37
 36 69  9
 36 67  37
 36 67 68  15
 36 66 67  13
 36 65 66  37
 36 41  7
 36 40  37
 11 75  27
 11 73 74  27
 11 62  41
 11 48  27
 65 71  57
 65 69 70  57
 50 65  27
 44 65  57
 25 65  9
 50 51 78 79  1
 25 78 79  1
 36 37  63
 10 63  25
 58 60 75  1
 58 60 73 74  1
 56 57 60 75  1
 56 57 60 73 74  1
 56 57 60 61  1
 48 58 60  1
 48 56 57 60  1
 31 60 75  1
 31 60 73 74  1
 31 60 61  1
 31 48 60  1
 62 74  21
 62 72 73  21
 60 61 74  21
 60 61 72 73  21
 55 74  1
 55 72 73  1
 47 62  21
 47 60 61  21
 35 74  21
 35 72 73  21
 35 47  21
 51 64  23
 51 64 76  7
 51 64 74 75  7
 51 63 76  25
 51 63 74 75  25
 51 61 62 76  9
 51 61 62 74 75  9
 51 60 61 63  7
 51 60 61 63 76  3
 51 60 61 63 74 75  3
 51 60 61 62  7
 51 60 61 62 76  3
 51 60 61 62 74 75  3
 49 51 76  5
 49 51 74 75  5
 49 51 64  7
 49 51 63  25
 49 51 61 62  9
 49 51 60 61 63  3
 49 51 60 61 62  3
 49 50 64 76  7
 49 50 64 74 75  7
 49 50 63 76  25
 49 50 63 74 75  25
 49 50 61 62 76  9
 49 50 61 62 74 75  9
 49 50 60 61 63 76  3
 49 50 60 61 63 74 75  3
 49 50 60 61 62 76  3
 49 50 60 61 62 74 75  3
 47 48 51 76  3
 47 48 51 74 75  3
 47 48 49 51  3
 47 48 49 50 76  3
 47 48 49 50 74 75  3
 37 51  7
 37 51 76  3
 37 51 74 75  3
 37 49 51  3
 37 49 50 76  3
 37 49 50 74 75  3
 36 51 62  7
 36 51 62 76  3
 36 51 62 74 75  3
 36 51 60 61  7
 36 51 60 61 76  3
 36 51 60 61 74 75  3
 36 49 51 62  3
 36 49 51 60 61  3
 36 49 50 62 76  3
 36 49 50 62 74 75  3
 36 49 50 60 61 76  3
 36 49 50 60 61 74 75  3
 35 51 63  7
 35 51 63 76  3
 35 51 63 74 75  3
 35 51 61 62  7
 35 51 61 62 76  3
 35 51 61 62 74 75  3
 35 49 51 63  3
 35 49 51 61 62  3
 35 49 50 63 76  3
 35 49 50 63 74 75  3
 35 49 50 61 62 76  3
 35 49 50 61 62 74 75  3
 35 36 51  7
 35 36 51 76  3
 35 36 51 74 75  3
 35 36 49 51  3
 35 36 49 50 76  3
 35 36 49 50 74 75  3
 24 64 76  7
 24 64 74 75  7
 24 63 76  25
 24 63 74 75  25
 24 61 62 76  9
 24 61 62 74 75  9
 24 60 61 63  7
 24 60 61 63 76  3
 24 60 61 63 74 75  3
 24 60 61 62  7
 24 60 61 62 76  3
 24 60 61 62 74 75  3
 24 49 76  5
 24 49 74 75  5
 24 49 64  7
 24 49 63  25
 24 49 61 62  9
 24 49 60 61 63  3
 24 49 60 61 62  3
 24 47 48 76  3
 24 47 48 74 75  3
 24 47 48 49  3
 24 37  7
 24 37 76  3
 24 37 74 75  3
 24 37 49  3
 24 36 62  7
 24 36 62 76  3
 24 36 62 74 75  3
 24 36 60 61  7
 24 36 60 61 76  3
 24 36 60 61 74 75  3
 24 36 49 62  3
 24 36 49 60 61  3
 24 35 63  7
 24 35 63 76  3
 24 35 63 74 75  3
 24 35 61 62  7
 24 35 61 62 76  3
 24 35 61 62 74 75  3
 24 35 49 63  3
 24 35 49 61 62  3
 24 35 36  7
 24 35 36 76  3
 24 35 36 74 75  3
 24 35 36 49  3
 22 51 76  5
 22 51 74 75  5
 22 49 51  5
 22 49 50 76  5
 22 49 50 74 75  5
 22 24 76  5
 22 24 74 75  5
 22 24 49  5
 10 67  145
 59 63 76  5
 49 59 63  5
 21 51 76  17
 21 51 74 75  17
 21 49 51  17
 21 49 50 76  17
 21 49 50 74 75  17
 21 24 76  17
 21 24 74 75  17
 21 24 49  17
 19 20 51 76  19
 19 20 51 74 75  19
 19 20 49 51  19
 19 20 49 50 76  19
 19 20 49 50 74 75  19
 19 20 24 76  19
 19 20 24 74 75  19
 19 20 24 49  19
 58 62 75  7
 58 62 73 74  7
 58 60 61 75  7
 58 60 61 73 74  7
 48 58 62  7
 48 58 60 61  7
 35 58 75  7
 35 58 73 74  7
 35 48 58  7
 53 61 62 63  1
 51 61 62 63  1
 51 60  7
 51 52 61 62 63  1
 49 50 61 62 63  1
 49 50 60  7
 36 53 63  1
 36 51 63  1
 36 51 52 63  1
 36 49 50 63  1
 26 61 62 63  1
 26 36 63  1
 24 61 62 63  1
 24 36 63  1
 21 53 63  1
 21 53 61 62  1
 21 51 63  1
 21 51 61 62  1
 21 51 52 63  1
 21 51 52 61 62  1
 21 49 50 63  1
 21 49 50 61 62  1
 21 36 53  1
 21 36 51  1
 21 36 51 52  1
 21 36 49 50  1
 21 26 63  1
 21 26 61 62  1
 21 26 36  1
 21 24 63  1
 21 24 61 62  1
 21 24 36  1
 19 20 53 63  1
 19 20 53 61 62  1
 19 20 51 63  1
 19 20 51 61 62  1
 19 20 51 52 63  1
 19 20 51 52 61 62  1
 19 20 49 50 63  1
 19 20 49 50 61 62  1
 19 20 36 53  1
 19 20 36 51  1
 19 20 36 51 52  1
 19 20 36 49 50  1
 19 20 26 63  1
 19 20 26 61 62  1
 19 20 26 36  1
 19 20 24 63  1
 19 20 24 61 62  1
 19 20 24 36  1
 57 62 72  21
 57 62 70 71  21
 57 58 62  21
 45 57 62  21
 32 74 75 77  3
 32 74 75 76  3
 32 63 76  1
 32 63 74 75  1
 32 61 62 76  1
 32 61 62 74 75  1
 32 50 76  3
 32 50 74 75  3
 32 49 77  3
 32 49 75 76  3
 32 49 63  1
 32 49 61 62  1
 32 36 76  1
 32 36 74 75  1
 32 36 49  1
 30 31 74 75 77  3
 30 31 74 75 76  3
 30 31 63 76  1
 30 31 63 74 75  1
 30 31 61 62 76  1
 30 31 61 62 74 75  1
 30 31 50 76  3
 30 31 50 74 75  3
 30 31 49 77  3
 30 31 49 75 76  3
 30 31 49 63  1
 30 31 49 61 62  1
 30 31 36 76  1
 30 31 36 74 75  1
 30 31 36 49  1
 5 74 75 77  3
 5 74 75 76  3
 5 63 76  1
 5 63 74 75  1
 5 61 62 76  1
 5 61 62 74 75  1
 5 50 76  3
 5 50 74 75  3
 5 49 77  3
 5 49 75 76  3
 5 49 63  1
 5 49 61 62  1
 5 36 76  1
 5 36 74 75  1
 5 36 49  1
 37 67  1
 37 65 66  1
 37 40  1
 35 36 67  1
 35 36 65 66  1
 35 36 40  1
 32 67  17
 32 65 66  17
 32 48 49  29
 32 40  17
 32 37  31
 32 37 67  1
 32 37 65 66  1
 32 37 40  1
 32 35 36 67  1
 32 35 36 65 66  1
 32 35 36 40  1
 30 31 67  17
 30 31 65 66  17
 30 31 48 49  29
 30 31 40  17
 30 31 37  31
 30 31 37 67  1
 30 31 37 65 66  1
 30 31 37 40  1
 30 31 35 36 67  1
 30 31 35 36 65 66  1
 30 31 35 36 40  1
 28 67  1
 28 65 66  1
 28 40  1
 28 32  5
 28 32 67  1
 28 32 65 66  1
 28 32 40  1
 28 30 31  5
 28 30 31 67  1
 28 30 31 65 66  1
 28 30 31 40  1
 26 27 67  1
 26 27 65 66  1
 26 27 40  1
 26 27 32  5
 26 27 32 67  1
 26 27 32 65 66  1
 26 27 32 40  1
 26 27 30 31  5
 26 27 30 31 67  1
 26 27 30 31 65 66  1
 26 27 30 31 40  1
 10 65 66  1
 10 40  1
 10 32 67  1
 10 32 65 66  1
 10 32 40  1
 10 30 31 67  1
 10 30 31 65 66  1
 10 30 31 40  1
 5 67  17
 5 65 66  17
 5 48 49  29
 5 40  17
 5 37  31
 5 37 67  1
 5 37 65 66  1
 5 37 40  1
 5 35 36 67  1
 5 35 36 65 66  1
 5 35 36 40  1
 5 28  5
 5 28 67  1
 5 28 65 66  1
 5 28 40  1
 5 26 27  5
 5 26 27 67  1
 5 26 27 65 66  1
 5 26 27 40  1
 5 10 67  1
 5 10 65 66  1
 5 10 40  1
 1 67  1
 1 65 66  1
 1 40  1
 1 32  5
 1 32 67  1
 1 32 65 66  1
 1 32 40  1
 1 30 31  5
 1 30 31 67  1
 1 30 31 65 66  1
 1 30 31 40  1
 1 5  5
 1 5 67  1
 1 5 65 66  1
 1 5 40  1
 63 74 75 77  1
 63 74 75 76  1
 61 62 74 75 77  1
 61 62 74 75 76  1
 50 63 76  1
 50 63 74 75  1
 50 61 62 76  1
 50 61 62 74 75  1
 49 63 77  1
 49 63 75 76  1
 49 61 62 77  1
 49 61 62 75 76  1
 36 74 75 77  1
 36 74 75 76  1
 36 50 76  1
 36 50 74 75  1
 36 49 77  1
 36 49 75 76  1
 61 62 64  13
 36 64  13
 26 64  33
 25 32  23
 30 31 33  5
 30 31 32  5
 29  1
 27 28  1
 6 32  5
 6 30 31  5
 5 33  5
 5 31 32  5
 2  1
 32 73 74 76  1
 32 73 74 75  1
 32 49 75  1
 32 49 73 74  1
 32 48 76  1
 32 48 74 75  1
 32 42 75  3
 32 42 74  3
 32 42 73 74  3
 32 42 72 73  3
 32 42 48  3
 32 42 47  3
 30 31 73 74 76  1
 30 31 73 74 75  1
 30 31 49 75  1
 30 31 49 73 74  1
 30 31 48 76  1
 30 31 48 74 75  1
 30 31 42 75  3
 30 31 42 74  3
 30 31 42 73 74  3
 30 31 42 72 73  3
 30 31 42 48  3
 30 31 42 47  3
 17 75  3
 17 73 74  3
 17 48  3
 17 32 75  3
 17 32 74  3
 17 32 73 74  3
 17 32 72 73  3
 17 32 48  3
 17 32 47  3
 17 30 31 75  3
 17 30 31 74  3
 17 30 31 73 74  3
 17 30 31 72 73  3
 17 30 31 48  3
 17 30 31 47  3
 5 73 74 76  1
 5 73 74 75  1
 5 49 75  1
 5 49 73 74  1
 5 48 76  1
 5 48 74 75  1
 5 42 75  3
 5 42 74  3
 5 42 73 74  3
 5 42 72 73  3
 5 42 48  3
 5 42 47  3
 5 17 75  3
 5 17 74  3
 5 17 73 74  3
 5 17 72 73  3
 5 17 48  3
 5 17 47  3
 18 61  3
 18 59 60  3
 18 34  3
 67 78  15
 67 76 77  15
 65 66 78  15
 65 66 76 77  15
 40 78  15
 40 76 77  15
 73 79  13
 73 77 78  13
 71 72 79  13
 71 72 77 78  13
 52 73  13
 52 71 72  13
 46 79  13
 46 77 78  13
 46 52  13
 51 66  1
 51 64 65  1
 49 50 66  1
 49 50 64 65  1
 39 51  1
 39 49 50  1
 24 66  1
 24 64 65  1
 24 39  1
 52 58 77  1
 52 58 75  1
 52 58 75 76  1
 52 58 73 74  1
 50 52 58  1
 50 51 58  9
 50 51 58 77  1
 50 51 58 75  1
 50 51 58 75 76  1
 50 51 58 73 74  1
 48 52 58  1
 48 50 51 58  1
 38 77  15
 38 76 77  3
 38 75  9
 38 75 78  1
 38 75 77  1
 38 75 76 77  1
 38 74 75  3
 38 74 75 77  1
 38 74 75 76  1
 38 73 74  9
 38 73 74 78  1
 38 73 74 77  1
 38 73 74 76  1
 38 73 74 76 77  1
 38 73 74 75  1
 38 73 74 75 76  1
 38 63 75  1
 38 63 73 74  1
 38 62 77  1
 38 62 75 76  1
 38 61 62 75  1
 38 61 62 73 74  1
 38 60 77  1
 38 60 75  1
 38 60 75 76  1
 38 60 73 74  1
 38 60 61 77  1
 38 60 61 75 76  1
 38 51 75  1
 38 51 73 74  1
 38 50 76  1
 38 50 75  1
 38 50 74 75  1
 38 50 73 74  1
 38 50 62  1
 38 50 60  1
 38 50 60 61  1
 38 49 77  1
 38 49 75  1
 38 49 75 76  1
 38 49 73 74  1
 38 49 50  1
 38 48  9
 38 48 78  1
 38 48 77  1
 38 48 76  1
 38 48 76 77  1
 38 48 75 76  1
 38 48 74 75  1
 38 48 63  1
 38 48 61 62  1
 38 48 60  1
 38 48 51  1
 38 48 50  1
 36 38 75  1
 36 38 73 74  1
 36 38 48  1
 36 37 77  15
 36 37 76 77  3
 36 37 75 78  1
 36 37 75 77  1
 36 37 75 76 77  1
 36 37 74 75  3
 36 37 74 75 77  1
 36 37 74 75 76  1
 36 37 73 74 78  1
 36 37 73 74 77  1
 36 37 73 74 76  1
 36 37 73 74 76 77  1
 36 37 73 74 75  1
 36 37 73 74 75 76  1
 36 37 63 75  1
 36 37 63 73 74  1
 36 37 62 77  1
 36 37 62 75 76  1
 36 37 61 62 75  1
 36 37 61 62 73 74  1
 36 37 60 77  1
 36 37 60 75  1
 36 37 60 75 76  1
 36 37 60 73 74  1
 36 37 60 61 77  1
 36 37 60 61 75 76  1
 36 37 51 75  1
 36 37 51 73 74  1
 36 37 50  15
 36 37 50 76  1
 36 37 50 75  1
 36 37 50 74 75  1
 36 37 50 73 74  1
 36 37 50 62  1
 36 37 50 60  1
 36 37 50 60 61  1
 36 37 49 77  1
 36 37 49 75  1
 36 37 49 75 76  1
 36 37 49 73 74  1
 36 37 49 50  1
 36 37 48 78  1
 36 37 48 77  1
 36 37 48 76  1
 36 37 48 76 77  1
 36 37 48 75 76  1
 36 37 48 74 75  1
 36 37 48 63  1
 36 37 48 61 62  1
 36 37 48 60  1
 36 37 48 51  1
 36 37 48 50  1
 36 37 48 49  1
 35 38 77  1
 35 38 75 76  1
 35 38 50  1
 35 36 37 77  1
 35 36 37 75 76  1
 35 36 37 50  1
 25 58 77  1
 25 58 75  1
 25 58 75 76  1
 25 58 73 74  1
 25 50 58  1
 25 48 58  1
 15 38 77  1
 15 38 75 76  1
 15 38 50  1
 15 36 37 77  1
 15 36 37 75 76  1
 15 36 37 50  1
 11 77  15
 11 76 77  3
 11 75 78  1
 11 75 77  1
 11 75 76 77  1
 11 74 75  3
 11 74 75 77  1
 11 74 75 76  1
 11 73 74 78  1
 11 73 74 77  1
 11 73 74 76  1
 11 73 74 76 77  1
 11 73 74 75  1
 11 73 74 75 76  1
 11 63 75  1
 11 63 73 74  1
 11 62 77  1
 11 62 75 76  1
 11 61 62 75  1
 11 61 62 73 74  1
 11 60 77  1
 11 60 75  1
 11 60 75 76  1
 11 60 73 74  1
 11 60 61 77  1
 11 60 61 75 76  1
 11 51 75  1
 11 51 73 74  1
 11 50  15
 11 50 76  1
 11 50 75  1
 11 50 74 75  1
 11 50 73 74  1
 11 50 62  1
 11 50 60  1
 11 50 60 61  1
 11 49 77  1
 11 49 75  1
 11 49 75 76  1
 11 49 73 74  1
 11 49 50  1
 11 48 78  1
 11 48 77  1
 11 48 76  1
 11 48 76 77  1
 11 48 75 76  1
 11 48 74 75  1
 11 48 63  1
 11 48 61 62  1
 11 48 60  1
 11 48 51  1
 11 48 50  1
 11 48 49  1
 11 36 75  1
 11 36 73 74  1
 11 36 48  1
 11 35 77  1
 11 35 75 76  1
 11 35 50  1
 11 15 77  1
 11 15 75 76  1
 11 15 50  1
 26 61  9
 34 62 75  1
 34 62 73 74  1
 34 60 61 75  1
 34 60 61 73 74  1
 34 48 62  1
 34 48 60 61  1
 34 35 75  1
 34 35 73 74  1
 34 35 48  1
 59 63 69  1
 59 63 67 68  1
 59 61 62 69  1
 59 61 62 67 68  1
 58 63 69  1
 58 63 67 68  1
 58 61 62 69  1
 58 61 62 67 68  1
 42 59 63  1
 42 59 61 62  1
 42 58 63  1
 42 58 61 62  1
 36 59 69  1
 36 59 67 68  1
 36 58 69  1
 36 58 67 68  1
 36 42 59  1
 36 42 58  1
 76 77 78 79  3
 51 78 79  5
 32 51 63  17
 32 51 61 62  19
 32 49 50 63  17
 32 49 50 61 62  19
 32 48 49 51  19
 32 36 51  17
 32 36 49 50  17
 30 31 51 63  17
 30 31 51 61 62  19
 30 31 49 50 63  17
 30 31 49 50 61 62  19
 30 31 48 49 51  19
 30 31 36 51  17
 30 31 36 49 50  17
 25 30 31  19
 24 32 63  17
 24 32 61 62  19
 24 32 50  19
 24 32 48 49  19
 24 32 36  17
 24 30 31 63  17
 24 30 31 61 62  19
 24 30 31 50  19
 24 30 31 48 49  19
 24 30 31 36  17
 23 32 51  19
 23 32 49 50  19
 23 30 31 51  19
 23 30 31 49 50  19
 23 24 32  19
 23 24 30 31  19
 5 51 63  17
 5 51 61 62  19
 5 49 50 63  17
 5 49 50 61 62  19
 5 48 49 51  19
 5 36 51  17
 5 36 49 50  17
 5 25  19
 5 24 63  17
 5 24 61 62  19
 5 24 50  19
 5 24 48 49  19
 5 24 36  17
 5 23 51  19
 5 23 49 50  19
 5 23 24  19
 63 65 76  3
 63 65 74 75  3
 63 64 76  3
 63 64 74 75  3
 61 62 65 76  3
 61 62 65 74 75  3
 61 62 64 76  3
 61 62 64 74 75  3
 51 74 75 77  1
 51 74 75 76  1
 49 63 65  3
 49 63 64  3
 49 61 62 65  3
 49 61 62 64  3
 49 51 77  1
 49 51 75 76  1
 49 50 74 75 77  1
 49 50 74 75 76  1
 36 65 76  3
 36 65 74 75  3
 36 64 76  3
 36 64 74 75  3
 36 49 65  3
 36 49 64  3
 24 74 75 77  1
 24 74 75 76  1
 24 50 76  1
 24 50 74 75  1
 24 49 77  1
 24 49 75 76  1
 24 49 50  1
 23 63 76  3
 23 63 74 75  3
 23 61 62 76  3
 23 61 62 74 75  3
 23 49 63  3
 23 49 61 62  3
 23 36 76  3
 23 36 74 75  3
 23 36 49  3
 22 63 76  3
 22 63 74 75  3
 22 61 62 76  3
 22 61 62 74 75  3
 22 49 63  3
 22 49 61 62  3
 22 36 76  3
 22 36 74 75  3
 22 36 49  3
 21 22 63 76  3
 21 22 63 74 75  3
 21 22 61 62 76  3
 21 22 61 62 74 75  3
 21 22 49 63  3
 21 22 49 61 62  3
 21 22 36 76  3
 21 22 36 74 75  3
 21 22 36 49  3
 20 21 63 76  3
 20 21 63 74 75  3
 20 21 61 62 76  3
 20 21 61 62 74 75  3
 20 21 49 63  3
 20 21 49 61 62  3
 20 21 36 76  3
 20 21 36 74 75  3
 20 21 36 49  3
 32 79  5
 32 77 78  5
 32 64  7
 32 63 77  1
 32 63 75 76  1
 32 62 63  9
 32 61 62 77  1
 32 61 62 75 76  1
 32 50 63  1
 32 50 61 62  1
 32 42 77  1
 32 42 75 76  1
 32 42 50  1
 32 36 77  1
 32 36 75 76  1
 32 36 50  1
 30 77  1
 30 76 77  3
 30 74 75 77  1
 30 74 75 76  1
 30 50  1
 30 50 76  1
 30 50 74 75  1
 30 49 77  1
 30 49 75 76  1
 30 31 79  5
 30 31 77 78  5
 30 31 64  7
 30 31 63 77  1
 30 31 63 75 76  1
 30 31 62 63  9
 30 31 61 62 77  1
 30 31 61 62 75 76  1
 30 31 50 63  1
 30 31 50 61 62  1
 30 31 42 77  1
 30 31 42 75 76  1
 30 31 42 50  1
 30 31 36 77  1
 30 31 36 75 76  1
 30 31 36 50  1
 28 29 77  1
 28 29 76 77  3
 28 29 74 75 77  1
 28 29 74 75 76  1
 28 29 50  1
 28 29 50 76  1
 28 29 50 74 75  1
 28 29 49 77  1
 28 29 49 75 76  1
 17 32 77  1
 17 32 75 76  1
 17 32 50  1
 17 30 31 77  1
 17 30 31 75 76  1
 17 30 31 50  1
 5 79  5
 5 77 78  5
 5 64  7
 5 63 77  1
 5 63 75 76  1
 5 62 63  9
 5 61 62 77  1
 5 61 62 75 76  1
 5 50 63  1
 5 50 61 62  1
 5 42 77  1
 5 42 75 76  1
 5 42 50  1
 5 36 77  1
 5 36 75 76  1
 5 36 50  1
 5 17 77  1
 5 17 75 76  1
 5 17 50  1
 3 77  1
 3 76 77  3
 3 74 75 77  1
 3 74 75 76  1
 3 50  1
 3 50 76  1
 3 50 74 75  1
 3 49 77  1
 3 49 75 76  1
 50 63 64  3
 48 49 65  3
 48 49 63 64  3
 23 65  3
 23 63 64  3
 23 38  3
 59 63 77  1
 59 63 73 74 76  1
 59 63 73 74 75  1
 59 62 76  3
 59 62 74 75  3
 59 61 62 77  1
 59 61 62 76  1
 59 61 62 75  1
 59 61 62 73 74  1
 59 61 62 73 74 76  1
 59 61 62 73 74 75  1
 59 60 61 76  3
 59 60 61 74 75  3
 50 59 63  1
 50 59 61 62  1
 49 59 63 75  1
 49 59 63 73 74  1
 49 59 62  3
 49 59 61 62  1
 49 59 61 62 75  1
 49 59 61 62 73 74  1
 49 59 60 61  3
 48 59 63 76  1
 48 59 63 74 75  1
 48 59 61 62  1
 48 59 61 62 76  1
 48 59 61 62 74 75  1
 48 49 59 63  1
 48 49 59 61 62  1
 36 59 77  1
 36 59 76  1
 36 59 75  1
 36 59 73 74  1
 36 59 73 74 76  1
 36 59 73 74 75  1
 36 50 59  1
 36 49 59  1
 36 49 59 75  1
 36 49 59 73 74  1
 36 48 59  1
 36 48 59 76  1
 36 48 59 74 75  1
 36 48 49 59  1
 35 59 76  3
 35 59 74 75  3
 35 49 59  3
 7 59  1
 9 62 75  1
 9 62 73 74  1
 9 60 61 75  1
 9 60 61 73 74  1
 9 48 62  1
 9 48 60 61  1
 9 35 75  1
 9 35 73 74  1
 9 35 48  1
 34 35 66 67  1
 34 35 41  1
 9 66 67  1
 9 41  1
 63 72 73 75  3
 63 72 73 74  3
 62 72 73 75  9
 62 72 73 74  9
 61 62 72 73 75  3
 61 62 72 73 74  3
 60 61 72 73 75  9
 60 61 72 73 74  9
 59 75 77  1
 59 73 74 77  1
 59 73 74 75 76  1
 59 60 61 75  1
 59 60 61 73 74  1
 58 75 77  1
 58 73 74 77  1
 58 73 74 75 76  1
 50 59 75  1
 50 59 73 74  1
 50 58 75  1
 50 58 73 74  1
 48 63 74  3
 48 63 72 73  3
 48 62 74  9
 48 62 72 73  9
 48 61 62 74  3
 48 61 62 72 73  3
 48 60 61 74  9
 48 60 61 72 73  9
 48 59 77  1
 48 59 75 76  1
 48 59 60 61  1
 48 58 77  1
 48 58 75 76  1
 48 50 59  1
 48 50 58  1
 47 63 75  3
 47 63 73 74  3
 47 62 75  9
 47 62 73 74  9
 47 61 62 75  3
 47 61 62 73 74  3
 47 60 61 75  9
 47 60 61 73 74  9
 47 48 63  3
 47 48 61 62  3
 36 72 73 75  3
 36 72 73 74  3
 36 48 74  3
 36 48 72 73  3
 36 47 75  3
 36 47 73 74  3
 36 47 48  3
 35 72 73 75  9
 35 72 73 74  9
 35 59 75  1
 35 59 73 74  1
 35 48 74  9
 35 48 72 73  9
 35 48 59  1
 35 47 75  9
 35 47 73 74  9
 16 63 75  1
 16 63 73 74  1
 16 62 75  3
 16 62 73 74  3
 16 61 62 75  1
 16 61 62 73 74  1
 16 60 61 75  3
 16 60 61 73 74  3
 16 48 63  1
 16 48 62  3
 16 48 61 62  1
 16 48 60 61  3
 16 36 75  1
 16 36 73 74  1
 16 36 48  1
 16 35 75  3
 16 35 73 74  3
 16 35 48  3
 53 64 76  3
 53 64 75  3
 53 64 75 76  5
 53 64 73 74  3
 53 64 73 74 76  1
 53 64 73 74 75  1
 53 62 64  3
 53 62 63 76  3
 53 62 63 75  3
 53 62 63 75 76  5
 53 62 63 73 74  3
 53 62 63 73 74 76  1
 53 62 63 73 74 75  1
 53 60 61 64  3
 53 60 61 62 63  3
 51 52 64  21
 51 52 64 76  3
 51 52 64 75  3
 51 52 64 75 76  5
 51 52 64 73 74  3
 51 52 64 73 74 76  1
 51 52 64 73 74 75  1
 51 52 62 64  3
 51 52 62 63 76  3
 51 52 62 63 75  3
 51 52 62 63 75 76  5
 51 52 62 63 73 74  3
 51 52 62 63 73 74 76  1
 51 52 62 63 73 74 75  1
 51 52 60 61 64  3
 51 52 60 61 62 63  3
 49 53 64  3
 49 53 64 75  1
 49 53 64 73 74  1
 49 53 62 63  3
 49 53 62 63 75  1
 49 53 62 63 73 74  1
 49 51 52 64  3
 49 51 52 64 75  1
 49 51 52 64 73 74  1
 49 51 52 62 63  3
 49 51 52 62 63 75  1
 49 51 52 62 63 73 74  1
 48 53 64  3
 48 53 64 76  1
 48 53 64 74 75  1
 48 53 62 63  3
 48 53 62 63 76  1
 48 53 62 63 74 75  1
 48 51 52 64  3
 48 51 52 64 76  1
 48 51 52 64 74 75  1
 48 51 52 62 63  3
 48 51 52 62 63 76  1
 48 51 52 62 63 74 75  1
 48 49 53 64  1
 48 49 53 62 63  1
 48 49 51 52 64  1
 48 49 51 52 62 63  1
 37 53 76  3
 37 53 75  3
 37 53 75 76  5
 37 53 73 74  3
 37 53 73 74 76  1
 37 53 73 74 75  1
 37 53 62  3
 37 53 60 61  3
 37 51 52  21
 37 51 52 76  3
 37 51 52 75  3
 37 51 52 75 76  5
 37 51 52 73 74  3
 37 51 52 73 74 76  1
 37 51 52 73 74 75  1
 37 51 52 62  3
 37 51 52 60 61  3
 37 49 53  3
 37 49 53 75  1
 37 49 53 73 74  1
 37 49 51 52  3
 37 49 51 52 75  1
 37 49 51 52 73 74  1
 37 48 53  3
 37 48 53 76  1
 37 48 53 74 75  1
 37 48 51 52  3
 37 48 51 52 76  1
 37 48 51 52 74 75  1
 37 48 49 53  1
 37 48 49 51 52  1
 35 53 64  3
 35 53 62 63  3
 35 51 52 64  3
 35 51 52 62 63  3
 35 37 53  3
 35 37 51 52  3
 26 64 76  3
 26 64 75  3
 26 64 75 76  5
 26 64 73 74  3
 26 64 73 74 76  1
 26 64 73 74 75  1
 26 62 64  3
 26 62 63 76  3
 26 62 63 75  3
 26 62 63 75 76  5
 26 62 63 73 74  3
 26 62 63 73 74 76  1
 26 62 63 73 74 75  1
 26 60 61 64  3
 26 60 61 62 63  3
 26 49 64  3
 26 49 64 75  1
 26 49 64 73 74  1
 26 49 62 63  3
 26 49 62 63 75  1
 26 49 62 63 73 74  1
 26 48 64  3
 26 48 64 76  1
 26 48 64 74 75  1
 26 48 62 63  3
 26 48 62 63 76  1
 26 48 62 63 74 75  1
 26 48 49 64  1
 26 48 49 62 63  1
 26 37  21
 26 37 76  3
 26 37 75  3
 26 37 75 76  5
 26 37 73 74  3
 26 37 73 74 76  1
 26 37 73 74 75  1
 26 37 62  3
 26 37 60 61  3
 26 37 49  3
 26 37 49 75  1
 26 37 49 73 74  1
 26 37 48  3
 26 37 48 76  1
 26 37 48 74 75  1
 26 37 48 49  1
 26 35 64  3
 26 35 62 63  3
 26 35 37  3
 74 79  3
 74 77 78  3
 71 72 74 79  1
 71 72 74 77 78  1
 71 72 73 79  1
 71 72 73 77 78  1
 60 79  1
 60 77 78  1
 58 59 79  1
 58 59 77 78  1
 55 79  1
 55 77 78  1
 52 74  3
 52 71 72 74  1
 52 71 72 73  1
 52 58 59  1
 52 55  1
 47 79  3
 47 77 78  3
 47 73 79  1
 47 73 77 78  1
 47 71 72 79  1
 47 71 72 77 78  1
 47 52  3
 47 52 73  1
 47 52 71 72  1
 46 74 79  1
 46 74 77 78  1
 46 72 73 79  1
 46 72 73 77 78  1
 46 52 74  1
 46 52 72 73  1
 46 47 79  1
 46 47 77 78  1
 46 47 52  1
 33 79  1
 33 77 78  1
 33 52  1
 47 48 50 76  3
 47 48 50 74 75  3
 47 48 49 76  3
 47 48 49 74 75  3
 23 49 76  3
 23 49 74 75  3
 23 47 48 76  3
 23 47 48 74 75  3
 23 47 48 49  3
 22 50 76  3
 22 50 74 75  3
 22 48 49 76  3
 22 48 49 74 75  3
 22 23 76  3
 22 23 74 75  3
 22 23 49  3
