  199419
 43  3293
 75  1363
 75 76  1703
 59 76  419
 59 74 75  421
 58  2133
 50  1331
 49  3483
 49 59  435
 48  1367
 31  251
 29 30  35
 4  35
 78  631
 68 77  11
 68 75 76  11
 67 78  5
 67 77  59
 67 75 76  63
 66 67  273
 66 67 77  11
 66 67 75 76  11
 65 66  325
 65 66 78  5
 65 66 77  59
 65 66 75 76  63
 63  1145
 63 67  5
 63 65 66  5
 61 62  1195
 54 75 76  25
 54 67  15
 54 65 66  15
 51 67  5
 51 65 66  5
 50 68  11
 50 67  59
 50 66 67  11
 50 65 66  59
 49 50  507
 41 77  11
 41 75 76  11
 41 50  11
 40 78  5
 40 77  59
 40 75 76  63
 40 63  5
 40 54  15
 40 51  5
 40 50  59
 36  1147
 32  159
 32 77  19
 32 75 76  25
 32 61 62  9
 32 50  19
 32 49  9
 30 31  149
 30 31 77  19
 30 31 75 76  25
 30 31 61 62  9
 30 31 50  19
 30 31 49  9
 17  167
 5  147
 5 77  19
 5 75 76  25
 5 61 62  9
 5 50  19
 5 49  9
 38  31
 0  617
 73  85
 71 72  85
 62  2025
 62 63  489
 60 61 63  207
 47 48  341
 46  157
 36 62  209
 36 60 61  207
 35 63  203
 35 61 62  207
 58 76  119
 58 75  29
 58 75 76  71
 58 74 75  127
 58 73 74  29
 50 58  43
 49 75  101
 49 73 74  105
 49 58  119
 48 58  29
 48 49 58  9
 72  1935
 72 78  13
 72 77  15
 72 74 75 77  13
 72 74 75 76  13
 70 71  2103
 70 71 78  13
 70 71 77  15
 70 71 74 75 77  13
 70 71 74 75 76  13
 68 72 76  1
 68 72 74 75  1
 68 70 71 76  1
 68 70 71 74 75  1
 66 67 76  39
 66 67 74 75  39
 66 67 72 76  1
 66 67 72 74 75  1
 66 67 70 71 76  1
 66 67 70 71 74 75  1
 63 72  13
 63 70 71  13
 61 62 72  13
 61 62 70 71  13
 60 78  13
 60 77  15
 60 74 75 77  13
 60 74 75 76  13
 60 68 76  1
 60 68 74 75  1
 60 66 67 76  1
 60 66 67 74 75  1
 60 63  13
 59 78  61
 59 77  69
 59 74 75 77  61
 59 74 75 76  61
 59 68 76  5
 59 68 74 75  5
 59 66 67 76  5
 59 66 67 74 75  5
 59 63  85
 59 61 62  97
 58 66 67 76  7
 58 66 67 74 75  7
 58 63  19
 58 61 62  19
 58 59 78  13
 58 59 77  15
 58 59 74 75 77  13
 58 59 74 75 76  13
 58 59 68 76  1
 58 59 68 74 75  1
 58 59 66 67 76  1
 58 59 66 67 74 75  1
 58 59 63  13
 58 59 61 62  13
 52 53  21
 51 72  13
 51 70 71  13
 51 60  13
 51 59  61
 51 58 59  13
 50 72  15
 50 72 76  13
 50 72 74 75  13
 50 70 71  15
 50 70 71 76  13
 50 70 71 74 75  13
 50 60  15
 50 60 76  13
 50 60 74 75  13
 50 59  69
 50 59 76  61
 50 59 74 75  61
 50 58 59  15
 50 58 59 76  13
 50 58 59 74 75  13
 49 72 77  13
 49 72 75 76  13
 49 70 71 77  13
 49 70 71 75 76  13
 49 68 72  1
 49 68 70 71  1
 49 66 67  39
 49 66 67 72  1
 49 66 67 70 71  1
 49 60 77  13
 49 60 75 76  13
 49 60 68  1
 49 60 66 67  1
 49 59 77  61
 49 59 75 76  61
 49 59 68  5
 49 59 66 67  5
 49 58 66 67  7
 49 58 59 77  13
 49 58 59 75 76  13
 49 58 59 68  1
 49 58 59 66 67  1
 49 50 72  13
 49 50 70 71  13
 49 50 60  13
 49 50 59  61
 49 50 58 59  13
 45 78  13
 45 77  15
 45 74 75 77  13
 45 74 75 76  13
 45 68 76  1
 45 68 74 75  1
 45 66 67 76  1
 45 66 67 74 75  1
 45 63  13
 45 61 62  13
 45 51  13
 45 50  15
 45 50 76  13
 45 50 74 75  13
 45 49 77  13
 45 49 75 76  13
 45 49 68  1
 45 49 66 67  1
 45 49 50  13
 41 72 76  1
 41 72 74 75  1
 41 70 71 76  1
 41 70 71 74 75  1
 41 60 76  1
 41 60 74 75  1
 41 59 76  5
 41 59 74 75  5
 41 58 59 76  1
 41 58 59 74 75  1
 41 49 72  1
 41 49 70 71  1
 41 49 60  1
 41 49 59  5
 41 49 58 59  1
 41 45 76  1
 41 45 74 75  1
 41 45 49  1
 36 72  13
 36 70 71  13
 36 60  13
 36 59  85
 36 58  19
 36 58 59  13
 36 45  13
 33  39
 66  29
 26  649
 11  1075
 10  983
 34  633
 34 54  3
 34 54 64  1
 32 33  337
 32 33 54  3
 32 33 54 64  1
 7 54  3
 7 54 64  1
 0 76  5
 0 74 75  5
 0 54  5
 0 49  5
 0 34 64  1
 0 32 33 64  1
 0 7 64  1
 79  429
 52  591
 54 78  5
 54 74 75 77  1
 54 74 75 76  1
 54 63  7
 54 61 62  7
 51 76  7
 51 74 75  7
 51 54  5
 50 54 76  1
 50 54 74 75  1
 49 54 77  1
 49 54 75 76  1
 49 51  7
 49 50 76  7
 49 50 74 75  7
 49 50 54  1
 49 50 51  5
 36 54  7
 24  1449
 24 76  7
 24 74 75  7
 24 49  7
 17 78  1
 17 77  3
 17 76  1
 17 74 75  1
 17 74 75 77  1
 17 74 75 76  1
 17 72  1
 17 70 71  1
 17 63  1
 17 61 62  1
 17 60  1
 17 59  1
 17 58  17
 17 58 78  1
 17 58 77  3
 17 58 76  1
 17 58 74 75  1
 17 58 74 75 77  1
 17 58 74 75 76  1
 17 58 63  1
 17 58 61 62  1
 17 58 59  1
 17 54  1
 17 51  1
 17 51 58  1
 17 50  3
 17 50 76  1
 17 50 74 75  1
 17 50 58  3
 17 50 58 76  1
 17 50 58 74 75  1
 17 49  1
 17 49 77  1
 17 49 75 76  1
 17 49 58  1
 17 49 58 77  1
 17 49 58 75 76  1
 17 49 50  1
 17 49 50 58  1
 17 45  1
 17 36  1
 17 36 58  1
 51 78  1
 51 76 77  1
 49 50 78  1
 49 50 77  1
 49 50 76 77  1
 49 50 75 76  1
 24 78  1
 24 77  1
 24 76 77  1
 24 75 76  1
 24 51  1
 24 50  1
 64 77  7
 64 75 76  7
 62 63 77  13
 62 63 75 76  13
 50 64  7
 50 62 63  13
 37 77  7
 37 75 76  7
 37 50  7
 75 77  17
 75 76 77  7
 74  307
 73 74 77  17
 73 74 75 76  21
 64 75  57
 64 73 74  61
 62 75  59
 62 73 74  63
 61 62 76  93
 61 62 75  173
 61 62 74 75  105
 61 62 73 74  185
 60 61 75  59
 60 61 73 74  63
 60 61 63 76  31
 60 61 63 75  57
 60 61 63 74 75  35
 60 61 63 73 74  61
 60 61 62 76  31
 60 61 62 75  57
 60 61 62 74 75  35
 60 61 62 73 74  61
 56  1263
 56 73  35
 56 71 72  35
 56 64  39
 56 62  55
 56 61 62  109
 56 60 61  55
 56 60 61 63  39
 56 60 61 62  39
 50 75  17
 50 73 74  17
 49 76  31
 49 74 75  35
 49 61 62  93
 49 60 61 63  31
 49 60 61 62  31
 48 77  17
 48 75 76  19
 48 64  57
 48 62  59
 48 61 62  173
 48 60 61  59
 48 60 61 63  57
 48 60 61 62  57
 48 50  17
 47  307
 47 48 76  31
 47 48 75  61
 47 48 74 75  35
 47 48 73 74  65
 47 48 56  39
 47 48 49  35
 46 56  35
 37 76  31
 37 75  57
 37 74 75  35
 37 73 74  61
 37 56  39
 37 49  31
 37 48  57
 36 76  63
 36 74 75  71
 36 62 76  31
 36 62 75  57
 36 62 74 75  35
 36 62 73 74  61
 36 60 61 76  31
 36 60 61 75  57
 36 60 61 74 75  35
 36 60 61 73 74  61
 36 56 62  39
 36 56 60 61  39
 36 49  63
 36 49 62  31
 36 49 60 61  31
 36 48 62  57
 36 48 60 61  57
 35 75  59
 35 73 74  63
 35 63 76  31
 35 63 75  57
 35 63 74 75  35
 35 63 73 74  61
 35 61 62 76  31
 35 61 62 75  57
 35 61 62 74 75  35
 35 61 62 73 74  61
 35 56  55
 35 56 63  39
 35 56 61 62  39
 35 49 63  31
 35 49 61 62  31
 35 48  59
 35 48 63  57
 35 48 61 62  57
 35 36 76  31
 35 36 75  57
 35 36 74 75  35
 35 36 73 74  61
 35 36 56  39
 35 36 49  31
 35 36 48  57
 22 76  31
 22 75  57
 22 74 75  35
 22 73 74  61
 22 56  39
 22 49  31
 22 48  57
 18  921
 3 75  9
 3 73 74  9
 3 48  9
 71 72 74  1
 71 72 73  1
 59 74  17
 59 72 73  17
 47 73  1
 47 71 72  1
 47 59  17
 47 48 59  15
 46 74  1
 46 72 73  1
 46 47  1
 28  1
 26 27  1
 1  1
 73 77  3
 73 75 76  3
 71 72 77  3
 71 72 75 76  3
 56 76  177
 56 74 75  179
 56 73 77  3
 56 73 75 76  3
 56 71 72 77  3
 56 71 72 75 76  3
 56 64 77  3
 56 64 75 76  3
 56 62 77  3
 56 62 75 76  3
 56 61 62 77  9
 56 61 62 75 76  9
 56 60 61 77  3
 56 60 61 75 76  3
 56 60 61 63 77  3
 56 60 61 63 75 76  3
 56 60 61 62 77  3
 56 60 61 62 75 76  3
 50 73  3
 50 71 72  3
 50 56 73  3
 50 56 71 72  3
 50 56 64  3
 50 56 62  3
 50 56 61 62  9
 50 56 60 61  3
 50 56 60 61 63  3
 50 56 60 61 62  3
 49 56 77  3
 49 56 75 76  3
 49 50 56  3
 47 48 56 77  3
 47 48 56 75 76  3
 47 48 50 56  3
 46 77  3
 46 75 76  3
 46 56 77  3
 46 56 75 76  3
 46 50  3
 46 50 56  3
 37 56 77  3
 37 56 75 76  3
 37 50 56  3
 36 56 62 77  3
 36 56 62 75 76  3
 36 56 60 61 77  3
 36 56 60 61 75 76  3
 36 50 56 62  3
 36 50 56 60 61  3
 35 56 77  3
 35 56 75 76  3
 35 56 63 77  3
 35 56 63 75 76  3
 35 56 61 62 77  3
 35 56 61 62 75 76  3
 35 50 56  3
 35 50 56 63  3
 35 50 56 61 62  3
 35 36 56 77  3
 35 36 56 75 76  3
 35 36 50 56  3
 22 56 77  3
 22 56 75 76  3
 22 50 56  3
 77 78 79  7
 75 76 78  3
 68 79  9
 68 77 78  9
 66 67 79  9
 66 67 77 78  9
 64 79  11
 64 77 78  11
 64 65  19
 62 68 79  9
 62 68 77 78  9
 62 66 67 79  9
 62 66 67 77 78  9
 62 63 79  11
 62 63 77 78  11
 53 79  5
 53 77 78  5
 52 78 79  5
 52 68  9
 52 66 67  9
 52 64  11
 52 62 68  9
 52 62 66 67  9
 52 62 63  11
 52 54  7
 51 52  43
 50 78  3
 50 76 77  3
 41 79  9
 41 77 78  9
 41 62 79  9
 41 62 77 78  9
 41 52  9
 41 52 62  9
 39  37
 37 79  11
 37 77 78  11
 37 52  11
 34 35 76  1
 34 35 74 75  1
 34 35 49  1
 18 62  1
 0 79  49
 0 78 79  1
 0 77 78  49
 0 68  13
 0 68 79  3
 0 68 77 78  3
 0 66 67  13
 0 66 67 79  3
 0 66 67 77 78  3
 0 62 68  13
 0 62 68 79  3
 0 62 68 77 78  3
 0 62 66 67  13
 0 62 66 67 79  3
 0 62 66 67 77 78  3
 0 53  1
 0 52  61
 0 52 68  3
 0 52 66 67  3
 0 52 62 68  3
 0 52 62 66 67  3
 0 41  13
 0 41 79  3
 0 41 77 78  3
 0 41 62  13
 0 41 62 79  3
 0 41 62 77 78  3
 0 41 52  3
 0 41 52 62  3
 62 71  9
 62 70  81
 62 70 72  3
 62 68 69  81
 62 68 69 72  3
 62 68 69 71  3
 62 68 69 70  3
 62 68 69 70 71  3
 62 67  7
 59 62 70  1
 59 62 68 69  1
 45 62 70  3
 45 62 68 69  3
 44 62  9
 44 62 70  3
 44 62 68 69  3
 43 62  87
 43 62 72  3
 43 62 71  3
 43 62 70 71  3
 43 62 69 70  3
 43 59 62  1
 43 45 62  3
 43 44  1053
 43 44 62  3
 39 40  1001
 23  515
 23 58  1
 39 51  9
 39 49 50  9
 37 38 51  9
 37 38 49 50  9
 24 39  9
 24 37 38  9
 12 51  9
 12 49 50  9
 12 24  9
 59 64 75  3
 59 64 73 74  3
 59 62 75  3
 59 62 73 74  3
 59 61 62 75  9
 59 61 62 73 74  9
 59 60 61 75  3
 59 60 61 73 74  3
 59 60 61 63 75  3
 59 60 61 63 73 74  3
 59 60 61 62 75  3
 59 60 61 62 73 74  3
 49 59 75  3
 49 59 73 74  3
 48 59 64  3
 48 59 62  3
 48 59 61 62  9
 48 59 60 61  3
 48 59 60 61 63  3
 48 59 60 61 62  3
 48 49 59  3
 47 48 59 75  3
 47 48 59 73 74  3
 37 59 75  3
 37 59 73 74  3
 37 48 59  3
 36 59 62 75  3
 36 59 62 73 74  3
 36 59 60 61 75  3
 36 59 60 61 73 74  3
 36 48 59 62  3
 36 48 59 60 61  3
 35 59 75  3
 35 59 73 74  3
 35 59 63 75  3
 35 59 63 73 74  3
 35 59 61 62 75  3
 35 59 61 62 73 74  3
 35 48 59  3
 35 48 59 63  3
 35 48 59 61 62  3
 35 36 59 75  3
 35 36 59 73 74  3
 35 36 48 59  3
 22 59 75  3
 22 59 73 74  3
 22 48 59  3
 0 78  5
 0 77  5
 0 76 77  5
 0 75 76  5
 0 51  5
 0 50  5
 69 78  1
 69 77  1
 69 76 77  1
 69 75 76  1
 67 68 78  1
 67 68 77  1
 67 68 76 77  1
 67 68 75 76  1
 51 69  1
 51 67 68  1
 50 69  1
 50 67 68  1
 42 78  1
 42 77  1
 42 76 77  1
 42 75 76  1
 42 51  1
 42 50  1
 50 51 54  5
 25 54  5
 67 77 78  11
 67 77 78 79  1
 67 75 76 78  1
 67 75 76 77  1
 65 66 77 78  11
 65 66 77 78 79  1
 65 66 75 76 78  1
 65 66 75 76 77  1
 64 67  1
 64 65 67  1
 62 65 66  1
 62 63 67  1
 62 63 65 66  1
 53 67  1
 53 67 79  1
 53 67 77 78  1
 53 65 66  1
 53 65 66 79  1
 53 65 66 77 78  1
 52 67 78 79  1
 52 65 66 78 79  1
 52 53 67  1
 52 53 65 66  1
 51 67 77  1
 51 67 75 76  1
 51 65 66 77  1
 51 65 66 75 76  1
 50 67 78  1
 50 67 76 77  1
 50 65 66 78  1
 50 65 66 76 77  1
 50 51 67  1
 50 51 65 66  1
 40 77 78  11
 40 77 78 79  1
 40 75 76 78  1
 40 75 76 77  1
 40 66  1
 40 64  1
 40 64 65  1
 40 62  1
 40 62 63  1
 40 53  1
 40 53 79  1
 40 53 77 78  1
 40 52 78 79  1
 40 52 53  1
 40 51 77  1
 40 51 75 76  1
 40 50 78  1
 40 50 76 77  1
 40 50 51  1
 39 67  1
 39 65 66  1
 37 67  1
 37 65 66  1
 37 40  1
 32 64  1
 32 62  1
 32 60 61  1
 32 60 61 63  1
 32 60 61 62  1
 32 59  1
 32 47 48  1
 32 37  1
 32 36 62  1
 32 36 60 61  1
 32 35  1
 32 35 63  1
 32 35 61 62  1
 32 35 36  1
 30 31 64  1
 30 31 62  1
 30 31 60 61  1
 30 31 60 61 63  1
 30 31 60 61 62  1
 30 31 59  1
 30 31 47 48  1
 30 31 37  1
 30 31 36 62  1
 30 31 36 60 61  1
 30 31 35  1
 30 31 35 63  1
 30 31 35 61 62  1
 30 31 35 36  1
 22 32  1
 22 30 31  1
 5 64  1
 5 62  1
 5 60 61  1
 5 60 61 63  1
 5 60 61 62  1
 5 59  1
 5 47 48  1
 5 37  1
 5 36 62  1
 5 36 60 61  1
 5 35  1
 5 35 63  1
 5 35 61 62  1
 5 35 36  1
 5 22  1
 36 37  13
 0 52 59  7
 0 50 51 59  7
 0 25 59  7
 69 76  1
 69 74 75  1
 65 66 68 76  1
 65 66 68 74 75  1
 65 66 67 76  1
 65 66 67 74 75  1
 58 69 76  1
 58 69 74 75  1
 58 65 66 68 76  1
 58 65 66 68 74 75  1
 58 65 66 67 76  1
 58 65 66 67 74 75  1
 54 58 76  1
 54 58 74 75  1
 52 53 76  1
 52 53 74 75  1
 52 53 58 76  1
 52 53 58 74 75  1
 49 69  1
 49 65 66 68  1
 49 65 66 67  1
 49 58 69  1
 49 58 65 66 68  1
 49 58 65 66 67  1
 49 54 58  1
 49 52 53  1
 49 52 53 58  1
 42 76  1
 42 74 75  1
 42 58 76  1
 42 58 74 75  1
 42 49  1
 42 49 58  1
 41 67 76  1
 41 67 74 75  1
 41 65 66 76  1
 41 65 66 74 75  1
 41 58 67 76  1
 41 58 67 74 75  1
 41 58 65 66 76  1
 41 58 65 66 74 75  1
 41 49 67  1
 41 49 65 66  1
 41 49 58 67  1
 41 49 58 65 66  1
 40 68 76  1
 40 68 74 75  1
 40 66 67 76  1
 40 66 67 74 75  1
 40 58 68 76  1
 40 58 68 74 75  1
 40 58 66 67 76  1
 40 58 66 67 74 75  1
 40 49 68  1
 40 49 66 67  1
 40 49 58 68  1
 40 49 58 66 67  1
 40 41 76  1
 40 41 74 75  1
 40 41 58 76  1
 40 41 58 74 75  1
 40 41 49  1
 40 41 49 58  1
 33 76  1
 33 74 75  1
 33 58 76  1
 33 58 74 75  1
 33 49  1
 33 49 58  1
 27 76  1
 27 74 75  1
 27 58 76  1
 27 58 74 75  1
 27 49  1
 27 49 58  1
 7 76  3
 7 74 75  3
 7 49  3
 58 75 77  3
 58 73 74 77  3
 58 73 74 75 76  3
 50 58 75  3
 50 58 73 74  3
 48 58 77  3
 48 58 75 76  3
 48 50 58  3
