 78  669
 77  2187
 76 77  1037
 74 75  1321
 69  341
 69 77  49
 69 75 76  51
 68  1847
 67  879
 67 75 76  119
 67 68  681
 66 67  2187
 66 67 77  303
 66 67 75 76  317
 65 66  879
 65 66 75 76  119
 65 66 68 77  49
 65 66 68 75 76  51
 65 66 67 77  49
 65 66 67 75 76  51
 63  1895
 61 62  1867
 54  369
 54 77  51
 54 75 76  53
 52  243
 52 68  23
 52 66 67  23
 52 53 77  49
 52 53 75 76  51
 51 77  157
 51 75 76  175
 51 68 77  49
 51 68 75 76  51
 51 66 67 77  49
 51 66 67 75 76  51
 50 77  35
 50 76  357
 50 74 75  379
 50 68  375
 50 67  159
 50 66 67  447
 50 65 66  159
 50 63  49
 50 54  75
 50 51 68  95
 50 51 66 67  95
 49  2013
 49 75 76  327
 49 50 77  133
 49 50 68  355
 49 50 68 77  49
 49 50 68 75 76  51
 49 50 66 67  355
 49 50 66 67 77  49
 49 50 66 67 75 76  51
 48 49  1393
 48 49 77  73
 48 49 76  79
 48 49 74 75  89
 48 49 74 75 77  25
 48 49 74 75 76  25
 48 49 68  129
 48 49 67  55
 48 49 66 67  153
 48 49 65 66  55
 48 49 61 62  57
 48 49 54  25
 48 49 51  133
 48 49 50 68  51
 48 49 50 66 67  51
 42 77  49
 42 75 76  51
 41  1913
 41 67 77  49
 41 67 75 76  51
 41 65 66 77  49
 41 65 66 75 76  51
 41 52  23
 41 51 77  49
 41 51 75 76  51
 41 50 51  95
 41 49 50  355
 41 49 50 77  49
 41 49 50 75 76  51
 41 48 49 50  51
 40  879
 40 75 76  119
 40 68 77  49
 40 68 75 76  51
 40 66 67 77  49
 40 66 67 75 76  51
 40 50  159
 40 48 49  55
 40 41 77  49
 40 41 75 76  51
 37  295
 37 68  35
 37 66 67  37
 37 41  35
 36 50  117
 35 36  287
 27 77  49
 27 75 76  51
 25  1009
 25 68  23
 25 66 67  23
 25 41  23
 24  2197
 24 77  109
 24 68 77  49
 24 68 75 76  51
 24 66 67 77  49
 24 66 67 75 76  51
 24 50  185
 24 48 49  89
 24 41 77  49
 24 41 75 76  51
 23  1057
 23 77  35
 23 76  69
 23 74 75  79
 23 69  23
 23 68  121
 23 67  49
 23 65 66  49
 23 65 66 68  23
 23 65 66 67  23
 23 61 62  35
 23 52 53  23
 23 51  99
 23 51 68  23
 23 51 66 67  23
 23 50 76  23
 23 49 77  23
 23 49 50 68  23
 23 49 50 66 67  23
 23 42  23
 23 41 67  23
 23 41 65 66  23
 23 41 51  23
 23 41 49 50  23
 23 40  49
 23 40 68  23
 23 40 66 67  23
 23 40 41  23
 23 36  55
 23 27  23
 23 24  75
 23 24 68  23
 23 24 66 67  23
 23 24 41  23
 17 50  33
 17 48 49  41
 17 23  21
 10 68  35
 10 66 67  37
 10 41  35
 62  853
 62 74 75  21
 62 74 75 77  11
 62 74 75 76  11
 60 61 74 75  17
 60 61 74 75 77  11
 60 61 74 75 76  11
 50 62 77  1
 50 62 76  13
 50 62 74 75  13
 50 62 74 75 77  1
 50 62 74 75 76  1
 50 60 61 77  1
 50 60 61 76  13
 50 60 61 74 75  13
 50 60 61 74 75 77  1
 50 60 61 74 75 76  1
 49 62  31
 49 62 77  13
 49 62 75 76  13
 49 60 61  27
 49 60 61 77  13
 49 60 61 75 76  13
 49 50 62  49
 49 50 62 77  7
 49 50 62 75 76  7
 49 50 60 61  49
 49 50 60 61 77  7
 49 50 60 61 75 76  7
 48 49 62 76  1
 48 49 62 75 76  3
 48 49 62 74 75  1
 48 49 62 74 75 77  1
 48 49 62 74 75 76  1
 48 49 60 61 76  1
 48 49 60 61 75 76  3
 48 49 60 61 74 75  1
 48 49 60 61 74 75 77  1
 48 49 60 61 74 75 76  1
 48 49 50 62  5
 48 49 50 62 76  1
 48 49 50 62 74 75  1
 48 49 50 60 61  5
 48 49 50 60 61 76  1
 48 49 50 60 61 74 75  1
 35  773
 35 74 75  17
 35 74 75 77  11
 35 74 75 76  11
 35 50 77  1
 35 50 76  13
 35 50 74 75  13
 35 50 74 75 77  1
 35 50 74 75 76  1
 35 49  27
 35 49 77  13
 35 49 75 76  13
 35 49 50  49
 35 49 50 77  7
 35 49 50 75 76  7
 35 48 49 76  1
 35 48 49 75 76  3
 35 48 49 74 75  1
 35 48 49 74 75 77  1
 35 48 49 74 75 76  1
 35 48 49 50  5
 35 48 49 50 76  1
 35 48 49 50 74 75  1
 23 62  45
 23 62 77  1
 23 62 76  1
 23 62 74 75  1
 23 62 74 75 77  1
 23 62 74 75 76  1
 23 60 61  45
 23 60 61 77  1
 23 60 61 76  1
 23 60 61 74 75  1
 23 60 61 74 75 77  1
 23 60 61 74 75 76  1
 23 50 62  1
 23 50 62 76  1
 23 50 62 74 75  1
 23 50 60 61  1
 23 50 60 61 76  1
 23 50 60 61 74 75  1
 23 49 62 77  1
 23 49 62 75 76  1
 23 49 60 61 77  1
 23 49 60 61 75 76  1
 23 35  45
 23 35 77  1
 23 35 76  1
 23 35 74 75  1
 23 35 74 75 77  1
 23 35 74 75 76  1
 23 35 50  1
 23 35 50 76  1
 23 35 50 74 75  1
 23 35 49 77  1
 23 35 49 75 76  1
 75  1515
 75 77  81
 73 74  1523
 73 74 77  81
 73 74 75 76  103
 68 75  149
 68 73 74  149
 65 66 68 75  25
 65 66 68 73 74  25
 65 66 67 75  25
 65 66 67 73 74  25
 51 75  151
 51 73 74  151
 50 75  135
 50 73 74  135
 50 68 75  19
 50 68 73 74  19
 50 67 75  9
 50 67 73 74  9
 50 65 66 75  9
 50 65 66 73 74  9
 50 65 66 68 75  3
 50 65 66 68 73 74  3
 50 65 66 67 75  3
 50 65 66 67 73 74  3
 50 51 75  23
 50 51 73 74  23
 49 50 75 77  7
 49 50 73 74 77  7
 49 50 73 74 75 76  7
 49 50 68 75  27
 49 50 68 73 74  27
 49 50 66 67 75  27
 49 50 66 67 73 74  27
 48 77  81
 48 68  149
 48 65 66 68  25
 48 65 66 67  25
 48 51  151
 48 50  135
 48 50 68  19
 48 50 67  9
 48 50 65 66  9
 48 50 65 66 68  3
 48 50 65 66 67  3
 48 50 51  23
 48 49 68 75  7
 48 49 68 73 74  7
 48 49 67 75  3
 48 49 67 73 74  3
 48 49 65 66 75  3
 48 49 65 66 73 74  3
 48 49 65 66 68 75  1
 48 49 65 66 68 73 74  1
 48 49 65 66 67 75  1
 48 49 65 66 67 73 74  1
 48 49 51 68 75  1
 48 49 51 68 73 74  1
 48 49 51 66 67 75  1
 48 49 51 66 67 73 74  1
 48 49 50 68 75  1
 48 49 50 68 73 74  1
 48 49 50 66 67 75  1
 48 49 50 66 67 73 74  1
 41 75  149
 41 73 74  149
 41 67 75  25
 41 67 73 74  25
 41 65 66 75  25
 41 65 66 73 74  25
 41 50 75  19
 41 50 73 74  19
 41 50 67 75  3
 41 50 67 73 74  3
 41 50 65 66 75  3
 41 50 65 66 73 74  3
 41 49 50 75  27
 41 49 50 73 74  27
 41 48  149
 41 48 67  25
 41 48 65 66  25
 41 48 50  19
 41 48 50 67  3
 41 48 50 65 66  3
 41 48 49 75  7
 41 48 49 73 74  7
 41 48 49 67 75  1
 41 48 49 67 73 74  1
 41 48 49 65 66 75  1
 41 48 49 65 66 73 74  1
 41 48 49 51 75  1
 41 48 49 51 73 74  1
 41 48 49 50 75  1
 41 48 49 50 73 74  1
 40 68 75  25
 40 68 73 74  25
 40 66 67 75  25
 40 66 67 73 74  25
 40 50 75  9
 40 50 73 74  9
 40 50 68 75  3
 40 50 68 73 74  3
 40 50 66 67 75  3
 40 50 66 67 73 74  3
 40 48 68  25
 40 48 66 67  25
 40 48 50  9
 40 48 50 68  3
 40 48 50 66 67  3
 40 48 49 75  3
 40 48 49 73 74  3
 40 48 49 68 75  1
 40 48 49 68 73 74  1
 40 48 49 66 67 75  1
 40 48 49 66 67 73 74  1
 40 41 75  25
 40 41 73 74  25
 40 41 50 75  3
 40 41 50 73 74  3
 40 41 48  25
 40 41 48 50  3
 40 41 48 49 75  1
 40 41 48 49 73 74  1
 24 50 75  13
 24 50 73 74  13
 24 50 68 75  3
 24 50 68 73 74  3
 24 50 66 67 75  3
 24 50 66 67 73 74  3
 24 48 50  13
 24 48 50 68  3
 24 48 50 66 67  3
 24 48 49 68 75  1
 24 48 49 68 73 74  1
 24 48 49 66 67 75  1
 24 48 49 66 67 73 74  1
 24 41 50 75  3
 24 41 50 73 74  3
 24 41 48 50  3
 24 41 48 49 75  1
 24 41 48 49 73 74  1
 23 75  53
 23 73 74  53
 23 68 75  7
 23 68 73 74  7
 23 67 75  3
 23 67 73 74  3
 23 65 66 75  3
 23 65 66 73 74  3
 23 65 66 68 75  1
 23 65 66 68 73 74  1
 23 65 66 67 75  1
 23 65 66 67 73 74  1
 23 51 68 75  1
 23 51 68 73 74  1
 23 51 66 67 75  1
 23 51 66 67 73 74  1
 23 49 50 75  9
 23 49 50 73 74  9
 23 49 50 68 75  1
 23 49 50 68 73 74  1
 23 49 50 66 67 75  1
 23 49 50 66 67 73 74  1
 23 48  53
 23 48 68  7
 23 48 67  3
 23 48 65 66  3
 23 48 65 66 68  1
 23 48 65 66 67  1
 23 48 51 68  1
 23 48 51 66 67  1
 23 48 49 50  9
 23 48 49 50 68  1
 23 48 49 50 66 67  1
 23 41 75  7
 23 41 73 74  7
 23 41 67 75  1
 23 41 67 73 74  1
 23 41 65 66 75  1
 23 41 65 66 73 74  1
 23 41 51 75  1
 23 41 51 73 74  1
 23 41 49 50 75  1
 23 41 49 50 73 74  1
 23 41 48  7
 23 41 48 67  1
 23 41 48 65 66  1
 23 41 48 51  1
 23 41 48 49 50  1
 23 40 75  3
 23 40 73 74  3
 23 40 68 75  1
 23 40 68 73 74  1
 23 40 66 67 75  1
 23 40 66 67 73 74  1
 23 40 48  3
 23 40 48 68  1
 23 40 48 66 67  1
 23 40 41 75  1
 23 40 41 73 74  1
 23 40 41 48  1
 23 24 75  7
 23 24 73 74  7
 23 24 68 75  1
 23 24 68 73 74  1
 23 24 66 67 75  1
 23 24 66 67 73 74  1
 23 24 48  7
 23 24 48 68  1
 23 24 48 66 67  1
 23 24 41 75  1
 23 24 41 73 74  1
 23 24 41 48  1
 53  43
 51 52  35
 38  17
 11  2205
 78 79  17
 77 78  165
 75 76 78  59
 75 76 77  151
 66  53
 63 64  7
 62 63  183
 52 63  19
 51 63  37
 37 63  9
 18  69
 18 63  3
 62 66 67  73
 60 61 66 67  73
 37 75  15
 37 73 74  15
 37 68 75  1
 37 68 73 74  1
 37 66 67 75  1
 37 66 67 73 74  1
 37 62 68  1
 37 62 66 67  1
 37 60 61 68  1
 37 60 61 66 67  1
 37 48  15
 37 48 68  1
 37 48 66 67  1
 37 41 75  1
 37 41 73 74  1
 37 41 62  1
 37 41 60 61  1
 37 41 48  1
 35 66 67  73
 35 37 68  1
 35 37 66 67  1
 35 37 41  1
 35 36 68 75  1
 35 36 68 73 74  1
 35 36 66 67 75  1
 35 36 66 67 73 74  1
 35 36 62 68  1
 35 36 62 66 67  1
 35 36 60 61 68  1
 35 36 60 61 66 67  1
 35 36 48 68  1
 35 36 48 66 67  1
 35 36 41 75  1
 35 36 41 73 74  1
 35 36 41 62  1
 35 36 41 60 61  1
 35 36 41 48  1
 10 68 75  1
 10 68 73 74  1
 10 66 67 75  1
 10 66 67 73 74  1
 10 62 68  1
 10 62 66 67  1
 10 60 61 68  1
 10 60 61 66 67  1
 10 48 68  1
 10 48 66 67  1
 10 41 75  1
 10 41 73 74  1
 10 41 62  1
 10 41 60 61  1
 10 41 48  1
 10 35 68  1
 10 35 66 67  1
 10 35 41  1
 59  1365
 50 59  1
 48 49 59  1
 34 35  351
 23 59  1
 22  403
 15 16 50  1
 15 16 48 49  1
 15 16 23  1
 9  371
 8 50  1
 8 48 49  1
 8 23  1
 6 7 50  1
 6 7 48 49  1
 6 7 23  1
 61  47
 61 62 75  137
 61 62 73 74  137
 59 60  225
 57 63  13
 57 61 62  13
 48 61 62  137
 36 75  157
 36 73 74  157
 36 57  13
 36 48  157
 7  21
 62 65 66 68  11
 62 65 66 67  11
 60 61 65 66 68  11
 60 61 65 66 67  11
 51 62  35
 51 60 61  35
 50 62 67  9
 50 62 66 67  21
 50 62 65 66  9
 50 62 65 66 68  3
 50 62 65 66 67  3
 50 60 61 67  9
 50 60 61 66 67  21
 50 60 61 65 66  9
 50 60 61 65 66 68  3
 50 60 61 65 66 67  3
 50 51 62  15
 50 51 60 61  15
 49 50 62 68  11
 49 50 62 66 67  11
 49 50 60 61 68  11
 49 50 60 61 66 67  11
 48 49 62 67  3
 48 49 62 66 67  7
 48 49 62 65 66  3
 48 49 62 65 66 68  1
 48 49 62 65 66 67  1
 48 49 60 61 67  3
 48 49 60 61 66 67  7
 48 49 60 61 65 66  3
 48 49 60 61 65 66 68  1
 48 49 60 61 65 66 67  1
 48 49 51 62 68  1
 48 49 51 62 66 67  1
 48 49 51 60 61 68  1
 48 49 51 60 61 66 67  1
 48 49 50 62 68  1
 48 49 50 62 66 67  1
 48 49 50 60 61 68  1
 48 49 50 60 61 66 67  1
 41 62 67  11
 41 62 65 66  11
 41 60 61 67  11
 41 60 61 65 66  11
 41 50 62 67  3
 41 50 62 65 66  3
 41 50 60 61 67  3
 41 50 60 61 65 66  3
 41 49 50 62  11
 41 49 50 60 61  11
 41 48 49 62 67  1
 41 48 49 62 65 66  1
 41 48 49 60 61 67  1
 41 48 49 60 61 65 66  1
 41 48 49 51 62  1
 41 48 49 51 60 61  1
 41 48 49 50 62  1
 41 48 49 50 60 61  1
 40 62 68  11
 40 62 66 67  11
 40 60 61 68  11
 40 60 61 66 67  11
 40 50 62  9
 40 50 62 68  3
 40 50 62 66 67  3
 40 50 60 61  9
 40 50 60 61 68  3
 40 50 60 61 66 67  3
 40 48 49 62  3
 40 48 49 62 68  1
 40 48 49 62 66 67  1
 40 48 49 60 61  3
 40 48 49 60 61 68  1
 40 48 49 60 61 66 67  1
 40 41 62  11
 40 41 60 61  11
 40 41 50 62  3
 40 41 50 60 61  3
 40 41 48 49 62  1
 40 41 48 49 60 61  1
 35 65 66 68  11
 35 65 66 67  11
 35 51  35
 35 50 67  9
 35 50 66 67  21
 35 50 65 66  9
 35 50 65 66 68  3
 35 50 65 66 67  3
 35 50 51  15
 35 49 50 68  11
 35 49 50 66 67  11
 35 48 49 67  3
 35 48 49 66 67  7
 35 48 49 65 66  3
 35 48 49 65 66 68  1
 35 48 49 65 66 67  1
 35 48 49 51 68  1
 35 48 49 51 66 67  1
 35 48 49 50 68  1
 35 48 49 50 66 67  1
 35 41 67  11
 35 41 65 66  11
 35 41 50 67  3
 35 41 50 65 66  3
 35 41 49 50  11
 35 41 48 49 67  1
 35 41 48 49 65 66  1
 35 41 48 49 51  1
 35 41 48 49 50  1
 35 40 68  11
 35 40 66 67  11
 35 40 50  9
 35 40 50 68  3
 35 40 50 66 67  3
 35 40 48 49  3
 35 40 48 49 68  1
 35 40 48 49 66 67  1
 35 40 41  11
 35 40 41 50  3
 35 40 41 48 49  1
 24 50 62  9
 24 50 62 68  3
 24 50 62 66 67  3
 24 50 60 61  9
 24 50 60 61 68  3
 24 50 60 61 66 67  3
 24 48 49 62  3
 24 48 49 62 68  1
 24 48 49 62 66 67  1
 24 48 49 60 61  3
 24 48 49 60 61 68  1
 24 48 49 60 61 66 67  1
 24 41 50 62  3
 24 41 50 60 61  3
 24 41 48 49 62  1
 24 41 48 49 60 61  1
 24 35 50  9
 24 35 50 68  3
 24 35 50 66 67  3
 24 35 48 49  3
 24 35 48 49 68  1
 24 35 48 49 66 67  1
 24 35 41 50  3
 24 35 41 48 49  1
 23 62 67  3
 23 62 66 67  7
 23 62 65 66  3
 23 62 65 66 68  1
 23 62 65 66 67  1
 23 60 61 67  3
 23 60 61 66 67  7
 23 60 61 65 66  3
 23 60 61 65 66 68  1
 23 60 61 65 66 67  1
 23 51 62 68  1
 23 51 62 66 67  1
 23 51 60 61 68  1
 23 51 60 61 66 67  1
 23 49 50 62 68  1
 23 49 50 62 66 67  1
 23 49 50 60 61 68  1
 23 49 50 60 61 66 67  1
 23 41 62 67  1
 23 41 62 65 66  1
 23 41 60 61 67  1
 23 41 60 61 65 66  1
 23 41 51 62  1
 23 41 51 60 61  1
 23 41 49 50 62  1
 23 41 49 50 60 61  1
 23 40 62  3
 23 40 62 68  1
 23 40 62 66 67  1
 23 40 60 61  3
 23 40 60 61 68  1
 23 40 60 61 66 67  1
 23 40 41 62  1
 23 40 41 60 61  1
 23 35 67  3
 23 35 66 67  7
 23 35 65 66  3
 23 35 65 66 68  1
 23 35 65 66 67  1
 23 35 51 68  1
 23 35 51 66 67  1
 23 35 49 50 68  1
 23 35 49 50 66 67  1
 23 35 41 67  1
 23 35 41 65 66  1
 23 35 41 51  1
 23 35 41 49 50  1
 23 35 40  3
 23 35 40 68  1
 23 35 40 66 67  1
 23 35 40 41  1
 23 24 62  3
 23 24 62 68  1
 23 24 62 66 67  1
 23 24 60 61  3
 23 24 60 61 68  1
 23 24 60 61 66 67  1
 23 24 41 62  1
 23 24 41 60 61  1
 23 24 35  3
 23 24 35 68  1
 23 24 35 66 67  1
 23 24 35 41  1
 52 75  9
 52 73 74  9
 52 62  5
 52 60 61  5
 48 52  9
 35 52  5
 25 75  9
 25 73 74  9
 25 62  5
 25 60 61  5
 25 48  9
 25 35  5
 75 78  81
 73 74 78  81
 73 74 76 77  103
 54 75  25
 54 73 74  25
 54 62  11
 54 60 61  11
 52 53 75  25
 52 53 73 74  25
 52 53 62  11
 52 53 60 61  11
 50 54 75  3
 50 54 73 74  3
 50 54 62  3
 50 54 60 61  3
 50 52 53 75  3
 50 52 53 73 74  3
 50 52 53 62  3
 50 52 53 60 61  3
 48 78  81
 48 76 77  103
 48 54  25
 48 52 53  25
 48 50 54  3
 48 50 52 53  3
 48 49 54 75  1
 48 49 54 73 74  1
 48 49 54 62  1
 48 49 54 60 61  1
 48 49 52 53 75  1
 48 49 52 53 73 74  1
 48 49 52 53 62  1
 48 49 52 53 60 61  1
 35 54  11
 35 52 53  11
 35 50 54  3
 35 50 52 53  3
 35 48 49 54  1
 35 48 49 52 53  1
 27 75  25
 27 73 74  25
 27 62  11
 27 60 61  11
 27 50 75  3
 27 50 73 74  3
 27 50 62  3
 27 50 60 61  3
 27 48  25
 27 48 50  3
 27 48 49 75  1
 27 48 49 73 74  1
 27 48 49 62  1
 27 48 49 60 61  1
 27 35  11
 27 35 50  3
 27 35 48 49  1
 23 54 75  1
 23 54 73 74  1
 23 54 62  1
 23 54 60 61  1
 23 52 53 75  1
 23 52 53 73 74  1
 23 52 53 62  1
 23 52 53 60 61  1
 23 48 54  1
 23 48 52 53  1
 23 35 54  1
 23 35 52 53  1
 23 27 75  1
 23 27 73 74  1
 23 27 62  1
 23 27 60 61  1
 23 27 48  1
 23 27 35  1
 28  93
 26 27  95
 1  93
 50 63 76  5
 50 63 73 74 76  1
 50 63 73 74 75  1
 50 61 62 76  5
 50 61 62 73 74 76  1
 50 61 62 73 74 75  1
 49 50 63  45
 49 50 63 75  9
 49 50 63 73 74  9
 49 50 61 62  45
 49 50 61 62 75  9
 49 50 61 62 73 74  9
 48 50 63 76  1
 48 50 63 74 75  1
 48 50 61 62 76  1
 48 50 61 62 74 75  1
 48 49 63 75  3
 48 49 63 74 75  7
 48 49 63 73 74  3
 48 49 63 73 74 76  1
 48 49 63 73 74 75  1
 48 49 61 62 75  3
 48 49 61 62 74 75  7
 48 49 61 62 73 74  3
 48 49 61 62 73 74 76  1
 48 49 61 62 73 74 75  1
 36 75 76  75
 36 50 76  5
 36 50 75  5
 36 50 73 74  5
 36 50 73 74 76  1
 36 50 73 74 75  1
 36 49 50  45
 36 49 50 75  9
 36 49 50 73 74  9
 36 48 50  5
 36 48 50 76  1
 36 48 50 74 75  1
 36 48 49 74 75  7
 36 48 49 73 74 76  1
 36 48 49 73 74 75  1
 23 63 76  5
 23 63 73 74 76  1
 23 63 73 74 75  1
 23 61 62 76  5
 23 61 62 73 74 76  1
 23 61 62 73 74 75  1
 23 49 75  11
 23 49 73 74  11
 23 49 63  5
 23 49 63 75  1
 23 49 63 73 74  1
 23 49 61 62  5
 23 49 61 62 75  1
 23 49 61 62 73 74  1
 23 48 63 76  1
 23 48 63 74 75  1
 23 48 61 62 76  1
 23 48 61 62 74 75  1
 23 48 49  11
 23 48 49 63  1
 23 48 49 61 62  1
 23 36 76  5
 23 36 75  3
 23 36 73 74  3
 23 36 73 74 76  1
 23 36 73 74 75  1
 23 36 49  5
 23 36 49 75  1
 23 36 49 73 74  1
 23 36 48  3
 23 36 48 76  1
 23 36 48 74 75  1
 23 36 48 49  1
 58  3161
 72  159
 71  619
 70 71  159
 69 70  619
 60  6475
 60 61 62  85
 56  5035
 45  159
 44  619
 11 57  105
 17 77  11
 17 76  55
 17 73 74 76  11
 17 73 74 75  11
 17 62  11
 17 60 61  11
 17 50 77  1
 17 50 76  5
 17 50 75  1
 17 50 73 74  1
 17 50 73 74 76  1
 17 50 73 74 75  1
 17 50 62  1
 17 50 60 61  1
 17 49  65
 17 49 75  13
 17 49 73 74  13
 17 49 50  35
 17 49 50 75  7
 17 49 50 73 74  7
 17 48 76  11
 17 48 74 75  11
 17 48 50  1
 17 48 50 76  1
 17 48 50 74 75  1
 17 48 49 77  1
 17 48 49 74 75  7
 17 48 49 73 74 76  1
 17 48 49 73 74 75  1
 17 48 49 62  1
 17 48 49 60 61  1
 17 35  11
 17 35 50  1
 17 35 48 49  1
 17 23 77  1
 17 23 76  5
 17 23 75  1
 17 23 73 74  1
 17 23 73 74 76  1
 17 23 73 74 75  1
 17 23 62  1
 17 23 60 61  1
 17 23 50  1
 17 23 49  5
 17 23 49 75  1
 17 23 49 73 74  1
 17 23 48  1
 17 23 48 76  1
 17 23 48 74 75  1
 17 23 48 49  1
 17 23 35  1
 52 68 75  1
 52 68 73 74  1
 52 66 67 75  1
 52 66 67 73 74  1
 52 62 68  1
 52 62 66 67  1
 52 60 61 68  1
 52 60 61 66 67  1
 48 52 68  1
 48 52 66 67  1
 41 52 75  1
 41 52 73 74  1
 41 52 62  1
 41 52 60 61  1
 41 48 52  1
 35 52 68  1
 35 52 66 67  1
 35 41 52  1
 25 68 75  1
 25 68 73 74  1
 25 66 67 75  1
 25 66 67 73 74  1
 25 62 68  1
 25 62 66 67  1
 25 60 61 68  1
 25 60 61 66 67  1
 25 48 68  1
 25 48 66 67  1
 25 41 75  1
 25 41 73 74  1
 25 41 62  1
 25 41 60 61  1
 25 41 48  1
 25 35 68  1
 25 35 66 67  1
 25 35 41  1
 69 75  25
 69 73 74  25
 48 69  25
 42 75  25
 42 73 74  25
 42 48  25
 73  11
 72 73  93
 72 73 75  7
 71 72  11
 71 72 74  1
 71 72 73  1
 67 76  19
 65 66 76  19
 55 56  5
 50 74  9
 50 72 73  9
 49 67  19
 49 65 66  19
 48 74  7
 48 72 73  7
 48 49 74  3
 48 49 72 73  3
 47 75  7
 47 73  1
 47 73 74  7
 47 71 72  1
 47 50  9
 47 48 49  33
 46  19
 46 74  1
 46 72 73  1
 46 47  1
 40 76  19
 40 49  19
 34 35 75  25
 34 35 73 74  25
 34 35 48  25
 33 75  25
 33 73 74  25
 33 48  25
 31  77
 31 32  49
 30 31  193
 29 30  13
 29 30 32  13
 29 30 31  13
 24 76  11
 24 49  11
 23 74  3
 23 72 73  3
 23 47  3
 17 74  1
 17 72 73  1
 17 47  1
 9 75  25
 9 73 74  25
 9 48  25
 6  25
 5 31  13
 5 29 30  13
 4  13
 4 32  13
 4 30 31  13
 4 5  13
 62 75  13
 62 73 74  13
 60 61 75  13
 60 61 73 74  13
 48 62  13
 48 60 61  13
 35 75  13
 35 73 74  13
 35 48  13
 32 66  9
 32 64 65  9
 32 39  9
 30 31 66  9
 30 31 64 65  9
 30 31 39  9
 5 66  9
 5 64 65  9
 5 39  9
 76 78  55
 51 61 62  35
 50 76 78  5
 50 51 76  15
 49 78  65
 49 76 77  65
 49 50 78  35
 49 50 76 77  35
 48 49 74 75 78  7
 48 49 74 75 76 77  7
 47 48 77  51
 47 48 75 76  53
 47 48 50  77
 36 77  61
 36 51  45
 34 35 77  51
 34 35 75 76  53
 34 35 50  75
 34 35 48 49  25
 33 77  49
 33 75 76  51
 24 63  35
 24 61 62  35
 24 36  35
 23 76 78  5
 23 49 78  5
 23 49 76 77  5
 23 33  25
 22 77  49
 22 75 76  51
 22 23  25
 9 77  49
 9 75 76  51
 9 23  23
 60 61 63  73
 50 60 61 63  3
 50 60 61 62  3
 48 49 60 61 63  3
 48 49 60 61 62  3
 35 63  73
 35 61 62  73
 35 50 63  3
 35 50 61 62  3
 35 48 49 63  3
 35 48 49 61 62  3
 35 36 48 49  7
 23 60 61 63  3
 23 60 61 62  3
 23 35 63  3
 23 35 61 62  3
 23 35 36  5
 67 73 74 76  3
 67 73 74 75  3
 65 66 73 74 76  3
 65 66 73 74 75  3
 49 67 75  3
 49 67 73 74  3
 49 65 66 75  3
 49 65 66 73 74  3
 48 67 76  3
 48 67 74 75  3
 48 65 66 76  3
 48 65 66 74 75  3
 48 49 64  3
 40 73 74 76  3
 40 73 74 75  3
 40 49 75  3
 40 49 73 74  3
 40 48 76  3
 40 48 74 75  3
 37 50  17
 23 64  3
 49 75 78  13
 49 75 77  13
 49 75 76 77  13
 49 73 74 78  13
 49 73 74 77  13
 49 73 74 76 77  13
 49 73 74 75 76  13
 47 48 62  11
 47 48 60 61  11
 47 48 50 75  3
 47 48 50 73 74  3
 47 48 50 62  3
 47 48 50 60 61  3
 47 48 49 75  1
 47 48 49 73 74  1
 47 48 49 62  1
 47 48 49 60 61  1
 36 51 75  9
 36 51 73 74  9
 36 48 51  9
 35 47 48  11
 35 47 48 50  3
 35 47 48 49  1
 35 36 77  3
 34 35 62  11
 34 35 60 61  11
 34 35 50 75  3
 34 35 50 73 74  3
 34 35 50 62  3
 34 35 50 60 61  3
 34 35 48 50  3
 34 35 48 49 75  1
 34 35 48 49 73 74  1
 34 35 48 49 62  1
 34 35 48 49 60 61  1
 33 62  11
 33 60 61  11
 33 50 75  3
 33 50 73 74  3
 33 50 62  3
 33 50 60 61  3
 33 48 50  3
 33 48 49 75  1
 33 48 49 73 74  1
 33 48 49 62  1
 33 48 49 60 61  1
 33 35  11
 33 35 50  3
 33 35 48 49  1
 23 47 48 75  1
 23 47 48 73 74  1
 23 47 48 62  1
 23 47 48 60 61  1
 23 35 47 48  1
 23 34 35 75  1
 23 34 35 73 74  1
 23 34 35 62  1
 23 34 35 60 61  1
 23 34 35 48  1
 23 33 75  1
 23 33 73 74  1
 23 33 62  1
 23 33 60 61  1
 23 33 48  1
 23 33 35  1
 22 62  11
 22 60 61  11
 22 50 75  3
 22 50 73 74  3
 22 50 62  3
 22 50 60 61  3
 22 48 50  3
 22 48 49 75  1
 22 48 49 73 74  1
 22 48 49 62  1
 22 48 49 60 61  1
 22 35  11
 22 35 50  3
 22 35 48 49  1
 22 23 75  1
 22 23 73 74  1
 22 23 62  1
 22 23 60 61  1
 22 23 48  1
 22 23 35  1
 9 62  11
 9 60 61  11
 9 50 75  3
 9 50 73 74  3
 9 50 62  3
 9 50 60 61  3
 9 48 50  3
 9 48 49 75  1
 9 48 49 73 74  1
 9 48 49 62  1
 9 48 49 60 61  1
 9 35  11
 9 35 50  3
 9 35 48 49  1
 9 23 75  1
 9 23 73 74  1
 9 23 62  1
 9 23 60 61  1
 9 23 48  1
 9 23 35  1
 50 61  1
 48 49 61  1
 34 48 49  1
 32 33  29
 32 33 50  3
 30 31 50  7
 30 31 48 49  7
 30 31 33  11
 30 31 33 50  1
 30 31 33 48 49  1
 30 31 32  11
 30 31 32 50  1
 30 31 32 48 49  1
 23 61  1
 23 34  1
 23 30 31  7
 23 30 31 33  1
 23 30 31 32  1
 19 50  1
 19 48 49  1
 19 23  1
 17 18  29
 17 18 50  1
 17 18 48 49  1
 17 18 23  1
 7 48 49  1
 7 23  1
 6 32  11
 6 32 50  1
 6 32 48 49  1
 6 30 31  11
 6 30 31 50  1
 6 30 31 48 49  1
 6 23 32  1
 6 23 30 31  1
 5 33  11
 5 33 50  1
 5 33 48 49  1
 5 31 32  11
 5 31 32 50  1
 5 31 32 48 49  1
 5 23 33  1
 5 23 31 32  1
 5 6  11
 5 6 50  1
 5 6 48 49  1
 5 6 23  1
 50 68 76  1
 50 68 74 75  1
 50 66 67 76  1
 50 66 67 74 75  1
 50 60  1
 48 49 68 76  1
 48 49 68 74 75  1
 48 49 66 67 76  1
 48 49 66 67 74 75  1
 48 49 60  1
 41 50 76  1
 41 50 74 75  1
 41 48 49 76  1
 41 48 49 74 75  1
 31 50  1
 31 48 49  1
 29 30 50  1
 29 30 48 49  1
 29 30 32 50  1
 29 30 32 48 49  1
 29 30 31 50  1
 29 30 31 48 49  1
 23 68 76  1
 23 68 74 75  1
 23 66 67 76  1
 23 66 67 74 75  1
 23 60  1
 23 49 68  1
 23 49 66 67  1
 23 41 76  1
 23 41 74 75  1
 23 41 49  1
 23 31  1
 23 29 30  1
 23 29 30 32  1
 23 29 30 31  1
 18 48 49  1
 18 23  1
 16 17 50  1
 16 17 48 49  1
 16 17 23  1
 5 31 50  1
 5 31 48 49  1
 5 29 30 50  1
 5 29 30 48 49  1
 5 23 31  1
 5 23 29 30  1
 4 50  1
 4 48 49  1
 4 32 50  1
 4 32 48 49  1
 4 30 31 50  1
 4 30 31 48 49  1
 4 23  1
 4 23 32  1
 4 23 30 31  1
 4 5 50  1
 4 5 48 49  1
 4 5 23  1
 49 50 75 78  7
 49 50 75 76 77  7
 49 50 73 74 78  7
 49 50 73 74 76 77  7
 49 50 51 75  9
 49 50 51 73 74  9
 48 49 50 78  9
 48 49 50 76 77  9
 37 74 75  17
 37 50 76  1
 37 50 74 75  1
 37 49 50  7
 37 48 49 76  1
 37 48 49 74 75  1
 35 36 74 75  17
 35 36 50 76  1
 35 36 50 74 75  1
 35 36 49 50  7
 35 36 48 49 76  1
 35 36 48 49 74 75  1
 28 76  11
 28 74 75  11
 28 50  1
 28 50 76  1
 28 50 74 75  1
 28 49  13
 28 49 50  7
 28 48 49 76  1
 28 48 49 74 75  1
 26 27 76  11
 26 27 74 75  11
 26 27 50  1
 26 27 50 76  1
 26 27 50 74 75  1
 26 27 49  13
 26 27 49 50  7
 26 27 48 49 76  1
 26 27 48 49 74 75  1
 23 37 76  1
 23 37 74 75  1
 23 37 49  1
 23 35 36 76  1
 23 35 36 74 75  1
 23 35 36 49  1
 23 28  1
 23 28 76  1
 23 28 74 75  1
 23 28 49  1
 23 26 27  1
 23 26 27 76  1
 23 26 27 74 75  1
 23 26 27 49  1
 10 74 75  17
 10 50 76  1
 10 50 74 75  1
 10 49 50  7
 10 48 49  3
 10 48 49 76  1
 10 48 49 74 75  1
 10 36  7
 10 23  1
 10 23 76  1
 10 23 74 75  1
 10 23 49  1
 1 76  11
 1 74 75  11
 1 50  1
 1 50 76  1
 1 50 74 75  1
 1 49  13
 1 49 50  7
 1 48 49 76  1
 1 48 49 74 75  1
 1 23  1
 1 23 76  1
 1 23 74 75  1
 1 23 49  1
 64 75  7
 64 73 74  7
 62 73 74 76  1
 62 73 74 75  1
 60 61 73 74 76  1
 60 61 73 74 75  1
 60 61 63 75  7
 60 61 63 73 74  7
 60 61 62 75  7
 60 61 62 73 74  7
 52 77  13
 52 76  5
 52 73 74 76  1
 52 73 74 75  1
 52 63 75  1
 52 63 73 74  1
 52 61 62  5
 52 61 62 75  1
 52 61 62 73 74  1
 51 63 75  7
 51 63 73 74  7
 51 61 62 75  7
 51 61 62 73 74  7
 50 51 75 76  7
 50 51 73 74 76  3
 50 51 73 74 75  3
 49 62 75  1
 49 62 73 74  1
 49 60 61 75  1
 49 60 61 73 74  1
 49 52  5
 49 52 75  1
 49 52 73 74  1
 48 64  7
 48 62 76  1
 48 62 74 75  1
 48 60 61 76  1
 48 60 61 74 75  1
 48 60 61 63  7
 48 60 61 62  7
 48 52 76  1
 48 52 74 75  1
 48 52 63  1
 48 52 61 62  1
 48 51 63  7
 48 51 61 62  7
 48 50 51 76  3
 48 50 51 74 75  3
 48 49 51 77  3
 48 49 51 75 76  5
 48 49 51 63 75  1
 48 49 51 63 73 74  1
 48 49 51 61 62 75  1
 48 49 51 61 62 73 74  1
 48 49 50 63 75  1
 48 49 50 63 73 74  1
 48 49 50 61 62 75  1
 48 49 50 61 62 73 74  1
 37 77  13
 37 73 74 76  1
 37 73 74 75  1
 37 63 75  1
 37 63 73 74  1
 37 61 62  5
 37 61 62 75  1
 37 61 62 73 74  1
 37 49 75  1
 37 49 73 74  1
 37 48 76  1
 37 48 74 75  1
 37 48 63  1
 37 48 61 62  1
 36 62 75  7
 36 62 73 74  7
 36 60 61 75  7
 36 60 61 73 74  7
 36 52  5
 36 52 75  1
 36 52 73 74  1
 36 48 62  7
 36 48 60 61  7
 36 48 52  1
 36 48 49 51 75  1
 36 48 49 51 73 74  1
 36 48 49 50 75  1
 36 48 49 50 73 74  1
 36 37 75  1
 36 37 73 74  1
 36 37 48  1
 35 73 74 76  1
 35 73 74 75  1
 35 63 75  7
 35 63 73 74  7
 35 61 62 75  7
 35 61 62 73 74  7
 35 49 75  1
 35 49 73 74  1
 35 48 76  1
 35 48 74 75  1
 35 48 63  7
 35 48 61 62  7
 35 36 73 74 76  1
 35 36 73 74 75  1
 35 36 63  5
 35 36 63 75  1
 35 36 63 73 74  1
 35 36 61 62  5
 35 36 61 62 75  1
 35 36 61 62 73 74  1
 35 36 49 75  1
 35 36 49 73 74  1
 35 36 48 76  1
 35 36 48 74 75  1
 35 36 48 63  1
 35 36 48 61 62  1
 25 77  1
 25 76  5
 25 73 74 76  1
 25 73 74 75  1
 25 63  5
 25 63 75  1
 25 63 73 74  1
 25 61 62  5
 25 61 62 75  1
 25 61 62 73 74  1
 25 50  1
 25 49  5
 25 49 75  1
 25 49 73 74  1
 25 48 76  1
 25 48 74 75  1
 25 48 63  1
 25 48 61 62  1
 25 48 49  1
 25 36  5
 25 36 75  1
 25 36 73 74  1
 25 36 48  1
 24 73 74 76  1
 24 73 74 75  1
 24 63 75  7
 24 63 73 74  7
 24 61 62 75  7
 24 61 62 73 74  7
 24 50 77  1
 24 50 76  5
 24 50 73 74 76  1
 24 50 73 74 75  1
 24 50 63  5
 24 50 63 75  1
 24 50 63 73 74  1
 24 50 61 62  5
 24 50 61 62 75  1
 24 50 61 62 73 74  1
 24 49 75  1
 24 49 73 74  1
 24 49 50  5
 24 49 50 75  1
 24 49 50 73 74  1
 24 48 76  1
 24 48 74 75  1
 24 48 63  7
 24 48 61 62  7
 24 48 50 76  1
 24 48 50 74 75  1
 24 48 50 63  1
 24 48 50 61 62  1
 24 48 49 77  1
 24 48 49 74 75  7
 24 48 49 73 74 76  1
 24 48 49 73 74 75  1
 24 48 49 63 75  1
 24 48 49 63 73 74  1
 24 48 49 61 62 75  1
 24 48 49 61 62 73 74  1
 24 36 75  7
 24 36 73 74  7
 24 36 50  5
 24 36 50 75  1
 24 36 50 73 74  1
 24 36 48  7
 24 36 48 50  1
 24 36 48 49 75  1
 24 36 48 49 73 74  1
 23 51 77  3
 23 51 75 76  5
 23 51 63  5
 23 51 63 75  1
 23 51 63 73 74  1
 23 51 61 62  5
 23 51 61 62 75  1
 23 51 61 62 73 74  1
 23 50 51  3
 23 49 50 77  1
 23 49 50 76  5
 23 49 50 73 74 76  1
 23 49 50 73 74 75  1
 23 49 50 63  5
 23 49 50 63 75  1
 23 49 50 63 73 74  1
 23 49 50 61 62  5
 23 49 50 61 62 75  1
 23 49 50 61 62 73 74  1
 23 48 51 63  1
 23 48 51 61 62  1
 23 48 49 50 76  1
 23 48 49 50 74 75  1
 23 48 49 50 63  1
 23 48 49 50 61 62  1
 23 36 51  5
 23 36 51 75  1
 23 36 51 73 74  1
 23 36 49 50  5
 23 36 49 50 75  1
 23 36 49 50 73 74  1
 23 36 48 51  1
 23 36 48 49 50  1
 23 24 77  1
 23 24 76  5
 23 24 73 74 76  1
 23 24 73 74 75  1
 23 24 63  5
 23 24 63 75  1
 23 24 63 73 74  1
 23 24 61 62  5
 23 24 61 62 75  1
 23 24 61 62 73 74  1
 23 24 50  1
 23 24 49  5
 23 24 49 75  1
 23 24 49 73 74  1
 23 24 48 76  1
 23 24 48 74 75  1
 23 24 48 63  1
 23 24 48 61 62  1
 23 24 48 49  1
 23 24 36  5
 23 24 36 75  1
 23 24 36 73 74  1
 23 24 36 48  1
 10 77  1
 10 73 74 76  1
 10 73 74 75  1
 10 63  5
 10 63 75  1
 10 63 73 74  1
 10 61 62  5
 10 61 62 75  1
 10 61 62 73 74  1
 10 49 75  1
 10 49 73 74  1
 10 48 76  1
 10 48 74 75  1
 10 48 63  1
 10 48 61 62  1
 10 36 75  1
 10 36 73 74  1
 10 36 48  1
 73 74 76 78  11
 73 74 75 78  11
 73 74 75 76 77  11
 50 75 78  1
 50 75 76 78  3
 50 75 76 77  5
 50 73 74 78  1
 50 73 74 76 78  1
 50 73 74 76 77  3
 50 73 74 75 78  1
 50 73 74 75 76 77  1
 48 76 78  11
 48 74 75 78  11
 48 74 75 76 77  11
 48 50 78  1
 48 50 76 78  1
 48 50 76 77  3
 48 50 74 75 78  1
 48 50 74 75 76 77  1
 48 49 75 76 78  3
 48 49 73 74 76 78  1
 48 49 73 74 75 78  1
 48 49 73 74 75 76 77  1
 23 75 78  1
 23 75 76 78  3
 23 75 76 77  5
 23 73 74 78  1
 23 73 74 76 78  1
 23 73 74 76 77  3
 23 73 74 75 78  1
 23 73 74 75 76 77  1
 23 49 75 78  1
 23 49 75 76 77  1
 23 49 73 74 78  1
 23 49 73 74 76 77  1
 23 48 78  1
 23 48 76 78  1
 23 48 76 77  3
 23 48 74 75 78  1
 23 48 74 75 76 77  1
 23 48 49 78  1
 23 48 49 76 77  1
 49 50 52  1
 25 51  1
 25 49 50  1
 24 52  1
 24 50 51  1
 24 25  1
 57 58  27
 12  45
 0  19
 72 75  9
 70 71 75  9
 70 71 73 74  9
 60 75  9
 60 73 74  9
 59 75  9
 59 73 74  9
 58 75  9
 58 73 74  9
 58 59 75  9
 58 59 73 74  9
 48 72  9
 48 70 71  9
 48 60  9
 48 59  9
 48 58  9
 48 58 59  9
 45 75  9
 45 73 74  9
 45 48  9
 17 59  9
 50 63 77  1
 50 61 62 77  1
 48 49 63 77  1
 48 49 61 62 77  1
 36 50 77  1
 36 48 49 77  1
 23 63 77  1
 23 61 62 77  1
 23 50 63  1
 23 50 61 62  1
 23 36 77  1
 23 36 50  1
 64 77  13
 64 76  1
 64 75 76  13
 64 74 75  1
 61 62 64  1
 49 64  1
 36 64  1
 34 78  1
 34 77  1
 34 76 77  1
 34 75 76  1
 34 51  1
 32 33 78  1
 32 33 77  1
 32 33 76 77  1
 32 33 75 76  1
 32 33 51  1
 18 77  1
 18 76  1
 18 75 76  1
 18 74 75  1
 18 61 62  1
 18 49  1
 18 36  1
 7 78  1
 7 77  1
 7 76 77  1
 7 75 76  1
 7 51  1
 18 32  1
 18 30 31  1
 5 18  1
 73 74 75 77  11
 50 75 77  1
 50 73 74 77  1
 50 73 74 75 77  1
 50 73 74 75 76  3
 48 74 75 77  11
 48 74 75 76  11
 48 50 77  1
 48 50 74 75 77  1
 48 50 74 75 76  1
 48 49 73 74 75 77  1
 23 75 77  1
 23 73 74 77  1
 23 73 74 75 77  1
 23 73 74 75 76  3
 23 50 75  1
 23 50 75 76  1
 23 50 73 74  1
 23 50 73 74 76  1
 23 50 73 74 75  1
 23 49 75 77  1
 23 49 73 74 77  1
 23 49 73 74 75 76  1
 23 48 77  1
 23 48 74 75 77  1
 23 48 74 75 76  1
 23 48 50  1
 23 48 50 76  1
 23 48 50 74 75  1
 23 48 49 77  1
 23 48 49 75 76  1
 62 78  11
 60 61 78  11
 50 62 78  1
 50 60 61 78  1
 48 49 62 78  1
 48 49 60 61 78  1
 35 78  11
 35 50 78  1
 35 48 49 78  1
 23 62 78  1
 23 60 61 78  1
 23 35 78  1
 50 79  13
 50 77 78  15
 48 49 79  1
 48 49 77 78  3
 23 79  1
 23 77 78  3
 23 52  1
 76 77 79  1
 76 77 78  1
 66 75  1
 66 73 74  1
 64 65 75  1
 64 65 73 74  1
 62 66  1
 62 64 65  1
 60 61 66  1
 60 61 64 65  1
 52 78  1
 52 76 77  1
 51 79  1
 51 77 78  1
 48 66  1
 48 64 65  1
 39 75  1
 39 73 74  1
 39 62  1
 39 60 61  1
 39 48  1
 35 66  1
 35 64 65  1
 35 39  1
 31 32 34  1
 31 32 33  1
 20  1
 18 19  1
 15  1
 7 33  1
 7 31 32  1
 7 8  1
 6 34  1
 6 32 33  1
 62 69  11
 60 61 69  11
 50 69 75  3
 50 69 73 74  3
 50 62 69  3
 50 60 61 69  3
 48 50 69  3
 48 49 69 75  1
 48 49 69 73 74  1
 48 49 62 69  1
 48 49 60 61 69  1
 42 62  11
 42 60 61  11
 42 50 75  3
 42 50 73 74  3
 42 50 62  3
 42 50 60 61  3
 42 48 50  3
 42 48 49 75  1
 42 48 49 73 74  1
 42 48 49 62  1
 42 48 49 60 61  1
 35 69  11
 35 50 69  3
 35 48 49 69  1
 35 42  11
 35 42 50  3
 35 42 48 49  1
 23 69 75  1
 23 69 73 74  1
 23 62 69  1
 23 60 61 69  1
 23 48 69  1
 23 42 75  1
 23 42 73 74  1
 23 42 62  1
 23 42 60 61  1
 23 42 48  1
 23 35 69  1
 23 35 42  1
