  378199
 74  8293
 73 74  10727
 72  10787
 72 75  69
 72 74  75
 70 71  10847
 70 71 75  69
 70 71 74  75
 70 71 72 74  37
 70 71 72 73  149
 65 66  1141
 60 75  105
 60 73 74  147
 60 72  45
 60 70 71  45
 60 67  15
 60 65 66  15
 59 73  1079
 59 73 74  1087
 59 72 73  2593
 59 71 72  1079
 59 71 72 74  481
 59 71 72 73  481
 59 67  89
 59 65 66  89
 59 60  1521
 58  8659
 58 75  185
 58 73 74  239
 58 72 73  187
 58 71 72 74  37
 58 71 72 73  37
 58 60  69
 58 59 78 79  85
 58 59 75  69
 58 59 74  75
 58 59 72  37
 58 59 71 72 74  37
 58 59 71 72 73  37
 58 59 70 71  37
 55 72  43
 55 70 71  43
 55 59  439
 55 58  43
 55 58 59  59
 54 73  61
 54 72  5
 54 71 72  61
 54 70 71  5
 54 59  261
 54 59 78 79  89
 53 72  39
 53 70 71  39
 53 59  827
 53 54  455
 53 54 59  89
 48  8197
 48 72  69
 48 70 71  69
 48 60  105
 48 58  185
 48 58 59  69
 47  8413
 47 73  2773
 47 72  75
 47 72 73  37
 47 70 71  75
 47 70 71 73  37
 47 70 71 72  37
 47 59  2113
 47 59 73  481
 47 59 71 72  481
 47 58 73  37
 47 58 71 72  37
 47 58 59  75
 47 58 59 73  37
 47 58 59 71 72  37
 46 74  2773
 46 72 74  37
 46 70 71 74  37
 46 70 71 72 73  37
 46 59 74  481
 46 59 72 73  481
 46 58 74  37
 46 58 72 73  37
 46 58 59 74  37
 46 58 59 72 73  37
 46 54  61
 46 47 72  37
 46 47 70 71  37
 46 47 59  481
 46 47 58  37
 46 47 58 59  37
 45 75  73
 45 74  75
 45 71 72 74  37
 45 71 72 73  37
 45 60  45
 45 58 59  37
 45 55  43
 45 54  5
 45 53  45
 45 48  73
 45 47  75
 45 47 73  37
 45 47 71 72  37
 45 46 74  37
 45 46 72 73  37
 45 46 47  37
 40  1135
 40 60  15
 40 59  89
 33 72  37
 33 70 71  37
 33 60  43
 33 58 59  37
 33 45  37
 19  317
 18  1151
 10 59  223
 9  1349
 9 59  165
 9 59 78 79  19
 9 54 59  11
 9 53  95
 9 53 59  19
 5  329
 5 73  53
 5 46  53
 76  4647
 70  981
 62 63  1135
 61  9019
 58 74 75  57
 58 68  17
 57 75  81
 57 73 74  81
 57 58  573
 56 76  69
 56 74 75  69
 56 72  55
 56 70 71  55
 56 58  43
 49  5461
 49 76  21
 49 68  21
 49 64  35
 49 56  69
 48 57  81
 45 76  17
 45 74 75  17
 45 56  55
 45 49  19
 44 72  91
 44 70 71  91
 44 59  337
 44 58  79
 44 45  121
 42  2573
 42 43  1317
 41  331
 40 41  55
 39 40  69
 35 72  163
 35 70 71  163
 35 45  163
 32  429
 27  295
 25  1939
 25 59  21
 25 26  13
 24  4283
 24 59  115
 24 58  113
 22  603
 17  1389
 15  67
 14  57
 12  791
 12 24  25
 11  2909
 10 68  7
 10 11  57
 6  33
 0  1865
 77 78  3791
 65  1553
 61 62  6831
 60 61  7407
 59 79  369
 59 78  851
 59 76 77 79  193
 59 76 77 78  193
 59 65  193
 59 63  1365
 59 63 64  193
 52 59 78  193
 52 59 76 77  193
 51 59 79  193
 51 59 77 78  193
 51 52 59  193
 38 59  193
 36 59  1321
 73 79  57
 73 77 78  61
 72 77 78  87
 71 72 79  57
 71 72 77 78  61
 70 71 77 78  87
 59 60 79  11
 59 60 77 78  17
 58 77 78  87
 58 59 77 78  105
 52 75  37
 52 73  57
 52 73 74  55
 52 71 72  57
 52 59 60  11
 52 58  63
 48 52  37
 46 79  57
 46 77 78  61
 46 52  57
 45 77 78  87
 74 77  135
 74 75 76  929
 73 77  123
 73 75 76  171
 73 74 77  253
 73 74 75 76  403
 72 73 77  209
 72 73 75 76  241
 71 72 77  123
 71 72 75 76  171
 59 77  439
 59 74 75 76  213
 59 73 77  15
 59 73 75 76  19
 59 72 73 77  59
 59 72 73 75 76  69
 59 71 72 77  15
 59 71 72 75 76  19
 59 71 72 74 77  15
 59 71 72 74 75 76  27
 59 71 72 73 77  15
 59 71 72 73 75 76  19
 50 73  125
 50 71 72  125
 50 59  447
 50 59 73  15
 50 59 72 73  59
 50 59 71 72  15
 50 59 71 72 74  15
 50 59 71 72 73  15
 47 77  135
 47 75 76  153
 47 59 73 77  15
 47 59 73 75 76  19
 47 59 71 72 77  15
 47 59 71 72 75 76  19
 47 50 59 73  15
 47 50 59 71 72  15
 46 77  123
 46 75 76  171
 46 59 77  15
 46 59 75 76  19
 46 59 74 77  15
 46 59 74 75 76  27
 46 59 72 73 77  15
 46 59 72 73 75 76  19
 46 50  125
 46 50 59  15
 46 50 59 74  15
 46 50 59 72 73  15
 46 47 59 77  15
 46 47 59 75 76  19
 46 47 50 59  15
 73 76  159
 73 74 75 77  99
 71 72 76  159
 71 72 74 75  189
 59 76  521
 59 74 75 77  163
 50 76  789
 50 73 74 75  117
 50 59 76  151
 50 59 74 75  163
 49 77  725
 49 75 76  763
 49 73  163
 49 71 72  163
 49 59 77  151
 49 59 75 76  157
 49 50 73  57
 49 50 71 72  57
 46 76  159
 46 74 75  189
 46 49  163
 46 49 50  57
 59 60 78 79  15
 58 78  135
 58 76 77 79  31
 58 76 77 78  31
 58 59 76 77 79  31
 58 59 76 77 78  31
 52 58 78  31
 52 58 76 77  31
 52 58 59 78  31
 52 58 59 76 77  31
 51 59 60  25
 51 58 79  31
 51 58 77 78  31
 51 58 59  155
 51 58 59 79  31
 51 58 59 77 78  31
 51 52 58  33
 51 52 58 59  31
 69  1835
 66 67  289
 59 68  3
 59 66 67  3
 42 59  229
 41 59  3
 5 76 77  9
 5 73 76 77  3
 5 71 72 76 77  3
 5 46 76 77  3
 51 73  171
 51 71 72  171
 46 51  171
 67 75  65
 67 73 74  65
 48 67  65
 75 78  111
 75 77  179
 74 75 78  39
 74 75 76 77  39
 73 74 78  165
 73 74 76  451
 73 74 76 78  3
 73 74 76 77  219
 73 74 75 78  3
 73 74 75 76 77  3
 69 78  255
 69 77  251
 69 76 77  255
 69 75 76  251
 68 76 77  5
 68 75 76  5
 67 79  15
 67 78  67
 67 75 76 78  3
 67 75 76 77  3
 67 68 78  255
 67 68 77  251
 67 68 76 77  255
 67 68 75 76  251
 66 67 76 77  5
 66 67 75 76  5
 65 66 79  15
 65 66 78  67
 65 66 75 76 78  3
 65 66 75 76 77  3
 64 67  3
 64 65 66  3
 63 78  19
 63 76 77  19
 63 67 78  9
 63 67 77  9
 63 67 76 77  9
 63 67 75 76  9
 63 65 66 78  9
 63 65 66 77  9
 63 65 66 76 77  9
 63 65 66 75 76  9
 62 77  89
 62 63 67  3
 62 63 65 66  3
 61 62 67  59
 61 62 65 66  59
 61 62 63  17
 60 61 78  3
 60 61 77  69
 60 61 76 77  3
 52 67  15
 52 65 66  15
 51 77  109
 51 73 74  183
 51 68  13
 51 67  79
 51 67 77  3
 51 67 75 76  3
 51 67 68  257
 51 65 66  79
 51 65 66 77  3
 51 65 66 75 76  3
 51 63 67  9
 51 63 65 66  9
 51 60 61  11
 50 78  49
 50 76 77  49
 50 75 76  77
 50 73 74 76  69
 50 69  251
 50 67 78  3
 50 67 76 77  3
 50 67 68  251
 50 65 66 78  3
 50 65 66 76 77  3
 50 63 67  9
 50 63 65 66  9
 50 62  113
 50 60 61  93
 50 51 67  3
 50 51 65 66  3
 49 75  427
 49 75 78  3
 49 75 77  37
 49 75 76 77  3
 49 73 74  457
 49 73 74 78  3
 49 73 74 77  51
 49 73 74 76 77  3
 49 73 74 75 76  51
 49 50 75  73
 48 78  111
 48 77  179
 48 76  421
 48 76 78  3
 48 76 77  151
 48 74 75  421
 48 74 75 78  3
 48 74 75 77  37
 48 74 75 76  37
 48 74 75 76 77  3
 48 50 76  55
 48 50 74 75  55
 48 49 78  5
 48 49 77  59
 48 49 76 77  5
 48 49 75 76  77
 48 49 51  21
 42 78  255
 42 77  251
 42 76 77  255
 42 75 76  251
 42 50  251
 41 78  7
 41 77  7
 41 50  7
 40 79  15
 40 78  67
 40 75 76 78  3
 40 75 76 77  3
 40 64  3
 40 63 78  9
 40 63 77  9
 40 63 76 77  9
 40 63 75 76  9
 40 62 63  3
 40 61 62  59
 40 52  15
 40 51  79
 40 51 77  3
 40 51 75 76  3
 40 51 63  9
 40 50 78  3
 40 50 76 77  3
 40 50 63  9
 40 50 51  3
 37 67  3
 37 65 66  3
 37 40  3
 36 67  59
 36 65 66  59
 36 63  17
 36 40  59
 35 78  3
 35 77  69
 35 76 77  3
 35 51  11
 35 50  93
 21 77  23
 21 67  27
 21 67 78  9
 21 67 77  9
 21 67 76 77  9
 21 67 75 76  9
 21 65 66  27
 21 65 66 78  9
 21 65 66 77  9
 21 65 66 76 77  9
 21 65 66 75 76  9
 21 63  17
 21 61 62  17
 21 51  93
 21 51 67  9
 21 51 65 66  9
 21 50  23
 21 50 67  9
 21 50 65 66  9
 21 40  27
 21 40 78  9
 21 40 77  9
 21 40 76 77  9
 21 40 75 76  9
 21 40 51  9
 21 40 50  9
 21 36  17
 19 20  359
 19 20 77  23
 19 20 67  27
 19 20 67 78  9
 19 20 67 77  9
 19 20 67 76 77  9
 19 20 67 75 76  9
 19 20 65 66  27
 19 20 65 66 78  9
 19 20 65 66 77  9
 19 20 65 66 76 77  9
 19 20 65 66 75 76  9
 19 20 63  17
 19 20 61 62  17
 19 20 51  101
 19 20 51 67  9
 19 20 51 65 66  9
 19 20 50  23
 19 20 50 67  9
 19 20 50 65 66  9
 19 20 40  27
 19 20 40 78  9
 19 20 40 77  9
 19 20 40 76 77  9
 19 20 40 75 76  9
 19 20 40 51  9
 19 20 40 50  9
 19 20 36  17
 18 59  27
 48 49 75  61
 48 49 74  3
 48 49 73 74  61
 48 49 72 73  3
 48 49 62  35
 48 49 60 61  29
 47 48 50  23
 47 48 49  37
 35 48 49  29
 35 36  503
 24 48 49  15
 23 75  43
 23 74  3
 23 73 74  43
 23 72 73  3
 23 49 50  15
 23 48  43
 23 47  3
 23 47 48  19
 22 50  23
 22 48 49  23
 22 23  19
 16  483
 50 51 62  3
 25 62  23
 62 76  93
 62 72  229
 62 70 71  229
 62 68  21
 62 64  11
 60 62  313
 60 61 76  73
 60 61 72  127
 60 61 70 71  127
 60 61 64  11
 60 61 63  469
 60 61 62  683
 59 60 62  27
 59 60 61  883
 58 62  117
 58 60 61  109
 58 59 62  151
 58 59 60 61  151
 51 52 53  7
 45 62  229
 45 60 61  127
 45 51 52  37
 44 62  35
 35 76  73
 35 64  11
 35 63  465
 35 61  61
 35 60  279
 35 59 60  27
 35 58  109
 35 58 59  151
 28  59
 24 62  61
 10 62  93
 75 78 79  37
 73 74 78 79  49
 53 75  39
 53 73 74  51
 52 53 75  15
 52 53 73 74  15
 50 79  5
 50 78 79  5
 50 77 78  5
 50 75 79  1
 50 75 78 79  1
 50 75 77 78  1
 50 73 74 79  1
 50 73 74 78 79  1
 50 73 74 77 78  1
 50 53  17
 50 53 75  1
 50 53 73 74  1
 50 52  13
 50 52 75  1
 50 52 73 74  1
 48 78 79  37
 48 53  39
 48 52 53  15
 48 50 79  1
 48 50 78 79  1
 48 50 77 78  1
 48 50 53  1
 48 50 52  1
 48 49 75 79  1
 48 49 75 78 79  1
 48 49 75 77 78  1
 48 49 73 74 79  1
 48 49 73 74 78 79  1
 48 49 73 74 77 78  1
 48 49 53 75  1
 48 49 53 73 74  1
 48 49 52 75  1
 48 49 52 73 74  1
 24 73 74  17
 23 79  5
 23 78 79  5
 23 77 78  5
 23 75 79  1
 23 75 78 79  1
 23 75 77 78  1
 23 73 74 79  1
 23 73 74 78 79  1
 23 73 74 77 78  1
 23 53  5
 23 53 75  1
 23 53 73 74  1
 23 52  5
 23 52 75  1
 23 52 73 74  1
 23 48 79  1
 23 48 78 79  1
 23 48 77 78  1
 23 48 53  1
 23 48 52  1
 0 78  273
 0 63  5
 0 62  1
 0 61 62  5
 0 60 61  1
 0 50 75  1
 0 50 73 74  1
 0 48 50  1
 0 48 49 75  1
 0 48 49 73 74  1
 0 36  5
 0 35  1
 0 23  7
 0 23 75  1
 0 23 73 74  1
 0 23 48  1
 61 72  81
 61 70 71  81
 61 68  3
 58 63  73
 56 63  59
 45 61  81
 42 43 62  21
 42 43 61  45
 33 34 62  23
 33 34 61  21
 26 62  27
 26 61  101
 17 62  21
 17 61  21
 11 62  21
 10 61  39
 8 62  23
 8 61  21
 66 69  5
 64 65 69  5
 64 65 67 68  5
 58 77  71
 58 69  45
 51 78  41
 50 58  71
 49 50 78  43
 49 50 77  65
 49 50 75 76  69
 42 66  5
 42 64 65  5
 42 58  45
 39 69  5
 39 67 68  5
 39 42  5
 24 78  41
 24 51  49
 61 67  1
 54 61  1
 23 24 75  1
 23 24 73 74  1
 23 24 61  1
 23 24 48  1
 12 75  1
 12 73 74  1
 12 48  1
 10 11 75  1
 10 11 73 74  1
 10 11 61  1
 10 11 48  1
 68 76  5
 68 74 75  5
 68 74 75 77  1
 68 74 75 76  1
 66 67 76  5
 66 67 74 75  5
 66 67 74 75 77  1
 66 67 74 75 76  1
 63 68  1
 63 66 67  1
 61 62 68  1
 61 62 66 67  1
 50 68 76  1
 50 68 74 75  1
 50 66 67 76  1
 50 66 67 74 75  1
 49 68 77  1
 49 68 75 76  1
 49 66 67  9
 49 66 67 77  1
 49 66 67 75 76  1
 49 50 66 67  11
 41 76  5
 41 74 75  5
 41 74 75 77  1
 41 74 75 76  1
 41 63  1
 41 61 62  1
 41 50 76  1
 41 50 74 75  1
 41 49  9
 41 49 77  1
 41 49 75 76  1
 36 68  1
 36 66 67  1
 36 41  1
 59 60 61 62  121
 58 59 77  139
 58 59 75 76  177
 50 59 60  25
 50 58 59  139
 49 50 60  49
 49 50 59 60  7
 49 50 58 59  39
 33 59 77  17
 33 59 75 76  23
 33 50 59  17
 61 74  1
 61 72 73  1
 55 79  3
 55 77 78  3
 52 55  3
 47 61  1
 41 74  3
 41 72 73  3
 41 47  3
 34  575
 34 74  1
 34 72 73  1
 34 47  1
 61 62 75  187
 61 62 73 74  297
 48 61 62  187
 36 75  179
 36 73 74  289
 36 48  179
 72 76 77 79  31
 72 76 77 78  31
 70 71 76 77 79  31
 70 71 76 77 78  31
 65 72  31
 65 70 71  31
 63 64 72  31
 63 64 70 71  31
 58 65  31
 58 63 64  31
 58 59 65  31
 58 59 63 64  31
 52 72 78  31
 52 72 76 77  31
 52 70 71 78  31
 52 70 71 76 77  31
 51 74  117
 51 72 79  31
 51 72 77 78  31
 51 71 72 74  55
 51 71 72 73  55
 51 70 71 79  31
 51 70 71 77 78  31
 51 52 72  31
 51 52 70 71  31
 47 51  117
 47 51 73  55
 47 51 71 72  55
 46 51 74  55
 46 51 72 73  55
 46 47 51  55
 45 76 77 79  31
 45 76 77 78  31
 45 65  31
 45 63 64  31
 45 52 78  31
 45 52 76 77  31
 45 51 79  31
 45 51 77 78  31
 38 72  31
 38 70 71  31
 38 58 59  31
 38 45  31
 10 78  21
 10 76 77  21
 10 51  21
 59 75 77  17
 56 77  107
 56 59 77  17
 56 59 75 76  23
 55 59 77  17
 55 59 75 76  23
 50 59 75  17
 50 56  107
 50 56 59  17
 50 55 59  17
 48 59 77  17
 48 59 75 76  23
 48 50 59  17
 31 32 59  9
 49 50 63  129
 21 24  77
 19 20 24  85
 24 27  13
 20  207
 42 75  45
 42 74  61
 42 73 74  77
 42 72 73  93
 42 60  33
 42 56  31
 42 48  45
 42 47  61
 5 42  3
 5 42 73  1
 5 42 71 72  1
 5 42 59  1
 5 42 46  1
 58 61  657
 53 61  17
 29  51
 11 58  37
 2  27
 71 75  1
 71 73 74  1
 69 75  11
 69 73 74  11
 69 70 75  1
 69 70 73 74  1
 65 66 68 75  11
 65 66 68 73 74  11
 65 66 67 75  11
 65 66 67 73 74  11
 62 73 74 76  17
 62 73 74 75  17
 60 69  1
 60 69 75  1
 60 69 73 74  1
 60 68  17
 60 68 75  1
 60 68 73 74  1
 60 65 66 68  1
 60 65 66 68 75  1
 60 65 66 68 73 74  1
 60 65 66 67  1
 60 65 66 67 75  1
 60 65 66 67 73 74  1
 60 61 75  93
 60 61 73 74  147
 60 61 73 74 76  11
 60 61 73 74 75  11
 58 69 75  1
 58 69 73 74  1
 58 68 75  1
 58 68 73 74  1
 58 65 66 68  1
 58 65 66 68 75  1
 58 65 66 68 73 74  1
 58 65 66 67  1
 58 65 66 67 75  1
 58 65 66 67 73 74  1
 57 58 75  1
 57 58 73 74  1
 54 60 75  1
 54 60 73 74  1
 54 58 75  1
 54 58 73 74  1
 52 53 60  1
 52 53 60 75  1
 52 53 60 73 74  1
 52 53 58  1
 52 53 58 75  1
 52 53 58 73 74  1
 49 62 75  17
 49 62 73 74  17
 49 60 61 75  11
 49 60 61 73 74  11
 48 71  1
 48 69  11
 48 69 70  1
 48 65 66 68  11
 48 65 66 67  11
 48 62 76  17
 48 62 74 75  17
 48 60 69  1
 48 60 68  1
 48 60 65 66 68  1
 48 60 65 66 67  1
 48 60 61  93
 48 60 61 76  11
 48 60 61 74 75  11
 48 58 69  1
 48 58 68  1
 48 58 65 66 68  1
 48 58 65 66 67  1
 48 57 58  1
 48 54 60  1
 48 54 58  1
 48 52 53 60  1
 48 52 53 58  1
 44 75  1
 44 73 74  1
 44 48  1
 42 60 75  1
 42 60 73 74  1
 42 58 75  1
 42 58 73 74  1
 42 48 60  1
 42 48 58  1
 41 75  11
 41 73 74  11
 41 67 75  11
 41 67 73 74  11
 41 65 66 75  11
 41 65 66 73 74  11
 41 60  1
 41 60 75  1
 41 60 73 74  1
 41 60 67  1
 41 60 67 75  1
 41 60 67 73 74  1
 41 60 65 66  1
 41 60 65 66 75  1
 41 60 65 66 73 74  1
 41 58  1
 41 58 75  1
 41 58 73 74  1
 41 58 67  1
 41 58 67 75  1
 41 58 67 73 74  1
 41 58 65 66  1
 41 58 65 66 75  1
 41 58 65 66 73 74  1
 41 48  11
 41 48 67  11
 41 48 65 66  11
 41 48 60  1
 41 48 60 67  1
 41 48 60 65 66  1
 41 48 58  1
 41 48 58 67  1
 41 48 58 65 66  1
 40 68 75  11
 40 68 73 74  11
 40 66 67 75  11
 40 66 67 73 74  11
 40 60 68  1
 40 60 68 75  1
 40 60 68 73 74  1
 40 60 66 67  1
 40 60 66 67 75  1
 40 60 66 67 73 74  1
 40 58 68  1
 40 58 68 75  1
 40 58 68 73 74  1
 40 58 66 67  1
 40 58 66 67 75  1
 40 58 66 67 73 74  1
 40 48 68  11
 40 48 66 67  11
 40 48 60 68  1
 40 48 60 66 67  1
 40 48 58 68  1
 40 48 58 66 67  1
 40 41 75  11
 40 41 73 74  11
 40 41 60  1
 40 41 60 75  1
 40 41 60 73 74  1
 40 41 58  1
 40 41 58 75  1
 40 41 58 73 74  1
 40 41 48  11
 40 41 48 60  1
 40 41 48 58  1
 35 73 74 76  11
 35 73 74 75  11
 35 49 75  11
 35 49 73 74  11
 35 48 76  11
 35 48 74 75  11
 33 75  11
 33 73 74  11
 33 60 75  1
 33 60 73 74  1
 33 58 75  1
 33 58 73 74  1
 33 48  11
 33 48 60  1
 33 48 58  1
 33 34 75  1
 33 34 73 74  1
 33 34 48  1
 27 75  11
 27 73 74  11
 27 60  9
 27 60 75  1
 27 60 73 74  1
 27 58  1
 27 58 75  1
 27 58 73 74  1
 27 48  11
 27 48 60  1
 27 48 58  1
 26 75  7
 26 73 74  7
 26 48  7
 24 25  89
 24 25 75  1
 24 25 73 74  1
 24 25 48  1
 16 67  1
 16 67 75  1
 16 67 73 74  1
 16 65 66  1
 16 65 66 75  1
 16 65 66 73 74  1
 16 48 67  1
 16 48 65 66  1
 16 40  1
 16 40 75  1
 16 40 73 74  1
 16 40 48  1
 15 76  1
 15 74  1
 15 73 74  9
 15 72 73  1
 15 72 73 75  1
 15 72 73 74  1
 15 63  1
 15 61  1
 15 61 62  1
 15 59 60  1
 15 49  1
 15 48 74  1
 15 48 72 73  1
 15 47  1
 15 47 75  1
 15 47 73 74  1
 15 47 48  1
 15 36  1
 15 34  1
 8 75  1
 8 73 74  1
 8 48  1
 61 77  7
 61 75 76  7
 47 48 75 76  5
 34 77  7
 34 75 76  7
 34 62  5
 34 60 61  5
 22 75 76  5
 55 67  7
 55 65 66  7
 40 55  7
 48 49 59  21
 51 65 66 68  1
 51 65 66 67  1
 51 54  11
 49 50 74  27
 49 50 71 72 74  15
 49 50 71 72 73  15
 49 50 69  1
 49 50 65 66 68  1
 49 50 65 66 67  1
 49 50 55  33
 49 50 54  5
 49 50 52 53  1
 47 49 50  27
 47 49 50 73  15
 47 49 50 71 72  15
 47 48 49 50  5
 46 49 50 74  15
 46 49 50 72 73  15
 46 47 49 50  15
 42 49 50  1
 41 51 67  1
 41 51 65 66  1
 41 49 50 67  1
 41 49 50 65 66  1
 40 51 68  1
 40 51 66 67  1
 40 49 50 68  1
 40 49 50 66 67  1
 40 41 51  1
 40 41 49 50  1
 36 37  49
 35 36 49  7
 27 51  1
 27 49 50  1
 27 28  3
 24 74  9
 24 73  25
 24 71 72  25
 24 71 72 74  1
 24 71 72 73  1
 24 69  1
 24 68  9
 24 65 66 68  1
 24 65 66 67  1
 24 58 59  25
 24 55  1
 24 54  5
 24 52 53  1
 24 49  99
 24 47  9
 24 47 73  1
 24 47 71 72  1
 24 46  25
 24 46 74  1
 24 46 72 73  1
 24 46 47  1
 24 42  1
 24 41  9
 24 41 67  1
 24 41 65 66  1
 24 40 68  1
 24 40 66 67  1
 24 40 41  1
 22 49 50  15
 9 51  7
 0 49 50  11
 0 37  1
 0 35 36  1
 0 24  1
 0 10  1
 59 64  89
 59 60 61 63  81
 56 61 62  53
 47 48 59  81
 37 59  89
 36 74  281
 36 72 73  391
 36 59 62  81
 36 59 60 61  81
 36 56  53
 36 47  281
 35 59 63  81
 35 59 61 62  81
 35 36 59  81
 22 59  81
 5 63  9
 5 63 73  3
 5 63 71 72  3
 5 61 62  9
 5 61 62 73  3
 5 61 62 71 72  3
 5 59 63  3
 5 59 61 62  3
 5 46 63  3
 5 46 61 62  3
 5 36  9
 5 36 73  3
 5 36 71 72  3
 5 36 59  3
 5 36 46  3
 5 77  13
 5 76  9
 5 74 75  9
 5 74 75 77  3
 5 74 75 76  3
 5 73 77  1
 5 73 76  3
 5 73 74 75  3
 5 73 74 75 77  1
 5 73 74 75 76  1
 5 72  3
 5 72 73  3
 5 71 72 77  1
 5 71 72 76  3
 5 71 72 74 75  3
 5 71 72 74 75 77  1
 5 71 72 74 75 76  1
 5 70 71  3
 5 70 71 73  1
 5 70 71 72  1
 5 60  3
 5 60 73  1
 5 60 71 72  1
 5 59 78  1
 5 59 77  1
 5 59 76  3
 5 59 74 75  3
 5 59 74 75 77  1
 5 59 74 75 76  1
 5 59 73  1
 5 59 71 72  1
 5 58  3
 5 58 73  1
 5 58 71 72  1
 5 58 59  3
 5 58 59 73  1
 5 58 59 71 72  1
 5 51 59  1
 5 50 76  3
 5 50 74 75  3
 5 50 73  1
 5 50 73 76  1
 5 50 73 74 75  1
 5 50 71 72  1
 5 50 71 72 76  1
 5 50 71 72 74 75  1
 5 50 59  1
 5 50 59 76  1
 5 50 59 74 75  1
 5 49  9
 5 49 77  3
 5 49 75 76  3
 5 49 73  3
 5 49 73 77  1
 5 49 73 75 76  1
 5 49 71 72  3
 5 49 71 72 77  1
 5 49 71 72 75 76  1
 5 49 59  3
 5 49 59 77  1
 5 49 59 75 76  1
 5 49 50  3
 5 49 50 73  1
 5 49 50 71 72  1
 5 49 50 59  1
 5 46 77  1
 5 46 76  3
 5 46 74 75  3
 5 46 74 75 77  1
 5 46 74 75 76  1
 5 46 72  1
 5 46 70 71  1
 5 46 60  1
 5 46 59  1
 5 46 58  1
 5 46 58 59  1
 5 46 50  1
 5 46 50 76  1
 5 46 50 74 75  1
 5 46 49  3
 5 46 49 77  1
 5 46 49 75 76  1
 5 46 49 50  1
 5 45  3
 5 45 73  1
 5 45 71 72  1
 5 45 46  1
 59 61 62 78 79  55
 53 61 62  203
 53 59 61 62  55
 36 53  191
 58 72 73 75  17
 58 72 73 74  17
 48 58 74  17
 48 58 72 73  17
 47 58 75  17
 47 58 73 74  17
 47 48 58  19
 34 58  17
 9 73 74  17
 59 74 78  21
 59 74 76 77  27
 59 72 73 78  27
 59 72 73 76 77  37
 51 59 74  21
 51 59 72 73  27
 47 59 78  21
 47 59 76 77  27
 47 51 59  21
 54 59 74  5
 47 54 59  5
 56 60  47
 62 63 77  9
 62 63 75  17
 62 63 75 76  13
 62 63 73 74  17
 61 62 63 75  1
 61 62 63 73 74  1
 60 61 63 77  3
 60 61 63 75 76  5
 60 61 62 77  3
 60 61 62 75 76  5
 51 63 75  3
 51 63 73 74  3
 50 62 63  9
 50 60 61 63  3
 50 60 61 62  3
 48 62 63  17
 48 61 62 63  1
 48 51 63  3
 36 63 75  1
 36 63 73 74  1
 36 48 63  1
 35 63 77  3
 35 63 75 76  5
 35 62 76  1
 35 62 75  3
 35 62 75 76  3
 35 62 73 74  3
 35 62 73 74 76  1
 35 62 73 74 75  1
 35 50 63  3
 35 49 62  1
 35 49 62 75  1
 35 49 62 73 74  1
 35 48 62  3
 35 48 62 76  1
 35 48 62 74 75  1
 35 48 49 62  1
 21 74 75  63
 21 73 74 76  5
 21 73 74 75  5
 21 63 75  1
 21 63 73 74  1
 21 62  35
 21 62 76  5
 21 62 75  3
 21 62 75 76  3
 21 62 73 74  3
 21 62 73 74 76  1
 21 62 73 74 75  1
 21 61 62 75  1
 21 61 62 73 74  1
 21 60 61  15
 21 60 61 76  1
 21 60 61 75  3
 21 60 61 75 76  3
 21 60 61 73 74  3
 21 60 61 73 74 76  1
 21 60 61 73 74 75  1
 21 49 75  5
 21 49 73 74  5
 21 49 62  5
 21 49 62 75  1
 21 49 62 73 74  1
 21 49 60 61  1
 21 49 60 61 75  1
 21 49 60 61 73 74  1
 21 48 76  5
 21 48 74 75  5
 21 48 63  1
 21 48 62  3
 21 48 62 76  1
 21 48 62 74 75  1
 21 48 61 62  1
 21 48 60 61  3
 21 48 60 61 76  1
 21 48 60 61 74 75  1
 21 48 49  5
 21 48 49 62  1
 21 48 49 60 61  1
 21 36 75  1
 21 36 73 74  1
 21 36 48  1
 21 35  15
 21 35 76  1
 21 35 75  3
 21 35 75 76  3
 21 35 73 74  3
 21 35 73 74 76  1
 21 35 73 74 75  1
 21 35 49  1
 21 35 49 75  1
 21 35 49 73 74  1
 21 35 48  3
 21 35 48 76  1
 21 35 48 74 75  1
 21 35 48 49  1
 20 78  7
 20 76  19
 20 76 77  7
 20 75 76  21
 20 73 74 76  5
 20 73 74 75  5
 20 63 75  1
 20 63 73 74  1
 20 62  15
 20 62 76  1
 20 62 75  3
 20 62 75 76  3
 20 62 73 74  3
 20 62 73 74 76  1
 20 62 73 74 75  1
 20 61 62 75  1
 20 61 62 73 74  1
 20 60 61  15
 20 60 61 76  1
 20 60 61 75  3
 20 60 61 75 76  3
 20 60 61 73 74  3
 20 60 61 73 74 76  1
 20 60 61 73 74 75  1
 20 51  15
 20 49  19
 20 49 75  5
 20 49 73 74  5
 20 49 62  1
 20 49 62 75  1
 20 49 62 73 74  1
 20 49 60 61  1
 20 49 60 61 75  1
 20 49 60 61 73 74  1
 20 48 76  5
 20 48 74 75  5
 20 48 63  1
 20 48 62  3
 20 48 62 76  1
 20 48 62 74 75  1
 20 48 61 62  1
 20 48 60 61  3
 20 48 60 61 76  1
 20 48 60 61 74 75  1
 20 48 49  5
 20 48 49 62  1
 20 48 49 60 61  1
 20 36 75  1
 20 36 73 74  1
 20 36 48  1
 20 35  15
 20 35 76  1
 20 35 75  3
 20 35 75 76  3
 20 35 73 74  3
 20 35 73 74 76  1
 20 35 73 74 75  1
 20 35 49  1
 20 35 49 75  1
 20 35 49 73 74  1
 20 35 48  3
 20 35 48 76  1
 20 35 48 74 75  1
 20 35 48 49  1
 19 20 74 75  67
 19 20 73 74 76  5
 19 20 73 74 75  5
 19 20 63 75  1
 19 20 63 73 74  1
 19 20 62  35
 19 20 62 76  5
 19 20 62 75  3
 19 20 62 75 76  3
 19 20 62 73 74  3
 19 20 62 73 74 76  1
 19 20 62 73 74 75  1
 19 20 61 62 75  1
 19 20 61 62 73 74  1
 19 20 60 61  15
 19 20 60 61 76  1
 19 20 60 61 75  3
 19 20 60 61 75 76  3
 19 20 60 61 73 74  3
 19 20 60 61 73 74 76  1
 19 20 60 61 73 74 75  1
 19 20 49 75  5
 19 20 49 73 74  5
 19 20 49 62  5
 19 20 49 62 75  1
 19 20 49 62 73 74  1
 19 20 49 60 61  1
 19 20 49 60 61 75  1
 19 20 49 60 61 73 74  1
 19 20 48 76  5
 19 20 48 74 75  5
 19 20 48 63  1
 19 20 48 62  3
 19 20 48 62 76  1
 19 20 48 62 74 75  1
 19 20 48 61 62  1
 19 20 48 60 61  3
 19 20 48 60 61 76  1
 19 20 48 60 61 74 75  1
 19 20 48 49  5
 19 20 48 49 62  1
 19 20 48 49 60 61  1
 19 20 36 75  1
 19 20 36 73 74  1
 19 20 36 48  1
 19 20 35  15
 19 20 35 76  1
 19 20 35 75  3
 19 20 35 75 76  3
 19 20 35 73 74  3
 19 20 35 73 74 76  1
 19 20 35 73 74 75  1
 19 20 35 49  1
 19 20 35 49 75  1
 19 20 35 49 73 74  1
 19 20 35 48  3
 19 20 35 48 76  1
 19 20 35 48 74 75  1
 19 20 35 48 49  1
 18 19  135
 18 19 78  7
 18 19 76  19
 18 19 76 77  7
 18 19 75 76  21
 18 19 73 74 76  5
 18 19 73 74 75  5
 18 19 63 75  1
 18 19 63 73 74  1
 18 19 62  15
 18 19 62 76  1
 18 19 62 75  3
 18 19 62 75 76  3
 18 19 62 73 74  3
 18 19 62 73 74 76  1
 18 19 62 73 74 75  1
 18 19 61 62 75  1
 18 19 61 62 73 74  1
 18 19 60 61  15
 18 19 60 61 76  1
 18 19 60 61 75  3
 18 19 60 61 75 76  3
 18 19 60 61 73 74  3
 18 19 60 61 73 74 76  1
 18 19 60 61 73 74 75  1
 18 19 51  15
 18 19 49  19
 18 19 49 75  5
 18 19 49 73 74  5
 18 19 49 62  1
 18 19 49 62 75  1
 18 19 49 62 73 74  1
 18 19 49 60 61  1
 18 19 49 60 61 75  1
 18 19 49 60 61 73 74  1
 18 19 48 76  5
 18 19 48 74 75  5
 18 19 48 63  1
 18 19 48 62  3
 18 19 48 62 76  1
 18 19 48 62 74 75  1
 18 19 48 61 62  1
 18 19 48 60 61  3
 18 19 48 60 61 76  1
 18 19 48 60 61 74 75  1
 18 19 48 49  5
 18 19 48 49 62  1
 18 19 48 49 60 61  1
 18 19 36 75  1
 18 19 36 73 74  1
 18 19 36 48  1
 18 19 35  15
 18 19 35 76  1
 18 19 35 75  3
 18 19 35 75 76  3
 18 19 35 73 74  3
 18 19 35 73 74 76  1
 18 19 35 73 74 75  1
 18 19 35 49  1
 18 19 35 49 75  1
 18 19 35 49 73 74  1
 18 19 35 48  3
 18 19 35 48 76  1
 18 19 35 48 74 75  1
 18 19 35 48 49  1
 30 31  153
 53 59 60  9
 33 59 78 79  3
 33 53 59  3
 49 50 76  95
 47 48 74 75  13
 47 48 50 76  3
 47 48 50 74 75  3
 47 48 49 76  3
 47 48 49 74 75  3
 36 74 75  61
 32 50  33
 32 48 49  21
 30 31 50  33
 30 31 48 49  21
 24 76  87
 23 49 76  3
 23 49 74 75  3
 23 47 48 76  3
 23 47 48 74 75  3
 23 47 48 49  3
 23 32  21
 23 30 31  21
 22 76  21
 22 50 76  3
 22 50 74 75  3
 22 49  21
 22 48 49 76  3
 22 48 49 74 75  3
 22 23 76  3
 22 23 74 75  3
 22 23 49  3
 5 48 49  21
 5 23  21
 9 73  13
 9 71 72  13
 9 46  13
 7 32  1
 7 30 31  1
 5 7  1
 64 76  29
 64 74 75  31
 56 78  31
 56 74 75 77  31
 56 74 75 76  31
 56 58 59  31
 55 78  33
 55 76 77  65
 51 56  31
 50 56 76  31
 50 56 74 75  31
 49 56 77  31
 49 56 75 76  31
 49 50 56  31
 9 72 73  15
 9 71 72 74  5
 9 71 72 73  5
 9 60  35
 9 56  5
 9 55  5
 9 47 73  5
 9 47 71 72  5
 9 46 74  5
 9 46 72 73  5
 9 46 47  5
 9 33  5
 61 62 78  3
 61 62 76 77  3
 36 78  3
 36 76 77  3
 73 78 79  85
 71 72 78 79  85
 53 73  85
 53 71 72  85
 46 78 79  85
 46 53  85
 9 72  15
 9 70 71  15
 9 59 60  3
 9 58  15
 9 45  15
 56 57 74  3
 56 57 72 73  3
 47 56 57  3
 31 74  3
 31 72 73  3
 31 47  3
 61 79  5
 61 76 77 79  5
 61 76 77 78  5
 61 65  5
 61 63 64  5
 59 61 79  1
 59 61 76 77 79  1
 59 61 76 77 78  1
 59 61 65  1
 59 61 63 64  1
 53 59 61  1
 52 61  5
 52 61 78  5
 52 61 76 77  5
 52 59 61  1
 52 59 61 78  1
 52 59 61 76 77  1
 51 61  21
 51 61 79  5
 51 61 77 78  5
 51 59 61 79  1
 51 59 61 77 78  1
 51 52 61  5
 51 52 59 61  1
 38 61  5
 38 59 61  1
 50 51 59  17
 9 79  15
 9 78  5
 9 76 77  5
 9 76 77 79  5
 9 76 77 78  5
 9 65  5
 9 63 64  5
 9 52  15
 9 52 78  5
 9 52 76 77  5
 9 51 79  5
 9 51 77 78  5
 9 51 52  5
 9 38  5
 54 76  3
 54 74 75  3
 49 54  3
 9 59 63  5
 9 59 63 78 79  1
 9 59 61 62  5
 9 59 61 62 78 79  1
 9 54 59 63  1
 9 54 59 61 62  1
 9 53 59 63  1
 9 53 59 61 62  1
 9 36 59  5
 9 36 59 78 79  1
 9 36 54 59  1
 9 36 53 59  1
 41 42  111
 41 42 44  1
 41 42 43  1
 17 43  1
 17 41 42  1
 16 44  1
 16 42 43  1
 16 17  1
 53 76  17
 53 74 75  19
 53 61 62 63  1
 51 64 76  5
 51 64 74 75  5
 51 63 76  19
 51 63 74 75  19
 51 61 62 63  1
 51 52 61 62  5
 51 52 61 62 63  1
 49 53  29
 49 51 64  5
 49 51 63  19
 49 50 64  23
 49 50 64 76  5
 49 50 64 74 75  5
 49 50 63 76  19
 49 50 63 74 75  19
 49 50 61 62 63  1
 36 53 63  1
 36 51 63  1
 36 51 52  5
 36 51 52 63  1
 36 49 50 63  1
 26 61 62  5
 26 61 62 63  1
 26 36  5
 26 36 63  1
 24 64 76  5
 24 64 74 75  5
 24 63 76  19
 24 63 74 75  19
 24 61 62 63  1
 24 49 64  5
 24 49 63  19
 24 36 63  1
 21 53 63  1
 21 53 61 62  1
 21 51 76  17
 21 51 74 75  17
 21 51 63  1
 21 51 61 62  1
 21 51 52 63  1
 21 51 52 61 62  1
 21 49 51  17
 21 49 50 76  17
 21 49 50 74 75  17
 21 49 50 63  1
 21 49 50 61 62  1
 21 36 53  1
 21 36 51  1
 21 36 51 52  1
 21 36 49 50  1
 21 26 63  1
 21 26 61 62  1
 21 26 36  1
 21 24 76  17
 21 24 74 75  17
 21 24 63  1
 21 24 61 62  1
 21 24 49  17
 21 24 36  1
 19 20 53 63  1
 19 20 53 61 62  1
 19 20 51 76  19
 19 20 51 74 75  19
 19 20 51 63  1
 19 20 51 61 62  1
 19 20 51 52 63  1
 19 20 51 52 61 62  1
 19 20 49 51  19
 19 20 49 50 76  19
 19 20 49 50 74 75  19
 19 20 49 50 63  1
 19 20 49 50 61 62  1
 19 20 36 53  1
 19 20 36 51  1
 19 20 36 51 52  1
 19 20 36 49 50  1
 19 20 26 63  1
 19 20 26 61 62  1
 19 20 26 36  1
 19 20 24 76  19
 19 20 24 74 75  19
 19 20 24 63  1
 19 20 24 61 62  1
 19 20 24 49  19
 19 20 24 36  1
 6 59  3
 74 78 79  39
 72 73 78 79  51
 59 75 78 79  3
 59 74 78 79  21
 59 73 78 79  15
 59 71 72 78 79  15
 59 71 72 74 78 79  3
 59 71 72 73 78 79  3
 53 74  39
 53 72 73  51
 53 59 75  3
 53 59 74  21
 53 59 73  15
 53 59 71 72  15
 53 59 71 72 74  3
 53 59 71 72 73  3
 48 59 78 79  3
 48 53 59  3
 47 78 79  39
 47 59 78 79  21
 47 59 73 78 79  3
 47 59 71 72 78 79  3
 47 53  39
 47 53 59  21
 47 53 59 73  3
 47 53 59 71 72  3
 46 59 78 79  15
 46 59 74 78 79  3
 46 59 72 73 78 79  3
 46 53 59  15
 46 53 59 74  3
 46 53 59 72 73  3
 46 47 59 78 79  3
 46 47 53 59  3
 59 73 74 76  19
 59 73 74 75  25
 49 59 75  13
 49 59 73 74  19
 48 59 76  13
 48 59 74 75  13
 66 67 69  29
 58 74 78  3
 58 74 76 77  3
 58 72 73 78  3
 58 72 73 76 77  3
 51 58 74  3
 51 58 72 73  3
 47 58 78  3
 47 58 76 77  3
 47 51 58  3
 42 68  29
 42 66 67  29
 41 69  29
 41 67 68  29
 58 74 75 77  3
 58 74 75 76  3
 58 61 62  51
 50 58 76  3
 50 58 74 75  3
 49 58 77  3
 49 58 75 76  3
 36 58  49
 30 31 33  5
 30 31 32  5
 6 32  5
 6 30 31  5
 5 33  5
 5 31 32  5
 5 6  25
 0 77  355
 0 75 76  365
 61 62 76  59
 61 62 74 75  61
 49 61 62  59
 18 59 60  3
 18 34  3
 37 68  1
 37 66 67  1
 37 41  1
 35 36 68  1
 35 36 66 67  1
 35 36 41  1
 10 66 67  1
 10 41  1
 61 62 64  13
 50 51 53  1
 50 51 52  13
 36 64  13
 26 52  1
 26 50 51  1
 25 53  1
 25 51 52  1
 9 18  1
 59 64 78 79  3
 59 62 78 79  9
 59 60 61 78 79  9
 59 60 61 63 78 79  3
 59 60 61 62 78 79  3
 53 64  33
 53 59 64  3
 53 59 62  9
 53 59 60 61  9
 53 59 60 61 63  3
 53 59 60 61 62  3
 49 59 78 79  3
 49 53 59  3
 47 48 59 78 79  3
 47 48 53 59  3
 37 59 78 79  3
 37 53  33
 37 53 59  3
 36 59 62 78 79  3
 36 59 60 61 78 79  3
 36 53 59 62  3
 36 53 59 60 61  3
 35 59 78 79  9
 35 59 63 78 79  3
 35 59 61 62 78 79  3
 35 53 59  9
 35 53 59 63  3
 35 53 59 61 62  3
 35 36 59 78 79  3
 35 36 53 59  3
 22 59 78 79  3
 22 53 59  3
 52 53 77  1
 52 53 75 76  1
 51 76 78  1
 51 75 78  1
 51 75 77  1
 51 75 76 77  1
 51 74 75 78  1
 51 74 75 76 77  1
 51 73 74 78  1
 51 73 74 77  1
 51 73 74 76 77  1
 51 73 74 75 76  1
 51 63 78  1
 51 63 77  1
 51 63 76 77  1
 51 63 75 76  1
 51 62 77  1
 51 62 75 76  1
 51 62 63 76  3
 51 62 63 74 75  3
 51 61 62 78  1
 51 61 62 77  1
 51 61 62 76 77  1
 51 61 62 75  1
 51 61 62 75 76  1
 51 61 62 73 74  1
 51 60 77  1
 51 60 76  1
 51 60 75  1
 51 60 75 76  1
 51 60 74 75  1
 51 60 73 74  1
 51 60 63  1
 51 60 61 77  1
 51 60 61 75 76  1
 51 60 61 62  1
 50 52 53  1
 50 51 78  5
 50 51 77  9
 50 51 76  7
 50 51 76 77  5
 50 51 75 76  9
 50 51 74 75  7
 50 51 60 61  1
 49 51 78  1
 49 51 76 77  1
 49 51 62 63  3
 49 51 60  1
 49 50 76 78  1
 49 50 75 78  1
 49 50 75 77  1
 49 50 75 76 77  1
 49 50 74 75 78  1
 49 50 74 75 76 77  1
 49 50 73 74 78  1
 49 50 73 74 77  1
 49 50 73 74 76  1
 49 50 73 74 76 77  1
 49 50 73 74 75  1
 49 50 73 74 75 76  1
 49 50 63 78  1
 49 50 63 77  1
 49 50 63 76 77  1
 49 50 63 75  1
 49 50 63 75 76  1
 49 50 63 73 74  1
 49 50 62  13
 49 50 62 77  1
 49 50 62 75 76  1
 49 50 62 63  13
 49 50 62 63 76  3
 49 50 62 63 74 75  3
 49 50 61 62 78  1
 49 50 61 62 77  1
 49 50 61 62 76 77  1
 49 50 61 62 75  1
 49 50 61 62 75 76  1
 49 50 61 62 73 74  1
 49 50 60 77  1
 49 50 60 76  1
 49 50 60 75  1
 49 50 60 75 76  1
 49 50 60 74 75  1
 49 50 60 73 74  1
 49 50 60 63  1
 49 50 60 61  3
 49 50 60 61 77  1
 49 50 60 61 75 76  1
 49 50 60 61 62  1
 49 50 52 58  1
 49 50 51 76  1
 49 50 51 75  1
 49 50 51 74 75  1
 49 50 51 73 74  1
 49 50 51 63  1
 49 50 51 61 62  1
 49 50 51 58  1
 48 51 78  1
 48 51 77  1
 48 51 76 77  1
 48 51 75 76  1
 48 51 61 62  1
 48 51 60  1
 48 49 51 78  1
 48 49 51 77  1
 48 49 51 76  1
 48 49 51 76 77  1
 48 49 51 75 76  1
 48 49 51 74 75  1
 48 49 51 63  1
 48 49 51 61 62  1
 48 49 51 60  1
 48 49 50 51  3
 39 51  1
 39 49 50  1
 38 52 58  1
 38 50 51 58  1
 37 51 76  1
 37 51 74 75  1
 37 49 51  1
 37 49 50  3
 37 49 50 76  1
 37 49 50 74 75  1
 37 38 51  1
 37 38 49 50  1
 36 77  3
 36 51 78  1
 36 51 77  1
 36 51 76 77  1
 36 51 75  1
 36 51 75 76  1
 36 51 73 74  1
 36 51 60  1
 36 50  5
 36 49 50 78  1
 36 49 50 77  1
 36 49 50 76 77  1
 36 49 50 75  1
 36 49 50 75 76  1
 36 49 50 73 74  1
 36 49 50 60  1
 36 49 50 51  1
 36 48 51  1
 36 48 49  3
 36 48 49 51  1
 36 37 58  1
 36 37 52 58  1
 36 37 50 51 58  1
 35 51 77  1
 35 51 75 76  1
 35 50 51  1
 35 49 50  3
 35 49 50 77  1
 35 49 50 75 76  1
 27 77  1
 27 75 76  1
 27 50  1
 26 58  81
 25 58  7
 25 51 58  1
 25 49 50 58  1
 25 38 58  1
 25 36 37 58  1
 24 76 78  1
 24 75 78  1
 24 75 77  1
 24 75 76 77  1
 24 74 75 78  1
 24 74 75 76 77  1
 24 73 74 78  1
 24 73 74 77  1
 24 73 74 76  1
 24 73 74 76 77  1
 24 73 74 75  1
 24 73 74 75 76  1
 24 63 78  1
 24 63 77  1
 24 63 76 77  1
 24 63 75  1
 24 63 75 76  1
 24 63 73 74  1
 24 62 77  1
 24 62 75 76  1
 24 62 63 76  3
 24 62 63 74 75  3
 24 61 62 78  1
 24 61 62 77  1
 24 61 62 76 77  1
 24 61 62 75  1
 24 61 62 75 76  1
 24 61 62 73 74  1
 24 60 77  1
 24 60 76  1
 24 60 75  1
 24 60 75 76  1
 24 60 74 75  1
 24 60 73 74  1
 24 60 63  1
 24 60 61 77  1
 24 60 61 75 76  1
 24 60 61 62  1
 24 52 58  1
 24 51 76  1
 24 51 75  1
 24 51 74 75  1
 24 51 73 74  1
 24 51 63  1
 24 51 61 62  1
 24 50 78  1
 24 50 77  1
 24 50 76  3
 24 50 76 77  1
 24 50 75  1
 24 50 75 76  1
 24 50 74 75  3
 24 50 73 74  1
 24 50 62  1
 24 50 60 61  1
 24 50 51  5
 24 50 51 58  1
 24 49 78  1
 24 49 76 77  1
 24 49 75  1
 24 49 73 74  1
 24 49 62 63  3
 24 49 60  1
 24 49 51  1
 24 49 50  3
 24 48 78  1
 24 48 77  1
 24 48 76  1
 24 48 76 77  1
 24 48 75 76  1
 24 48 74 75  1
 24 48 63  1
 24 48 61 62  1
 24 48 60  1
 24 48 51  1
 24 48 50  1
 24 48 49 78  1
 24 48 49 77  1
 24 48 49 76  1
 24 48 49 76 77  1
 24 48 49 75 76  1
 24 48 49 74 75  1
 24 48 49 63  1
 24 48 49 61 62  1
 24 48 49 60  1
 24 48 49 51  1
 24 48 49 50  1
 24 39  1
 24 37 76  1
 24 37 74 75  1
 24 37 49  1
 24 37 38  1
 24 36 78  1
 24 36 77  1
 24 36 76 77  1
 24 36 75  1
 24 36 75 76  1
 24 36 73 74  1
 24 36 60  1
 24 36 51  1
 24 36 48  1
 24 36 48 49  1
 24 35 77  1
 24 35 75 76  1
 24 35 50  1
 24 25 58  1
 23 51 78  1
 23 51 77  1
 23 51 76  1
 23 51 76 77  1
 23 51 75 76  1
 23 51 74 75  1
 23 51 63  1
 23 51 61 62  1
 23 51 60  1
 23 50 51  1
 23 49 51  1
 23 49 50 78  1
 23 49 50 77  1
 23 49 50 76  1
 23 49 50 76 77  1
 23 49 50 75 76  1
 23 49 50 74 75  1
 23 49 50 63  1
 23 49 50 61 62  1
 23 49 50 60  1
 23 49 50 51  1
 23 36 51  1
 23 36 49 50  1
 23 24 78  1
 23 24 77  1
 23 24 76  1
 23 24 76 77  1
 23 24 75 76  1
 23 24 74 75  1
 23 24 63  1
 23 24 61 62  1
 23 24 60  1
 23 24 51  1
 23 24 50  1
 23 24 49  1
 23 24 36  1
 15 51 77  1
 15 51 75 76  1
 15 50 51  3
 15 49 50  3
 15 49 50 77  1
 15 49 50 75 76  1
 15 24 77  1
 15 24 75 76  1
 15 24 50  1
 12 51  1
 12 49 50  1
 11 52 58  1
 11 50 51 58  1
 11 25 58  1
 49 50 61  1
 48 49 61  1
 48 49 59 60  1
 34 51  1
 34 49 50  1
 34 48 49  1
 24 59 60  5
 24 34  1
 23 61  1
 23 59 60  1
 23 34  1
 0 76 78  1
 0 74 75 78  1
 0 74 75 76 77  1
 0 63 76  1
 0 63 74 75  1
 0 61 62 76  1
 0 61 62 74 75  1
 0 51 76  1
 0 51 74 75  1
 0 49 78  1
 0 49 76 77  1
 0 49 63  1
 0 49 61 62  1
 0 49 51  1
 0 36 76  1
 0 36 74 75  1
 0 36 49  1
 69 74  1
 69 72 73  1
 68 74  1
 68 72 73  1
 67 74  5
 67 72 73  5
 65 66 74  5
 65 66 72 73  5
 65 66 68 74  1
 65 66 68 72 73  1
 65 66 67 74  1
 65 66 67 72 73  1
 57 74  9
 57 72 73  9
 55 74  3
 55 72 73  3
 52 53 74  1
 52 53 72 73  1
 47 69  1
 47 68  1
 47 67  5
 47 65 66  5
 47 65 66 68  1
 47 65 66 67  1
 47 57  9
 47 55  3
 47 52 53  1
 41 67 74  1
 41 67 72 73  1
 41 65 66 74  1
 41 65 66 72 73  1
 41 47 67  1
 41 47 65 66  1
 40 74  5
 40 72 73  5
 40 68 74  1
 40 68 72 73  1
 40 66 67 74  1
 40 66 67 72 73  1
 40 47  5
 40 47 68  1
 40 47 66 67  1
 40 41 74  1
 40 41 72 73  1
 40 41 47  1
 34 35 74  1
 34 35 72 73  1
 34 35 47  1
 33 74  1
 33 72 73  1
 33 47  1
 27 74  1
 27 72 73  1
 27 47  1
 54 59 75  1
 54 59 73  1
 54 59 71 72  1
 54 59 71 72 74  1
 54 59 71 72 73  1
 54 59 60  1
 54 55 59  1
 48 54 59  1
 47 54 59 73  1
 47 54 59 71 72  1
 46 54 59  1
 46 54 59 74  1
 46 54 59 72 73  1
 46 47 54 59  1
 33 54 59  1
 63 65 76  3
 63 65 74 75  3
 63 64 76  3
 63 64 74 75  3
 61 62 65 76  3
 61 62 65 74 75  3
 61 62 64 76  3
 61 62 64 74 75  3
 49 63 65  3
 49 63 64  3
 49 61 62 65  3
 49 61 62 64  3
 36 65 76  3
 36 65 74 75  3
 36 64 76  3
 36 64 74 75  3
 36 49 65  3
 36 49 64  3
 23 63 76  3
 23 63 74 75  3
 23 61 62 76  3
 23 61 62 74 75  3
 23 49 63  3
 23 49 61 62  3
 23 36 76  3
 23 36 74 75  3
 23 36 49  3
 22 63 76  3
 22 63 74 75  3
 22 61 62 76  3
 22 61 62 74 75  3
 22 49 63  3
 22 49 61 62  3
 22 36 76  3
 22 36 74 75  3
 22 36 49  3
 21 22 63 76  3
 21 22 63 74 75  3
 21 22 61 62 76  3
 21 22 61 62 74 75  3
 21 22 49 63  3
 21 22 49 61 62  3
 21 22 36 76  3
 21 22 36 74 75  3
 21 22 36 49  3
 20 21 63 76  3
 20 21 63 74 75  3
 20 21 61 62 76  3
 20 21 61 62 74 75  3
 20 21 49 63  3
 20 21 49 61 62  3
 20 21 36 76  3
 20 21 36 74 75  3
 20 21 36 49  3
 49 73 74 76  1
 49 73 74 75  1
 47 48 75  5
 47 48 73 74  5
 47 48 73 74 76  1
 47 48 73 74 75  1
 47 48 62  1
 47 48 60 61  1
 47 48 49 75  1
 47 48 49 73 74  1
 36 73 74 76  1
 36 73 74 75  1
 36 62 77  1
 36 62 76  5
 36 62 73 74 76  1
 36 62 73 74 75  1
 36 60 61 77  1
 36 60 61 76  5
 36 60 61 75  5
 36 60 61 73 74  5
 36 60 61 73 74 76  1
 36 60 61 73 74 75  1
 36 50 62  1
 36 50 60 61  1
 36 49 75  1
 36 49 73 74  1
 36 49 62  5
 36 49 62 75  1
 36 49 62 73 74  1
 36 49 60 61  5
 36 49 60 61 75  1
 36 49 60 61 73 74  1
 36 48 76  1
 36 48 74 75  1
 36 48 62 76  1
 36 48 62 74 75  1
 36 48 60 61  5
 36 48 60 61 76  1
 36 48 60 61 74 75  1
 36 48 49 62  1
 36 48 49 60 61  1
 35 61 62 77  1
 35 61 62 76  5
 35 61 62 75  5
 35 61 62 73 74  5
 35 61 62 73 74 76  1
 35 61 62 73 74 75  1
 35 50 61 62  1
 35 49 61 62  5
 35 49 61 62 75  1
 35 49 61 62 73 74  1
 35 48 61 62  5
 35 48 61 62 76  1
 35 48 61 62 74 75  1
 35 48 49 61 62  1
 35 47 48  1
 35 36 77  1
 35 36 76  5
 35 36 75  5
 35 36 73 74  5
 35 36 73 74 76  1
 35 36 73 74 75  1
 35 36 50  1
 35 36 49 75  1
 35 36 49 73 74  1
 35 36 48  5
 35 36 48 76  1
 35 36 48 74 75  1
 35 36 48 49  1
 22 75  5
 22 73 74  5
 22 73 74 76  1
 22 73 74 75  1
 22 62  1
 22 60 61  1
 22 49 75  1
 22 49 73 74  1
 22 48  5
 22 48 76  1
 22 48 74 75  1
 22 35  1
 76 77 78 79  1
 74 75 77 78 79  1
 66 76  1
 66 74 75  1
 64 65 76  1
 64 65 74 75  1
 53 76 79  1
 53 76 77 78  1
 53 74 75 79  1
 53 74 75 77 78  1
 52 76 78 79  1
 52 74 75 78 79  1
 52 53 76  1
 52 53 74 75  1
 49 77 78 79  1
 49 66  1
 49 64 65  1
 49 53 79  1
 49 53 77 78  1
 49 52 78 79  1
 49 52 53  1
 39 76  1
 39 74 75  1
 39 49  1
 44 59 61  1
 44 58 59  31
 9 44  5
 53 64 76  3
 53 64 75  3
 53 64 75 76  5
 53 64 73 74  3
 53 64 73 74 76  1
 53 64 73 74 75  1
 53 62 64  3
 53 62 63 76  3
 53 62 63 75  3
 53 62 63 75 76  5
 53 62 63 73 74  3
 53 62 63 73 74 76  1
 53 62 63 73 74 75  1
 53 60 61 64  3
 53 60 61 62 63  3
 51 52 64  21
 51 52 64 76  3
 51 52 64 75  3
 51 52 64 75 76  5
 51 52 64 73 74  3
 51 52 64 73 74 76  1
 51 52 64 73 74 75  1
 51 52 62 64  3
 51 52 62 63 76  3
 51 52 62 63 75  3
 51 52 62 63 75 76  5
 51 52 62 63 73 74  3
 51 52 62 63 73 74 76  1
 51 52 62 63 73 74 75  1
 51 52 60 61 64  3
 51 52 60 61 62 63  3
 49 53 64  3
 49 53 64 75  1
 49 53 64 73 74  1
 49 53 62 63  3
 49 53 62 63 75  1
 49 53 62 63 73 74  1
 49 51 52 64  3
 49 51 52 64 75  1
 49 51 52 64 73 74  1
 49 51 52 62 63  3
 49 51 52 62 63 75  1
 49 51 52 62 63 73 74  1
 48 53 64  3
 48 53 64 76  1
 48 53 64 74 75  1
 48 53 62 63  3
 48 53 62 63 76  1
 48 53 62 63 74 75  1
 48 51 52 64  3
 48 51 52 64 76  1
 48 51 52 64 74 75  1
 48 51 52 62 63  3
 48 51 52 62 63 76  1
 48 51 52 62 63 74 75  1
 48 49 53 64  1
 48 49 53 62 63  1
 48 49 51 52 64  1
 48 49 51 52 62 63  1
 37 53 76  3
 37 53 75  3
 37 53 75 76  5
 37 53 73 74  3
 37 53 73 74 76  1
 37 53 73 74 75  1
 37 53 62  3
 37 53 60 61  3
 37 51 52  21
 37 51 52 76  3
 37 51 52 75  3
 37 51 52 75 76  5
 37 51 52 73 74  3
 37 51 52 73 74 76  1
 37 51 52 73 74 75  1
 37 51 52 62  3
 37 51 52 60 61  3
 37 49 53  3
 37 49 53 75  1
 37 49 53 73 74  1
 37 49 51 52  3
 37 49 51 52 75  1
 37 49 51 52 73 74  1
 37 48 53  3
 37 48 53 76  1
 37 48 53 74 75  1
 37 48 51 52  3
 37 48 51 52 76  1
 37 48 51 52 74 75  1
 37 48 49 53  1
 37 48 49 51 52  1
 35 53 64  3
 35 53 62 63  3
 35 51 52 64  3
 35 51 52 62 63  3
 35 37 53  3
 35 37 51 52  3
 26 64  21
 26 64 76  3
 26 64 75  3
 26 64 75 76  5
 26 64 73 74  3
 26 64 73 74 76  1
 26 64 73 74 75  1
 26 62 64  3
 26 62 63 76  3
 26 62 63 75  3
 26 62 63 75 76  5
 26 62 63 73 74  3
 26 62 63 73 74 76  1
 26 62 63 73 74 75  1
 26 60 61 64  3
 26 60 61 62 63  3
 26 49 64  3
 26 49 64 75  1
 26 49 64 73 74  1
 26 49 62 63  3
 26 49 62 63 75  1
 26 49 62 63 73 74  1
 26 48 64  3
 26 48 64 76  1
 26 48 64 74 75  1
 26 48 62 63  3
 26 48 62 63 76  1
 26 48 62 63 74 75  1
 26 48 49 64  1
 26 48 49 62 63  1
 26 37  21
 26 37 76  3
 26 37 75  3
 26 37 75 76  5
 26 37 73 74  3
 26 37 73 74 76  1
 26 37 73 74 75  1
 26 37 62  3
 26 37 60 61  3
 26 37 49  3
 26 37 49 75  1
 26 37 49 73 74  1
 26 37 48  3
 26 37 48 76  1
 26 37 48 74 75  1
 26 37 48 49  1
 26 35 64  3
 26 35 62 63  3
 26 35 37  3
