  19593
 78  449
 77 78  155
 76 77  549
 52  319
 49  641
 9  31
 0  39
 67  229
 65 66  229
 54 77  1
 54 75 76  1
 50 54  1
 40  229
 32  767
 32 77  25
 32 75 76  25
 32 54  13
 32 54 77  1
 32 54 75 76  1
 32 50  25
 32 50 54  1
 30 31  767
 30 31 77  25
 30 31 75 76  25
 30 31 54  13
 30 31 54 77  1
 30 31 54 75 76  1
 30 31 50  25
 30 31 50 54  1
 5  767
 5 77  25
 5 75 76  25
 5 54  13
 5 54 77  1
 5 54 75 76  1
 5 50  25
 5 50 54  1
 74  283
 72 73  283
 67 74  29
 67 72 73  29
 65 66 74  29
 65 66 72 73  29
 50 51  635
 49 50  2763
 48 49  47
 48 49 51  15
 48 49 50  63
 47  283
 47 67  29
 47 65 66  29
 40 74  29
 40 72 73  29
 40 47  29
 35 36  65
 32 74  3
 32 72 73  3
 32 47  3
 30 31 74  3
 30 31 72 73  3
 30 31 47  3
 25  189
 24 50  227
 24 48 49  15
 23 51  7
 23 49 50  7
 23 24  7
 10  15
 5 74  3
 5 72 73  3
 5 47  3
 65 76  5
 65 74 75  5
 63  481
 63 64 76  5
 63 64 74 75  5
 62  383
 62 78  7
 62 76  9
 62 74 75  11
 62 74 75 77  1
 62 65 76  1
 62 65 74 75  1
 62 63  155
 62 63 64 76  1
 62 63 64 74 75  1
 61 62  535
 50 62 76  1
 50 62 74 75  1
 49 65  5
 49 63 64  5
 49 62 77  1
 49 62 75 76  1
 49 62 65  1
 49 62 63 64  1
 38 76  13
 38 74 75  13
 38 62 76  1
 38 62 74 75  1
 38 49  13
 38 49 62  1
 64 75  7
 64 74  9
 64 73 74  7
 64 72 73  9
 62 74  33
 62 72 73  33
 61 76  1
 61 74 75  1
 61 62 75  37
 61 62 74  41
 61 62 73 74  39
 61 62 72 73  41
 60 61  283
 60 61 74  33
 60 61 72 73  33
 60 61 63  57
 60 61 63 75  7
 60 61 63 74  9
 60 61 63 73 74  7
 60 61 63 72 73  9
 60 61 62  57
 60 61 62 75  7
 60 61 62 74  9
 60 61 62 73 74  7
 60 61 62 72 73  9
 59 60  31
 59 60 76  1
 59 60 74 75  1
 59 60 62  3
 58 64  3
 58 62  9
 58 61 62  25
 58 60 61  9
 58 60 61 63  3
 58 60 61 62  3
 57  3
 49 75  23
 49 74  9
 49 73 74  23
 49 72 73  9
 49 61  1
 49 59 60  1
 49 58  7
 48  241
 48 64  7
 48 61 62  37
 48 60 61 63  7
 48 60 61 62  7
 47 64  9
 47 62  33
 47 61 62  41
 47 60 61  33
 47 60 61 63  9
 47 60 61 62  9
 47 49  9
 47 48  89
 47 48 75  7
 47 48 74  9
 47 48 73 74  7
 47 48 72 73  9
 47 48 58  3
 46 47  1
 37 75  7
 37 74  9
 37 73 74  7
 37 72 73  9
 37 58  3
 37 48  7
 37 47  9
 36 62 75  7
 36 62 74  9
 36 62 73 74  7
 36 62 72 73  9
 36 60 61  57
 36 60 61 75  7
 36 60 61 74  9
 36 60 61 73 74  7
 36 60 61 72 73  9
 36 58 62  3
 36 58 60 61  3
 36 48 62  7
 36 48 60 61  7
 36 47 62  9
 36 47 60 61  9
 35 74  33
 35 72 73  33
 35 63 75  7
 35 63 74  9
 35 63 73 74  7
 35 63 72 73  9
 35 61  3
 35 61 62 75  7
 35 61 62 74  9
 35 61 62 73 74  7
 35 61 62 72 73  9
 35 59 60  3
 35 58  9
 35 58 63  3
 35 58 61 62  3
 35 48 63  7
 35 48 61 62  7
 35 47  33
 35 47 63  9
 35 47 61 62  9
 35 36 75  7
 35 36 74  9
 35 36 73 74  7
 35 36 72 73  9
 35 36 58  3
 35 36 48  7
 35 36 47  9
 34 76  1
 34 74 75  1
 34 62  3
 34 60 61  3
 34 49  1
 22  57
 22 75  7
 22 74  9
 22 73 74  7
 22 72 73  9
 22 58  3
 22 48  7
 22 47  9
 21  1
 16 17  1
 7 8  1
 69  31
 67 68  31
 52 78  5
 52 77  33
 52 76 77  9
 52 75 76  37
 51 77  229
 51 76  141
 51 75 76  263
 51 74 75  149
 51 63  51
 51 61 62  51
 51 52 78  37
 51 52 77  89
 51 52 76  19
 51 52 76 77  49
 51 52 75 76  97
 51 52 74 75  19
 50 52  33
 50 51 52  89
 49 51  141
 49 51 52  19
 49 50 52  217
 38 78  13
 38 77  41
 38 76 77  17
 38 75 76  45
 38 51  13
 38 50  41
 36 51  51
 32 49 50  327
 30 31 49 50  327
 26  273
 26 78  33
 26 77  53
 26 76  11
 26 76 77  41
 26 75 76  57
 26 74 75  11
 26 51  33
 26 50  53
 26 49  11
 24 52  169
 24 32  291
 24 30 31  291
 17 51  15
 5 49 50  327
 5 24  291
 56  65
 27  9
 23 63  1
 33 34 63  1
 33 34 61 62  1
 33 34 36  1
 8  9
 8 63  1
 8 61 62  1
 8 36  1
 67 76  9
 67 74 75  9
 65 66 76  9
 65 66 74 75  9
 49 67  9
 49 65 66  9
 40 76  9
 40 74 75  9
 40 49  9
 75 76 78  9
 75 76 77  9
 65 78  9
 65 77  9
 65 76 77  9
 65 75 76  9
 63 64 78  9
 63 64 77  9
 63 64 76 77  9
 63 64 75 76  9
 53 79  11
 53 77 78  15
 52 53  11
 51 65  9
 51 63 64  9
 50 78  9
 50 76 77  9
 50 65  9
 50 63 64  9
 59 76  3
 59 74 75  3
 49 60 61  7
 49 59  3
 47 48 62  5
 47 48 60 61  5
 35 49  7
 35 47 48  5
 52 78 79  7
 51 60 61  11
 49 50 60 61  11
 35 51  11
 35 49 50  11
 24 62  11
 24 60 61  11
 24 35  11
 76 77 78  3
 74 75 77 78 79  1
 66 76  1
 66 74 75  1
 64 65 76  1
 64 65 74 75  1
 55  3
 55 62  1
 54 76  1
 54 74 75  1
 54 62  1
 53 76 79  1
 53 76 77 78  1
 53 74 75 79  1
 53 74 75 77 78  1
 52 76 78 79  1
 52 74 75 78 79  1
 52 53 76  1
 52 53 74 75  1
 51 54  15
 49 77 78 79  1
 49 66  1
 49 64 65  1
 49 54  1
 49 53 79  1
 49 53 77 78  1
 49 52 78 79  1
 49 52 53  1
 49 50 79  17
 49 50 77 78  17
 49 50 54  15
 39 76  1
 39 74 75  1
 39 49  1
 25 26  3
 24 79  17
 24 77 78  17
 24 54  15
 73  3
 71 72  3
 46  3
 60 61 77  23
 50 60 61  23
 35 77  23
 35 50  23
 22 62  3
 22 60 61  3
 22 35  3
 59 79  3
 59 77 78  3
 58 79  3
 58 77 78  3
 52 59  3
 52 58  3
 59 62  1
 35 59  1
 77 79  1
 76 78  1
 76 77 79  1
 75 76 79  1
 75 76 78 79  1
 75 76 77 78  1
 74 75 78  1
 74 75 76 77  1
 66 79  1
 66 77 78  1
 64 78  1
 64 77  1
 64 76  1
 64 76 77  1
 64 75 76  1
 64 74 75  1
 64 65 79  1
 64 65 77 78  1
 63 78  1
 63 77  21
 63 76 77  1
 62 63 79  1
 62 63 77 78  1
 62 63 76  1
 62 63 74 75  1
 61 62 78  1
 61 62 77  21
 61 62 76 77  1
 54 79  1
 54 77 78  1
 52 66  1
 52 64 65  1
 52 62 63  1
 52 54  1
 51 78 79  1
 51 64  1
 50 79  1
 50 78 79  1
 50 77 78  1
 50 64  1
 50 63  21
 50 61 62  21
 49 78  1
 49 76 77  1
 49 64  1
 49 62 63  1
 39 79  1
 39 77 78  1
 39 52  1
 37 79  1
 37 77 78  1
 37 76  1
 37 74 75  1
 37 52  1
 37 49  1
 36 78  1
 36 77  21
 36 76 77  1
 36 50  21
 18 78  1
 18 77  1
 18 76 77  1
 18 75 76  1
 18 51  1
 18 50  1
 17 78  1
 17 77  1
 17 76 77  1
 17 75 76  1
 17 50  1
 63 75 77  3
 63 74 77  3
 63 74 75 76  3
 63 73 74 77  3
 63 73 74 75 76  3
 63 72 73 77  3
 63 72 73 75 76  3
 62 75 77  3
 62 74 77  3
 62 73 74 77  3
 62 73 74 75 76  3
 62 72 73 77  3
 62 72 73 75 76  3
 61 62 75 77  3
 61 62 74 77  3
 61 62 74 75 76  3
 61 62 73 74 77  3
 61 62 73 74 75 76  3
 61 62 72 73 77  3
 61 62 72 73 75 76  3
 60 61 75 77  3
 60 61 74 77  3
 60 61 74 75 76  3
 60 61 73 74 77  3
 60 61 73 74 75 76  3
 60 61 72 73 77  3
 60 61 72 73 75 76  3
 50 63 75  3
 50 63 74  3
 50 63 73 74  3
 50 63 72 73  3
 50 62 75  3
 50 62 74  3
 50 62 73 74  3
 50 62 72 73  3
 50 61 62 75  3
 50 61 62 74  3
 50 61 62 73 74  3
 50 61 62 72 73  3
 50 60 61 75  3
 50 60 61 74  3
 50 60 61 73 74  3
 50 60 61 72 73  3
 48 63 77  3
 48 63 75 76  3
 48 62 77  3
 48 62 75 76  3
 48 61 62 77  3
 48 61 62 75 76  3
 48 60 61 77  3
 48 60 61 75 76  3
 48 50 63  3
 48 50 62  3
 48 50 61 62  3
 48 50 60 61  3
 47 63 77  3
 47 63 75 76  3
 47 62 77  3
 47 62 75 76  3
 47 61 62 77  3
 47 61 62 75 76  3
 47 60 61 77  3
 47 60 61 75 76  3
 47 50 63  3
 47 50 62  3
 47 50 61 62  3
 47 50 60 61  3
 36 75 77  3
 36 74 77  3
 36 74 75 76  3
 36 73 74 77  3
 36 73 74 75 76  3
 36 72 73 77  3
 36 72 73 75 76  3
 36 50 75  3
 36 50 74  3
 36 50 73 74  3
 36 50 72 73  3
 36 48 77  3
 36 48 75 76  3
 36 48 50  3
 36 47 77  3
 36 47 75 76  3
 36 47 50  3
 35 75 77  3
 35 74 77  3
 35 74 75 76  3
 35 73 74 77  3
 35 73 74 75 76  3
 35 72 73 77  3
 35 72 73 75 76  3
 35 50 75  3
 35 50 74  3
 35 50 73 74  3
 35 50 72 73  3
 35 48 77  3
 35 48 75 76  3
 35 48 50  3
 35 47 77  3
 35 47 75 76  3
 35 47 50  3
 32 63  19
 32 63 74  1
 32 63 72 73  1
 32 62  1
 32 62 74  1
 32 62 72 73  1
 32 61 62  19
 32 61 62 74  1
 32 61 62 72 73  1
 32 60 61  1
 32 60 61 74  1
 32 60 61 72 73  1
 32 47 63  1
 32 47 62  1
 32 47 61 62  1
 32 47 60 61  1
 32 36  19
 32 36 74  1
 32 36 72 73  1
 32 36 47  1
 32 35  1
 32 35 74  1
 32 35 72 73  1
 32 35 47  1
 30 31 63  19
 30 31 63 74  1
 30 31 63 72 73  1
 30 31 62  1
 30 31 62 74  1
 30 31 62 72 73  1
 30 31 61 62  19
 30 31 61 62 74  1
 30 31 61 62 72 73  1
 30 31 60 61  1
 30 31 60 61 74  1
 30 31 60 61 72 73  1
 30 31 47 63  1
 30 31 47 62  1
 30 31 47 61 62  1
 30 31 47 60 61  1
 30 31 36  19
 30 31 36 74  1
 30 31 36 72 73  1
 30 31 36 47  1
 30 31 35  1
 30 31 35 74  1
 30 31 35 72 73  1
 30 31 35 47  1
 5 63  19
 5 63 74  1
 5 63 72 73  1
 5 62  1
 5 62 74  1
 5 62 72 73  1
 5 61 62  19
 5 61 62 74  1
 5 61 62 72 73  1
 5 60 61  1
 5 60 61 74  1
 5 60 61 72 73  1
 5 47 63  1
 5 47 62  1
 5 47 61 62  1
 5 47 60 61  1
 5 36  19
 5 36 74  1
 5 36 72 73  1
 5 36 47  1
 5 35  1
 5 35 74  1
 5 35 72 73  1
 5 35 47  1
 32 52  3
 32 51 78  9
 32 51 77  9
 32 51 76  27
 32 51 76 77  9
 32 51 75 76  9
 32 51 74 75  27
 32 51 63  9
 32 51 61 62  9
 32 51 54  3
 32 49 51  27
 32 49 50 78  9
 32 49 50 77  9
 32 49 50 76  27
 32 49 50 76 77  9
 32 49 50 75 76  9
 32 49 50 74 75  27
 32 49 50 63  9
 32 49 50 61 62  9
 32 49 50 54  3
 32 49 50 51  9
 32 36 51  9
 32 36 49 50  9
 30 31 52  3
 30 31 51 78  9
 30 31 51 77  9
 30 31 51 76  27
 30 31 51 76 77  9
 30 31 51 75 76  9
 30 31 51 74 75  27
 30 31 51 63  9
 30 31 51 61 62  9
 30 31 51 54  3
 30 31 49 51  27
 30 31 49 50 78  9
 30 31 49 50 77  9
 30 31 49 50 76  27
 30 31 49 50 76 77  9
 30 31 49 50 75 76  9
 30 31 49 50 74 75  27
 30 31 49 50 63  9
 30 31 49 50 61 62  9
 30 31 49 50 54  3
 30 31 49 50 51  9
 30 31 36 51  9
 30 31 36 49 50  9
 25 32  3
 25 30 31  3
 24 32 78  9
 24 32 77  9
 24 32 76  27
 24 32 76 77  9
 24 32 75 76  9
 24 32 74 75  27
 24 32 63  9
 24 32 61 62  9
 24 32 54  3
 24 32 51  9
 24 32 50  9
 24 32 49  27
 24 32 36  9
 24 30 31 78  9
 24 30 31 77  9
 24 30 31 76  27
 24 30 31 76 77  9
 24 30 31 75 76  9
 24 30 31 74 75  27
 24 30 31 63  9
 24 30 31 61 62  9
 24 30 31 54  3
 24 30 31 51  9
 24 30 31 50  9
 24 30 31 49  27
 24 30 31 36  9
 5 52  3
 5 51 78  9
 5 51 77  9
 5 51 76  27
 5 51 76 77  9
 5 51 75 76  9
 5 51 74 75  27
 5 51 63  9
 5 51 61 62  9
 5 51 54  3
 5 49 51  27
 5 49 50 78  9
 5 49 50 77  9
 5 49 50 76  27
 5 49 50 76 77  9
 5 49 50 75 76  9
 5 49 50 74 75  27
 5 49 50 63  9
 5 49 50 61 62  9
 5 49 50 54  3
 5 49 50 51  9
 5 36 51  9
 5 36 49 50  9
 5 25  3
 5 24 78  9
 5 24 77  9
 5 24 76  27
 5 24 76 77  9
 5 24 75 76  9
 5 24 74 75  27
 5 24 63  9
 5 24 61 62  9
 5 24 54  3
 5 24 51  9
 5 24 50  9
 5 24 49  27
 5 24 36  9
 16 51 79  1
 16 51 77 78  1
 16 51 52  1
 16 49 50 79  1
 16 49 50 77 78  1
 16 49 50 52  1
 16 24 79  1
 16 24 77 78  1
 16 24 52  1
 32 33  1
 53 59 76  1
 53 59 74 75  1
 51 52 59 76  1
 51 52 59 74 75  1
 49 53 59  1
 49 51 52 59  1
 26 59 76  1
 26 59 74 75  1
 26 49 59  1
 59 65  1
 59 63 64  1
 38 59  1
