  305371
 72  13853
 70  3791
 70 71  13997
 67 68  377
 64  1131
 63  1081
 60  10317
 59  16533
 57  42873
 56  6097
 56 60  123
 49  3259
 45  13901
 43  3847
 41  9385
 33  835
 18  101
 10  8537
 77  119
 75 76  617
 74  689
 60 61  1825
 56 62  165
 50  717
 48  793
 48 49  155
 47  689
 35 56  165
 78  383
 74 75 77  385
 61 62  999
 54  199
 51  1579
 50 76  393
 50 74 75  399
 49 77  379
 36  887
 32 78  9
 32 75 76  9
 32 74 75 77  9
 32 74 75 76  9
 32 63  35
 32 61 62  39
 32 50 76  9
 32 50 74 75  9
 32 49  47
 32 49 77  9
 32 49 75 76  9
 32 49 50  261
 32 36  35
 30 31 78  9
 30 31 75 76  9
 30 31 74 75 77  9
 30 31 74 75 76  9
 30 31 63  35
 30 31 61 62  39
 30 31 50 76  9
 30 31 50 74 75  9
 30 31 49  47
 30 31 49 77  9
 30 31 49 75 76  9
 30 31 49 50  261
 30 31 36  35
 17 32  9
 17 30 31  9
 5 78  9
 5 75 76  9
 5 74 75 77  9
 5 74 75 76  9
 5 63  35
 5 61 62  39
 5 50 76  9
 5 50 74 75  9
 5 49  47
 5 49 77  9
 5 49 75 76  9
 5 49 50  261
 5 36  35
 5 17  9
 0  191
 63 76  23
 63 74 75  23
 61 62 76  35
 61 62 74 75  35
 60 61 63  97
 51 63  75
 51 63 76  9
 51 63 74 75  9
 51 61 62  91
 51 61 62 76  13
 51 61 62 74 75  13
 49 63  23
 49 61 62  35
 49 51 63  9
 49 51 61 62  13
 49 50 76  185
 49 50 74 75  193
 49 50 63 76  9
 49 50 63 74 75  9
 49 50 61 62 76  13
 49 50 61 62 74 75  13
 36 76  23
 36 74 75  23
 36 62  97
 36 60 61  97
 36 51  75
 36 51 76  9
 36 51 74 75  9
 36 49  23
 36 49 51  9
 36 49 50 76  9
 36 49 50 74 75  9
 35 63  97
 35 61 62  97
 24 63  75
 24 63 76  9
 24 63 74 75  9
 24 61 62  91
 24 61 62 76  13
 24 61 62 74 75  13
 24 49 63  9
 24 49 61 62  13
 24 36  75
 24 36 76  9
 24 36 74 75  9
 24 36 49  9
 22  109
 15 16  3
 6 7  3
 41 42  51
 59 76  41
 59 74 75  47
 49 59  41
 49 50 59  45
 32 59 76  1
 32 59 74 75  1
 32 51 59 76  1
 32 51 59 74 75  1
 32 49 59  1
 32 49 51  37
 32 49 51 59  1
 32 49 50 59  7
 32 49 50 59 76  1
 32 49 50 59 74 75  1
 30 31 59 76  1
 30 31 59 74 75  1
 30 31 51 59 76  1
 30 31 51 59 74 75  1
 30 31 49 59  1
 30 31 49 51  37
 30 31 49 51 59  1
 30 31 49 50 59  7
 30 31 49 50 59 76  1
 30 31 49 50 59 74 75  1
 24 32 59 76  1
 24 32 59 74 75  1
 24 32 49  37
 24 32 49 59  1
 24 30 31 59 76  1
 24 30 31 59 74 75  1
 24 30 31 49  37
 24 30 31 49 59  1
 5 59 76  1
 5 59 74 75  1
 5 51 59 76  1
 5 51 59 74 75  1
 5 49 59  1
 5 49 51  37
 5 49 51 59  1
 5 49 50 59  7
 5 49 50 59 76  1
 5 49 50 59 74 75  1
 5 24 59 76  1
 5 24 59 74 75  1
 5 24 49  37
 5 24 49 59  1
 73  71
 71 72  71
 46  71
 72 73 75  77
 66 67 69  3
 66 67 68  3
 61  427
 56 77  1
 56 74 75  17
 56 73 74 76  1
 56 73 74 75  1
 55  69
 53 54  3
 50 56  1
 49 56  21
 49 56 75  1
 49 56 73 74  1
 48 74  77
 48 72 73  77
 48 56 76  1
 48 56 74 75  1
 48 49 56  1
 47 75  77
 47 73 74  77
 42 68  3
 42 66 67  3
 41 69  3
 41 67 68  3
 34  83
 26 27  7
 17 75  7
 17 74  7
 17 73 74  7
 17 72 73  7
 17 48  7
 17 47  7
 7 56  1
 1  7
 72 78  1
 72 75 76  1
 72 74 75 77  1
 72 74 75 76  1
 70 71 78  1
 70 71 75 76  1
 70 71 74 75 77  1
 70 71 74 75 76  1
 63 72  5
 63 70 71  5
 61 62 72  5
 61 62 70 71  5
 60 78  1
 60 75 76  1
 60 74 75 77  1
 60 74 75 76  1
 60 63  5
 59 78  1
 59 75 76  9
 59 74 75 77  1
 59 74 75 76  1
 59 63  5
 59 61 62  5
 58 63  47
 58 59 78  1
 58 59 75 76  1
 58 59 74 75 77  1
 58 59 74 75 76  1
 58 59 63  5
 58 59 61 62  5
 54 78  1
 54 76  1
 54 75 76  1
 54 74 75  1
 54 74 75 77  1
 54 74 75 76  1
 54 63  1
 54 61 62  1
 52 76  11
 52 74 75  11
 51 72  35
 51 70 71  35
 51 60  35
 51 59  35
 51 58 59  35
 51 54  1
 50 72 76  1
 50 72 74 75  1
 50 70 71 76  1
 50 70 71 74 75  1
 50 60 76  1
 50 60 74 75  1
 50 59 76  1
 50 59 74 75  1
 50 58 59 76  1
 50 58 59 74 75  1
 50 54 76  1
 50 54 74 75  1
 49 72 77  1
 49 72 75 76  1
 49 70 71 77  1
 49 70 71 75 76  1
 49 60 77  1
 49 60 75 76  1
 49 59 77  1
 49 59 75 76  1
 49 58  79
 49 58 59 77  1
 49 58 59 75 76  1
 49 54  1
 49 54 77  1
 49 54 75 76  1
 49 52  11
 49 50 72  35
 49 50 70 71  35
 49 50 60  35
 49 50 58 59  35
 49 50 54  1
 45 78  1
 45 75 76  1
 45 74 75 77  1
 45 74 75 76  1
 45 63  5
 45 61 62  5
 45 51  35
 45 50 76  1
 45 50 74 75  1
 45 49 77  1
 45 49 75 76  1
 45 49 50  35
 36 72  5
 36 70 71  5
 36 60  5
 36 59  5
 36 58  47
 36 58 59  5
 36 54  1
 36 45  5
 25 76  11
 25 74 75  11
 25 49  11
 17 78  1
 17 75 76  1
 17 74 75 77  1
 17 74 75 76  1
 17 72  1
 17 70 71  1
 17 63  1
 17 61 62  1
 17 60  1
 17 59  1
 17 58  19
 17 58 78  1
 17 58 75 76  1
 17 58 74 75 77  1
 17 58 74 75 76  1
 17 58 63  1
 17 58 61 62  1
 17 58 59  1
 17 54  1
 17 51  21
 17 51 58  1
 17 50 76  1
 17 50 74 75  1
 17 50 58 76  1
 17 50 58 74 75  1
 17 49 77  1
 17 49 75 76  1
 17 49 58 77  1
 17 49 58 75 76  1
 17 49 50  21
 17 49 50 58  1
 17 45  1
 17 36  1
 17 36 58  1
 55 56  29
 32 59  9
 32 51 78  3
 32 51 75 76  3
 32 51 74 75 77  3
 32 51 74 75 76  3
 32 50 51 76  3
 32 50 51 74 75  3
 32 49 51 77  3
 32 49 51 75 76  3
 32 49 50 78  3
 32 49 50 77  3
 32 49 50 74 75 77  3
 32 49 50 74 75 76  3
 30 31 59  9
 30 31 51 78  3
 30 31 51 75 76  3
 30 31 51 74 75 77  3
 30 31 51 74 75 76  3
 30 31 50 51 76  3
 30 31 50 51 74 75  3
 30 31 49 51 77  3
 30 31 49 51 75 76  3
 30 31 49 50 78  3
 30 31 49 50 77  3
 30 31 49 50 74 75 77  3
 30 31 49 50 74 75 76  3
 24 50 76  21
 24 50 74 75  21
 24 49 50  21
 24 32 78  3
 24 32 75 76  3
 24 32 74 75 77  3
 24 32 74 75 76  3
 24 32 51  3
 24 32 50 76  3
 24 32 50 74 75  3
 24 32 49 77  3
 24 32 49 75 76  3
 24 32 49 50  3
 24 30 31 78  3
 24 30 31 75 76  3
 24 30 31 74 75 77  3
 24 30 31 74 75 76  3
 24 30 31 51  3
 24 30 31 50 76  3
 24 30 31 50 74 75  3
 24 30 31 49 77  3
 24 30 31 49 75 76  3
 24 30 31 49 50  3
 5 59  9
 5 51 78  3
 5 51 75 76  3
 5 51 74 75 77  3
 5 51 74 75 76  3
 5 50 51 76  3
 5 50 51 74 75  3
 5 49 51 77  3
 5 49 51 75 76  3
 5 49 50 78  3
 5 49 50 77  3
 5 49 50 74 75 77  3
 5 49 50 74 75 76  3
 5 24 78  3
 5 24 75 76  3
 5 24 74 75 77  3
 5 24 74 75 76  3
 5 24 51  3
 5 24 50 76  3
 5 24 50 74 75  3
 5 24 49 77  3
 5 24 49 75 76  3
 5 24 49 50  3
 62 77  33
 62 74 75  133
 62 73 74 76  31
 62 73 74 75  31
 60 61 77  33
 60 61 74 75  133
 60 61 73 74 76  31
 60 61 73 74 75  31
 50 62  33
 50 60 61  33
 49 62 75  31
 49 62 73 74  31
 49 60 61 75  31
 49 60 61 73 74  31
 48 62 76  31
 48 62 74 75  31
 48 60 61 76  31
 48 60 61 74 75  31
 48 49 62  31
 48 49 60 61  31
 37 76  15
 37 74 75  15
 37 49  15
 35 77  33
 35 74 75  133
 35 73 74 76  31
 35 73 74 75  31
 35 50  33
 35 49 75  31
 35 49 73 74  31
 35 48 76  31
 35 48 74 75  31
 35 48 49  31
 35 36 76  15
 35 36 74 75  15
 35 36 49  15
 30 76  3
 30 74 75  3
 30 51 76  3
 30 51 74 75  3
 30 49  3
 30 49 51  3
 30 49 50  7
 30 49 50 76  3
 30 49 50 74 75  3
 28 29 76  3
 28 29 74 75  3
 28 29 51 76  3
 28 29 51 74 75  3
 28 29 49  3
 28 29 49 51  3
 28 29 49 50  7
 28 29 49 50 76  3
 28 29 49 50 74 75  3
 24 30 76  3
 24 30 74 75  3
 24 30 49  3
 24 28 29 76  3
 24 28 29 74 75  3
 24 28 29 49  3
 3 76  3
 3 74 75  3
 3 51 76  3
 3 51 74 75  3
 3 49  3
 3 49 51  3
 3 49 50  7
 3 49 50 76  3
 3 49 50 74 75  3
 3 24 76  3
 3 24 74 75  3
 3 24 49  3
 32 42  3
 32 42 51  3
 32 42 49 50  3
 30 31 42  3
 30 31 42 51  3
 30 31 42 49 50  3
 24 32 42  3
 24 30 31 42  3
 5 42  3
 5 42 51  3
 5 42 49 50  3
 5 24 42  3
 62 75  45
 62 74  81
 62 73 74  51
 62 72 73  81
 60 61 75  45
 60 61 74  81
 60 61 73 74  51
 60 61 72 73  81
 48 62  45
 48 60 61  45
 48 49 50  31
 47 62  81
 47 60 61  81
 35 75  45
 35 74  81
 35 73 74  51
 35 72 73  81
 35 48  45
 35 47  81
 24 75  9
 24 73 74  17
 24 48  9
 72 75  5
 70 71 75  5
 70 71 73 74  5
 61 72  3
 61 70 71  3
 59 75  15
 59 73 74  15
 59 61  13
 58 64  13
 48 72  5
 48 70 71  5
 48 59  15
 45 75  5
 45 73 74  5
 45 61  3
 45 48  5
 63 72 75  1
 63 72 74  1
 63 72 73  23
 63 72 73 74  1
 63 70 71 75  1
 63 70 71 74  1
 63 70 71 73 74  1
 63 70 71 72 73  1
 61 62 72 75  1
 61 62 72 74  1
 61 62 72 73  23
 61 62 72 73 74  1
 61 62 70 71 75  1
 61 62 70 71 74  1
 61 62 70 71 73 74  1
 61 62 70 71 72 73  1
 60 63 75  1
 60 63 74  1
 60 63 73 74  1
 60 63 72 73  1
 60 61 62 75  1
 60 61 62 74  1
 60 61 62 73 74  1
 60 61 62 72 73  1
 59 63 75  1
 59 63 74  1
 59 63 73 74  1
 59 63 72 73  1
 59 61 62 75  1
 59 61 62 74  1
 59 61 62 73 74  1
 59 61 62 72 73  1
 58 75  15
 58 74  79
 58 73 74  15
 58 72 73  79
 58 63 75  5
 58 63 74  7
 58 63 73 74  5
 58 63 72 73  7
 58 61 62 75  5
 58 61 62 74  7
 58 61 62 73 74  5
 58 61 62 72 73  7
 58 59 63 75  1
 58 59 63 74  1
 58 59 63 73 74  1
 58 59 63 72 73  1
 58 59 61 62 75  1
 58 59 61 62 74  1
 58 59 61 62 73 74  1
 58 59 61 62 72 73  1
 48 63 72  1
 48 63 70 71  1
 48 61 62 72  1
 48 61 62 70 71  1
 48 60 63  1
 48 60 61 62  1
 48 59 63  1
 48 59 61 62  1
 48 58  15
 48 58 63  5
 48 58 61 62  5
 48 58 59 63  1
 48 58 59 61 62  1
 47 63 72  1
 47 63 70 71  1
 47 61 62 72  1
 47 61 62 70 71  1
 47 60 63  1
 47 60 61 62  1
 47 59 63  1
 47 59 61 62  1
 47 58  79
 47 58 63  7
 47 58 61 62  7
 47 58 59 63  1
 47 58 59 61 62  1
 45 63 75  1
 45 63 74  1
 45 63 73 74  1
 45 63 72 73  1
 45 61 62 75  1
 45 61 62 74  1
 45 61 62 73 74  1
 45 61 62 72 73  1
 45 48 63  1
 45 48 61 62  1
 45 47 63  1
 45 47 61 62  1
 36 72 75  1
 36 72 74  1
 36 72 73  23
 36 72 73 74  1
 36 70 71 75  1
 36 70 71 74  1
 36 70 71 73 74  1
 36 70 71 72 73  1
 36 60 75  1
 36 60 74  1
 36 60 73 74  1
 36 60 72 73  1
 36 59 75  1
 36 59 74  1
 36 59 73 74  1
 36 59 72 73  1
 36 58 75  5
 36 58 74  7
 36 58 73 74  5
 36 58 72 73  7
 36 58 59 75  1
 36 58 59 74  1
 36 58 59 73 74  1
 36 58 59 72 73  1
 36 48 72  1
 36 48 70 71  1
 36 48 60  1
 36 48 59  1
 36 48 58  5
 36 48 58 59  1
 36 47 72  1
 36 47 70 71  1
 36 47 60  1
 36 47 59  1
 36 47 58  7
 36 47 58 59  1
 36 45 75  1
 36 45 74  1
 36 45 73 74  1
 36 45 72 73  1
 36 45 48  1
 36 45 47  1
 56 74  51
 47 56  51
 48 49 51  19
 32 51 63  23
 32 51 61 62  27
 32 49 50 64  5
 32 49 50 63  25
 32 49 50 60 61 63  5
 32 49 50 60 61 62  5
 32 47 48 49 50  7
 32 37 49 50  5
 32 36 51  23
 32 36 49 50  25
 32 36 49 50 62  5
 32 36 49 50 60 61  5
 32 35 49 50 63  5
 32 35 49 50 61 62  5
 32 35 36 49 50  5
 30 31 51 63  23
 30 31 51 61 62  27
 30 31 49 50 64  5
 30 31 49 50 63  25
 30 31 49 50 60 61 63  5
 30 31 49 50 60 61 62  5
 30 31 47 48 49 50  7
 30 31 37 49 50  5
 30 31 36 51  23
 30 31 36 49 50  25
 30 31 36 49 50 62  5
 30 31 36 49 50 60 61  5
 30 31 35 49 50 63  5
 30 31 35 49 50 61 62  5
 30 31 35 36 49 50  5
 24 48 49  19
 24 32 63  23
 24 32 61 62  27
 24 32 36  23
 24 30 31 63  23
 24 30 31 61 62  27
 24 30 31 36  23
 23  25
 23 49 50  19
 22 32 49 50  5
 22 30 31 49 50  5
 5 51 63  23
 5 51 61 62  27
 5 49 50 64  5
 5 49 50 63  25
 5 49 50 60 61 63  5
 5 49 50 60 61 62  5
 5 47 48 49 50  7
 5 37 49 50  5
 5 36 51  23
 5 36 49 50  25
 5 36 49 50 62  5
 5 36 49 50 60 61  5
 5 35 49 50 63  5
 5 35 49 50 61 62  5
 5 35 36 49 50  5
 5 24 63  23
 5 24 61 62  27
 5 24 36  23
 5 22 49 50  5
 51 74  23
 51 72 73  23
 49 50 74  23
 49 50 72 73  23
 47 51  23
 47 49 50  23
 75 78  3
 74 78  3
 74 76  7
 73 74 78  3
 73 74 75 77  3
 72 73 78  3
 72 73 76  7
 72 73 75 76  3
 72 73 74 75  7
 72 73 74 75 77  3
 72 73 74 75 76  3
 71 72 74  9
 71 72 73  9
 66  9
 60 62  25
 60 61 72  21
 60 61 70 71  21
 58 59 62  21
 58 59 60 61  21
 56 75  9
 56 73  53
 56 71 72  53
 56 71 72 74  9
 56 71 72 73  9
 56 64  5
 56 63  5
 56 62 78  3
 56 62 76  5
 56 62 75 76  3
 56 62 74 75  5
 56 62 74 75 77  3
 56 62 74 75 76  3
 56 62 72  9
 56 62 70 71  9
 56 62 63  7
 56 61 62  7
 56 60 62  9
 56 60 61 78  3
 56 60 61 76  5
 56 60 61 75 76  3
 56 60 61 74 75  5
 56 60 61 74 75 77  3
 56 60 61 74 75 76  3
 56 60 61 72  9
 56 60 61 70 71  9
 56 59 62  9
 56 59 60 61  9
 56 58 62  9
 56 58 60 61  9
 56 58 59  27
 56 58 59 62  9
 56 58 59 60 61  9
 54 62  21
 54 60 61  21
 54 56 62  9
 54 56 60 61  9
 51 56 62  3
 51 56 60 61  3
 50 75 76  3
 50 74 76  3
 50 73 74 76  3
 50 73 74 75  3
 50 72 73 76  3
 50 72 73 74 75  3
 50 56 62 76  3
 50 56 62 74 75  3
 50 56 60 61 76  3
 50 56 60 61 74 75  3
 49 75 77  3
 49 74  7
 49 74 77  3
 49 74 75 76  3
 49 73 74 77  3
 49 73 74 75 76  3
 49 72 73  7
 49 72 73 77  3
 49 72 73 75 76  3
 49 56 62  5
 49 56 62 77  3
 49 56 62 75 76  3
 49 56 60 61  5
 49 56 60 61 77  3
 49 56 60 61 75 76  3
 49 50 56 62  3
 49 50 56 60 61  3
 48 78  3
 48 75 76  3
 48 74 75 77  3
 48 74 75 76  3
 48 56  9
 48 50 76  3
 48 50 74 75  3
 48 49 77  3
 48 49 75 76  3
 47 78  3
 47 76  7
 47 75 76  3
 47 74 75  7
 47 74 75 77  3
 47 74 75 76  3
 47 73  9
 47 71 72  9
 47 56 73  9
 47 56 71 72  9
 47 50 76  3
 47 50 74 75  3
 47 49  7
 47 49 77  3
 47 49 75 76  3
 47 48 56  5
 46 74  9
 46 72 73  9
 46 56  53
 46 56 74  9
 46 56 72 73  9
 46 47  9
 46 47 56  9
 45 60 61  21
 45 56 62  9
 45 56 60 61  9
 42 75  3
 42 74  3
 42 73 74  3
 42 72 73  3
 42 56 62  3
 42 56 60 61  3
 42 48  3
 42 47  3
 37 56  5
 36 56  5
 35 72  21
 35 70 71  21
 35 60  21
 35 58 59  21
 35 56 78  3
 35 56 76  5
 35 56 75 76  3
 35 56 74 75  5
 35 56 74 75 77  3
 35 56 74 75 76  3
 35 56 72  9
 35 56 70 71  9
 35 56 60  9
 35 56 59  9
 35 56 58  9
 35 56 58 59  9
 35 54  21
 35 54 56  9
 35 51 56  3
 35 50 56 76  3
 35 50 56 74 75  3
 35 49 56  5
 35 49 56 77  3
 35 49 56 75 76  3
 35 49 50 56  3
 35 45  21
 35 45 56  9
 35 42 56  3
 33 56  9
 22 56  5
 18 62  1
 18 60 61  1
 18 35  1
 48 49 51 76  3
 48 49 51 74 75  3
 48 49 50 76  3
 48 49 50 74 75  3
 24 48 49 76  3
 24 48 49 74 75  3
 23 51 76  3
 23 51 74 75  3
 23 49 51  3
 23 49 50 76  3
 23 49 50 74 75  3
 23 24 76  3
 23 24 74 75  3
 23 24 49  3
 10 76  3
 10 74 75  3
 10 49  3
 59 62 77  1
 59 62 76  3
 59 62 73 74 76  3
 59 62 73 74 75  3
 59 60 61 77  1
 59 60 61 76  3
 59 60 61 73 74 76  3
 59 60 61 73 74 75  3
 50 59 62  1
 50 59 60 61  1
 49 59 62  3
 49 59 62 75  3
 49 59 62 73 74  3
 49 59 60 61  3
 49 59 60 61 75  3
 49 59 60 61 73 74  3
 48 59 62 76  3
 48 59 62 74 75  3
 48 59 60 61 76  3
 48 59 60 61 74 75  3
 48 49 59 62  3
 48 49 59 60 61  3
 35 59 77  1
 35 59 76  3
 35 59 73 74 76  3
 35 59 73 74 75  3
 35 50 59  1
 35 49 59  3
 35 49 59 75  3
 35 49 59 73 74  3
 35 48 59 76  3
 35 48 59 74 75  3
 35 48 49 59  3
 7 59  1
 58 60 61 63  1
 58 60 61 62  1
 47 48 58  1
 37 58  1
 36 58 62  1
 36 58 60 61  1
 35 58 63  1
 35 58 61 62  1
 35 36 58  1
 22 58  1
 7 58  1
 32 62 76  3
 32 62 74 75  3
 32 60 61 76  3
 32 60 61 74 75  3
 32 49 62  3
 32 49 60 61  3
 32 35 76  3
 32 35 74 75  3
 32 35 49  3
 30 31 62 76  3
 30 31 62 74 75  3
 30 31 60 61 76  3
 30 31 60 61 74 75  3
 30 31 49 62  3
 30 31 49 60 61  3
 30 31 35 76  3
 30 31 35 74 75  3
 30 31 35 49  3
 5 62 76  3
 5 62 74 75  3
 5 60 61 76  3
 5 60 61 74 75  3
 5 49 62  3
 5 49 60 61  3
 5 35 76  3
 5 35 74 75  3
 5 35 49  3
 32 64 76  1
 32 64 74 75  1
 32 61 62 76  3
 32 61 62 74 75  3
 32 60 61 63 76  1
 32 60 61 63 74 75  1
 32 60 61 62 76  1
 32 60 61 62 74 75  1
 32 51 64 76  1
 32 51 64 74 75  1
 32 51 61 62 76  3
 32 51 61 62 74 75  3
 32 51 60 61 63 76  1
 32 51 60 61 63 74 75  1
 32 51 60 61 62 76  1
 32 51 60 61 62 74 75  1
 32 49 76  1
 32 49 74 75  1
 32 49 64  1
 32 49 61 62  3
 32 49 60 61 63  1
 32 49 60 61 62  1
 32 49 51 76  1
 32 49 51 74 75  1
 32 49 51 64  1
 32 49 51 61 62  3
 32 49 51 60 61 63  1
 32 49 51 60 61 62  1
 32 49 50 64 76  1
 32 49 50 64 74 75  1
 32 49 50 61 62 76  3
 32 49 50 61 62 74 75  3
 32 49 50 60 61 63 76  1
 32 49 50 60 61 63 74 75  1
 32 49 50 60 61 62 76  1
 32 49 50 60 61 62 74 75  1
 32 47 48 76  1
 32 47 48 74 75  1
 32 47 48 51 76  1
 32 47 48 51 74 75  1
 32 47 48 49  1
 32 47 48 49 51  1
 32 47 48 49 50 76  1
 32 47 48 49 50 74 75  1
 32 37 76  1
 32 37 74 75  1
 32 37 51 76  1
 32 37 51 74 75  1
 32 37 49  1
 32 37 49 51  1
 32 37 49 50 76  1
 32 37 49 50 74 75  1
 32 36 62 76  1
 32 36 62 74 75  1
 32 36 60 61 76  1
 32 36 60 61 74 75  1
 32 36 51 62 76  1
 32 36 51 62 74 75  1
 32 36 51 60 61 76  1
 32 36 51 60 61 74 75  1
 32 36 49 62  1
 32 36 49 60 61  1
 32 36 49 51 62  1
 32 36 49 51 60 61  1
 32 36 49 50 62 76  1
 32 36 49 50 62 74 75  1
 32 36 49 50 60 61 76  1
 32 36 49 50 60 61 74 75  1
 32 35 63 76  1
 32 35 63 74 75  1
 32 35 61 62 76  1
 32 35 61 62 74 75  1
 32 35 51 63 76  1
 32 35 51 63 74 75  1
 32 35 51 61 62 76  1
 32 35 51 61 62 74 75  1
 32 35 49 63  1
 32 35 49 61 62  1
 32 35 49 51 63  1
 32 35 49 51 61 62  1
 32 35 49 50 63 76  1
 32 35 49 50 63 74 75  1
 32 35 49 50 61 62 76  1
 32 35 49 50 61 62 74 75  1
 32 35 36 76  1
 32 35 36 74 75  1
 32 35 36 51 76  1
 32 35 36 51 74 75  1
 32 35 36 49  1
 32 35 36 49 51  1
 32 35 36 49 50 76  1
 32 35 36 49 50 74 75  1
 30 31 64 76  1
 30 31 64 74 75  1
 30 31 61 62 76  3
 30 31 61 62 74 75  3
 30 31 60 61 63 76  1
 30 31 60 61 63 74 75  1
 30 31 60 61 62 76  1
 30 31 60 61 62 74 75  1
 30 31 51 64 76  1
 30 31 51 64 74 75  1
 30 31 51 61 62 76  3
 30 31 51 61 62 74 75  3
 30 31 51 60 61 63 76  1
 30 31 51 60 61 63 74 75  1
 30 31 51 60 61 62 76  1
 30 31 51 60 61 62 74 75  1
 30 31 49 76  1
 30 31 49 74 75  1
 30 31 49 64  1
 30 31 49 61 62  3
 30 31 49 60 61 63  1
 30 31 49 60 61 62  1
 30 31 49 51 76  1
 30 31 49 51 74 75  1
 30 31 49 51 64  1
 30 31 49 51 61 62  3
 30 31 49 51 60 61 63  1
 30 31 49 51 60 61 62  1
 30 31 49 50 64 76  1
 30 31 49 50 64 74 75  1
 30 31 49 50 61 62 76  3
 30 31 49 50 61 62 74 75  3
 30 31 49 50 60 61 63 76  1
 30 31 49 50 60 61 63 74 75  1
 30 31 49 50 60 61 62 76  1
 30 31 49 50 60 61 62 74 75  1
 30 31 47 48 76  1
 30 31 47 48 74 75  1
 30 31 47 48 51 76  1
 30 31 47 48 51 74 75  1
 30 31 47 48 49  1
 30 31 47 48 49 51  1
 30 31 47 48 49 50 76  1
 30 31 47 48 49 50 74 75  1
 30 31 37 76  1
 30 31 37 74 75  1
 30 31 37 51 76  1
 30 31 37 51 74 75  1
 30 31 37 49  1
 30 31 37 49 51  1
 30 31 37 49 50 76  1
 30 31 37 49 50 74 75  1
 30 31 36 62 76  1
 30 31 36 62 74 75  1
 30 31 36 60 61 76  1
 30 31 36 60 61 74 75  1
 30 31 36 51 62 76  1
 30 31 36 51 62 74 75  1
 30 31 36 51 60 61 76  1
 30 31 36 51 60 61 74 75  1
 30 31 36 49 62  1
 30 31 36 49 60 61  1
 30 31 36 49 51 62  1
 30 31 36 49 51 60 61  1
 30 31 36 49 50 62 76  1
 30 31 36 49 50 62 74 75  1
 30 31 36 49 50 60 61 76  1
 30 31 36 49 50 60 61 74 75  1
 30 31 35 63 76  1
 30 31 35 63 74 75  1
 30 31 35 61 62 76  1
 30 31 35 61 62 74 75  1
 30 31 35 51 63 76  1
 30 31 35 51 63 74 75  1
 30 31 35 51 61 62 76  1
 30 31 35 51 61 62 74 75  1
 30 31 35 49 63  1
 30 31 35 49 61 62  1
 30 31 35 49 51 63  1
 30 31 35 49 51 61 62  1
 30 31 35 49 50 63 76  1
 30 31 35 49 50 63 74 75  1
 30 31 35 49 50 61 62 76  1
 30 31 35 49 50 61 62 74 75  1
 30 31 35 36 76  1
 30 31 35 36 74 75  1
 30 31 35 36 51 76  1
 30 31 35 36 51 74 75  1
 30 31 35 36 49  1
 30 31 35 36 49 51  1
 30 31 35 36 49 50 76  1
 30 31 35 36 49 50 74 75  1
 24 32 64 76  1
 24 32 64 74 75  1
 24 32 61 62 76  3
 24 32 61 62 74 75  3
 24 32 60 61 63 76  1
 24 32 60 61 63 74 75  1
 24 32 60 61 62 76  1
 24 32 60 61 62 74 75  1
 24 32 49 76  1
 24 32 49 74 75  1
 24 32 49 64  1
 24 32 49 61 62  3
 24 32 49 60 61 63  1
 24 32 49 60 61 62  1
 24 32 47 48 76  1
 24 32 47 48 74 75  1
 24 32 47 48 49  1
 24 32 37 76  1
 24 32 37 74 75  1
 24 32 37 49  1
 24 32 36 62 76  1
 24 32 36 62 74 75  1
 24 32 36 60 61 76  1
 24 32 36 60 61 74 75  1
 24 32 36 49 62  1
 24 32 36 49 60 61  1
 24 32 35 63 76  1
 24 32 35 63 74 75  1
 24 32 35 61 62 76  1
 24 32 35 61 62 74 75  1
 24 32 35 49 63  1
 24 32 35 49 61 62  1
 24 32 35 36 76  1
 24 32 35 36 74 75  1
 24 32 35 36 49  1
 24 30 31 64 76  1
 24 30 31 64 74 75  1
 24 30 31 61 62 76  3
 24 30 31 61 62 74 75  3
 24 30 31 60 61 63 76  1
 24 30 31 60 61 63 74 75  1
 24 30 31 60 61 62 76  1
 24 30 31 60 61 62 74 75  1
 24 30 31 49 76  1
 24 30 31 49 74 75  1
 24 30 31 49 64  1
 24 30 31 49 61 62  3
 24 30 31 49 60 61 63  1
 24 30 31 49 60 61 62  1
 24 30 31 47 48 76  1
 24 30 31 47 48 74 75  1
 24 30 31 47 48 49  1
 24 30 31 37 76  1
 24 30 31 37 74 75  1
 24 30 31 37 49  1
 24 30 31 36 62 76  1
 24 30 31 36 62 74 75  1
 24 30 31 36 60 61 76  1
 24 30 31 36 60 61 74 75  1
 24 30 31 36 49 62  1
 24 30 31 36 49 60 61  1
 24 30 31 35 63 76  1
 24 30 31 35 63 74 75  1
 24 30 31 35 61 62 76  1
 24 30 31 35 61 62 74 75  1
 24 30 31 35 49 63  1
 24 30 31 35 49 61 62  1
 24 30 31 35 36 76  1
 24 30 31 35 36 74 75  1
 24 30 31 35 36 49  1
 22 32 76  1
 22 32 74 75  1
 22 32 51 76  1
 22 32 51 74 75  1
 22 32 49  1
 22 32 49 51  1
 22 32 49 50 76  1
 22 32 49 50 74 75  1
 22 30 31 76  1
 22 30 31 74 75  1
 22 30 31 51 76  1
 22 30 31 51 74 75  1
 22 30 31 49  1
 22 30 31 49 51  1
 22 30 31 49 50 76  1
 22 30 31 49 50 74 75  1
 22 24 32 76  1
 22 24 32 74 75  1
 22 24 32 49  1
 22 24 30 31 76  1
 22 24 30 31 74 75  1
 22 24 30 31 49  1
 5 64 76  1
 5 64 74 75  1
 5 61 62 76  3
 5 61 62 74 75  3
 5 60 61 63 76  1
 5 60 61 63 74 75  1
 5 60 61 62 76  1
 5 60 61 62 74 75  1
 5 51 64 76  1
 5 51 64 74 75  1
 5 51 61 62 76  3
 5 51 61 62 74 75  3
 5 51 60 61 63 76  1
 5 51 60 61 63 74 75  1
 5 51 60 61 62 76  1
 5 51 60 61 62 74 75  1
 5 49 76  1
 5 49 74 75  1
 5 49 64  1
 5 49 61 62  3
 5 49 60 61 63  1
 5 49 60 61 62  1
 5 49 51 76  1
 5 49 51 74 75  1
 5 49 51 64  1
 5 49 51 61 62  3
 5 49 51 60 61 63  1
 5 49 51 60 61 62  1
 5 49 50 64 76  1
 5 49 50 64 74 75  1
 5 49 50 61 62 76  3
 5 49 50 61 62 74 75  3
 5 49 50 60 61 63 76  1
 5 49 50 60 61 63 74 75  1
 5 49 50 60 61 62 76  1
 5 49 50 60 61 62 74 75  1
 5 47 48 76  1
 5 47 48 74 75  1
 5 47 48 51 76  1
 5 47 48 51 74 75  1
 5 47 48 49  1
 5 47 48 49 51  1
 5 47 48 49 50 76  1
 5 47 48 49 50 74 75  1
 5 37 76  1
 5 37 74 75  1
 5 37 51 76  1
 5 37 51 74 75  1
 5 37 49  1
 5 37 49 51  1
 5 37 49 50 76  1
 5 37 49 50 74 75  1
 5 36 62 76  1
 5 36 62 74 75  1
 5 36 60 61 76  1
 5 36 60 61 74 75  1
 5 36 51 62 76  1
 5 36 51 62 74 75  1
 5 36 51 60 61 76  1
 5 36 51 60 61 74 75  1
 5 36 49 62  1
 5 36 49 60 61  1
 5 36 49 51 62  1
 5 36 49 51 60 61  1
 5 36 49 50 62 76  1
 5 36 49 50 62 74 75  1
 5 36 49 50 60 61 76  1
 5 36 49 50 60 61 74 75  1
 5 35 63 76  1
 5 35 63 74 75  1
 5 35 61 62 76  1
 5 35 61 62 74 75  1
 5 35 51 63 76  1
 5 35 51 63 74 75  1
 5 35 51 61 62 76  1
 5 35 51 61 62 74 75  1
 5 35 49 63  1
 5 35 49 61 62  1
 5 35 49 51 63  1
 5 35 49 51 61 62  1
 5 35 49 50 63 76  1
 5 35 49 50 63 74 75  1
 5 35 49 50 61 62 76  1
 5 35 49 50 61 62 74 75  1
 5 35 36 76  1
 5 35 36 74 75  1
 5 35 36 51 76  1
 5 35 36 51 74 75  1
 5 35 36 49  1
 5 35 36 49 51  1
 5 35 36 49 50 76  1
 5 35 36 49 50 74 75  1
 5 24 64 76  1
 5 24 64 74 75  1
 5 24 61 62 76  3
 5 24 61 62 74 75  3
 5 24 60 61 63 76  1
 5 24 60 61 63 74 75  1
 5 24 60 61 62 76  1
 5 24 60 61 62 74 75  1
 5 24 49 76  1
 5 24 49 74 75  1
 5 24 49 64  1
 5 24 49 61 62  3
 5 24 49 60 61 63  1
 5 24 49 60 61 62  1
 5 24 47 48 76  1
 5 24 47 48 74 75  1
 5 24 47 48 49  1
 5 24 37 76  1
 5 24 37 74 75  1
 5 24 37 49  1
 5 24 36 62 76  1
 5 24 36 62 74 75  1
 5 24 36 60 61 76  1
 5 24 36 60 61 74 75  1
 5 24 36 49 62  1
 5 24 36 49 60 61  1
 5 24 35 63 76  1
 5 24 35 63 74 75  1
 5 24 35 61 62 76  1
 5 24 35 61 62 74 75  1
 5 24 35 49 63  1
 5 24 35 49 61 62  1
 5 24 35 36 76  1
 5 24 35 36 74 75  1
 5 24 35 36 49  1
 5 22 76  1
 5 22 74 75  1
 5 22 51 76  1
 5 22 51 74 75  1
 5 22 49  1
 5 22 49 51  1
 5 22 49 50 76  1
 5 22 49 50 74 75  1
 5 22 24 76  1
 5 22 24 74 75  1
 5 22 24 49  1
 17 32 51  3
 17 32 49 50  3
 17 30 31 51  3
 17 30 31 49 50  3
 17 24 32  3
 17 24 30 31  3
 5 17 51  3
 5 17 49 50  3
 5 17 24  3
 7 58 76  3
 7 58 74 75  3
 7 49 58  3
 7 42 76  1
 7 42 74 75  1
 7 42 49  1
 7 40 41 76  1
 7 40 41 74 75  1
 7 40 41 49  1
 7 15 76  1
 7 15 74 75  1
 7 15 49  1
